X nd y are loaded for temporal feature extraction
X shape is (85641, 10000)
y shape is (85641,)
  0%|          | 0/85641 [00:00<?, ?it/s]  0%|          | 89/85641 [00:00<01:36, 884.84it/s]  0%|          | 196/85641 [00:00<01:26, 989.41it/s]  0%|          | 303/85641 [00:00<01:23, 1024.90it/s]  0%|          | 413/85641 [00:00<01:20, 1052.54it/s]  1%|          | 527/85641 [00:00<01:18, 1080.47it/s]  1%|          | 642/85641 [00:00<01:17, 1103.16it/s]  1%|          | 753/85641 [00:00<01:20, 1050.33it/s]  1%|          | 863/85641 [00:00<01:19, 1065.10it/s]  1%|          | 970/85641 [00:00<01:20, 1053.74it/s]  1%|▏         | 1076/85641 [00:01<01:24, 995.07it/s]  1%|▏         | 1178/85641 [00:01<01:24, 1002.22it/s]  1%|▏         | 1279/85641 [00:01<01:26, 972.11it/s]   2%|▏         | 1377/85641 [00:01<01:26, 974.06it/s]  2%|▏         | 1475/85641 [00:01<01:29, 942.93it/s]  2%|▏         | 1587/85641 [00:01<01:25, 987.60it/s]  2%|▏         | 1693/85641 [00:01<01:23, 1006.61it/s]  2%|▏         | 1795/85641 [00:01<01:24, 995.07it/s]   2%|▏         | 1908/85641 [00:01<01:21, 1033.28it/s]  2%|▏         | 2012/85641 [00:01<01:21, 1030.10it/s]  2%|▏         | 2117/85641 [00:02<01:20, 1035.83it/s]  3%|▎         | 2224/85641 [00:02<01:19, 1044.81it/s]  3%|▎         | 2329/85641 [00:02<01:21, 1019.26it/s]  3%|▎         | 2437/85641 [00:02<01:20, 1034.63it/s]  3%|▎         | 2548/85641 [00:02<01:18, 1056.23it/s]  3%|▎         | 2654/85641 [00:02<01:18, 1055.03it/s]  3%|▎         | 2760/85641 [00:02<01:19, 1044.97it/s]  3%|▎         | 2865/85641 [00:02<01:23, 995.78it/s]   3%|▎         | 2984/85641 [00:02<01:18, 1048.65it/s]  4%|▎         | 3090/85641 [00:03<01:18, 1049.44it/s]  4%|▎         | 3196/85641 [00:03<01:21, 1011.88it/s]  4%|▍         | 3314/85641 [00:03<01:17, 1056.38it/s]  4%|▍         | 3421/85641 [00:03<01:19, 1034.39it/s]  4%|▍         | 3539/85641 [00:03<01:16, 1076.00it/s]  4%|▍         | 3648/85641 [00:03<01:19, 1031.98it/s]  4%|▍         | 3752/85641 [00:03<01:19, 1031.04it/s]  5%|▍         | 3856/85641 [00:03<01:22, 996.48it/s]   5%|▍         | 3957/85641 [00:03<01:22, 993.42it/s]  5%|▍         | 4057/85641 [00:03<01:22, 983.60it/s]  5%|▍         | 4177/85641 [00:04<01:17, 1045.37it/s]  5%|▍         | 4282/85641 [00:04<01:19, 1022.83it/s]  5%|▌         | 4385/85641 [00:04<01:20, 1012.95it/s]  5%|▌         | 4487/85641 [00:04<01:23, 976.25it/s]   5%|▌         | 4594/85641 [00:04<01:20, 1002.49it/s]  5%|▌         | 4699/85641 [00:04<01:19, 1011.80it/s]  6%|▌         | 4812/85641 [00:04<01:17, 1044.35it/s]  6%|▌         | 4917/85641 [00:04<01:17, 1035.64it/s]  6%|▌         | 5021/85641 [00:04<01:20, 1002.03it/s]  6%|▌         | 5122/85641 [00:05<01:20, 1002.01it/s]  6%|▌         | 5239/85641 [00:05<01:16, 1050.87it/s]  6%|▌         | 5345/85641 [00:05<01:18, 1018.42it/s]  6%|▋         | 5448/85641 [00:05<01:18, 1016.71it/s]  6%|▋         | 5559/85641 [00:05<01:17, 1036.51it/s]  7%|▋         | 5679/85641 [00:05<01:13, 1083.54it/s]  7%|▋         | 5788/85641 [00:05<01:14, 1073.40it/s]  7%|▋         | 5915/85641 [00:05<01:10, 1125.96it/s]  7%|▋         | 6028/85641 [00:05<01:13, 1084.41it/s]  7%|▋         | 6137/85641 [00:05<01:13, 1078.13it/s]  7%|▋         | 6246/85641 [00:06<01:14, 1058.92it/s]  7%|▋         | 6353/85641 [00:06<01:14, 1059.33it/s]  8%|▊         | 6460/85641 [00:06<01:20, 978.62it/s]   8%|▊         | 6560/85641 [00:06<01:21, 976.30it/s]  8%|▊         | 6659/85641 [00:06<01:24, 938.02it/s]  8%|▊         | 6759/85641 [00:06<01:22, 953.92it/s]  8%|▊         | 6872/85641 [00:06<01:18, 1002.64it/s]  8%|▊         | 6973/85641 [00:06<01:19, 989.30it/s]   8%|▊         | 7091/85641 [00:06<01:15, 1041.98it/s]  8%|▊         | 7196/85641 [00:07<01:18, 1005.39it/s]  9%|▊         | 7298/85641 [00:07<01:18, 992.78it/s]   9%|▊         | 7402/85641 [00:07<01:17, 1003.30it/s]  9%|▉         | 7503/85641 [00:07<01:18, 999.02it/s]   9%|▉         | 7615/85641 [00:07<01:15, 1033.53it/s]  9%|▉         | 7732/85641 [00:07<01:12, 1072.48it/s]  9%|▉         | 7856/85641 [00:07<01:09, 1118.53it/s]  9%|▉         | 7969/85641 [00:07<01:11, 1092.95it/s]  9%|▉         | 8079/85641 [00:07<01:14, 1046.18it/s] 10%|▉         | 8185/85641 [00:07<01:16, 1009.70it/s] 10%|▉         | 8300/85641 [00:08<01:13, 1048.14it/s] 10%|▉         | 8411/85641 [00:08<01:12, 1062.13it/s] 10%|▉         | 8522/85641 [00:08<01:11, 1074.99it/s] 10%|█         | 8630/85641 [00:08<01:12, 1058.95it/s] 10%|█         | 8737/85641 [00:08<01:12, 1061.97it/s] 10%|█         | 8848/85641 [00:08<01:11, 1072.18it/s] 10%|█         | 8956/85641 [00:08<01:11, 1070.82it/s] 11%|█         | 9064/85641 [00:08<01:12, 1059.96it/s] 11%|█         | 9171/85641 [00:08<01:16, 996.75it/s]  11%|█         | 9272/85641 [00:09<01:20, 954.08it/s] 11%|█         | 9369/85641 [00:09<01:19, 956.54it/s] 11%|█         | 9470/85641 [00:09<01:18, 970.40it/s] 11%|█         | 9584/85641 [00:09<01:14, 1015.07it/s] 11%|█▏        | 9690/85641 [00:09<01:14, 1026.31it/s] 11%|█▏        | 9793/85641 [00:09<01:14, 1021.74it/s] 12%|█▏        | 9896/85641 [00:09<01:15, 1003.23it/s] 12%|█▏        | 10004/85641 [00:09<01:13, 1024.79it/s] 12%|█▏        | 10122/85641 [00:09<01:10, 1069.29it/s] 12%|█▏        | 10233/85641 [00:09<01:09, 1079.91it/s] 12%|█▏        | 10347/85641 [00:10<01:09, 1086.96it/s] 12%|█▏        | 10456/85641 [00:10<01:10, 1061.48it/s] 12%|█▏        | 10563/85641 [00:10<01:11, 1054.54it/s] 12%|█▏        | 10669/85641 [00:10<01:12, 1030.25it/s] 13%|█▎        | 10784/85641 [00:10<01:10, 1062.96it/s] 13%|█▎        | 10893/85641 [00:10<01:09, 1070.48it/s] 13%|█▎        | 11001/85641 [00:10<01:10, 1053.03it/s] 13%|█▎        | 11113/85641 [00:10<01:09, 1065.98it/s] 13%|█▎        | 11220/85641 [00:10<01:10, 1055.24it/s] 13%|█▎        | 11326/85641 [00:10<01:11, 1035.41it/s] 13%|█▎        | 11430/85641 [00:11<01:11, 1034.50it/s] 13%|█▎        | 11537/85641 [00:11<01:11, 1043.58it/s] 14%|█▎        | 11653/85641 [00:11<01:08, 1077.26it/s] 14%|█▎        | 11761/85641 [00:11<01:10, 1054.99it/s] 14%|█▍        | 11867/85641 [00:11<01:12, 1023.66it/s] 14%|█▍        | 11973/85641 [00:11<01:11, 1030.53it/s] 14%|█▍        | 12081/85641 [00:11<01:10, 1038.81it/s] 14%|█▍        | 12186/85641 [00:11<01:11, 1025.53it/s] 14%|█▍        | 12294/85641 [00:11<01:10, 1040.99it/s] 14%|█▍        | 12399/85641 [00:12<01:11, 1017.45it/s] 15%|█▍        | 12513/85641 [00:12<01:09, 1051.61it/s] 15%|█▍        | 12619/85641 [00:12<01:10, 1033.05it/s] 15%|█▍        | 12734/85641 [00:12<01:08, 1066.02it/s] 15%|█▍        | 12841/85641 [00:12<01:09, 1040.41it/s] 15%|█▌        | 12946/85641 [00:12<01:12, 1003.75it/s] 15%|█▌        | 13055/85641 [00:12<01:11, 1018.25it/s] 15%|█▌        | 13167/85641 [00:12<01:09, 1039.06it/s] 15%|█▌        | 13272/85641 [00:12<01:10, 1024.41it/s] 16%|█▌        | 13395/85641 [00:12<01:07, 1073.63it/s] 16%|█▌        | 13503/85641 [00:13<01:08, 1054.34it/s] 16%|█▌        | 13611/85641 [00:13<01:08, 1057.09it/s] 16%|█▌        | 13728/85641 [00:13<01:05, 1089.85it/s] 16%|█▌        | 13838/85641 [00:13<01:06, 1078.62it/s] 16%|█▋        | 13947/85641 [00:13<01:09, 1030.89it/s] 16%|█▋        | 14065/85641 [00:13<01:07, 1063.43it/s] 17%|█▋        | 14182/85641 [00:13<01:05, 1092.71it/s] 17%|█▋        | 14292/85641 [00:13<01:06, 1074.98it/s] 17%|█▋        | 14402/85641 [00:13<01:05, 1079.94it/s] 17%|█▋        | 14511/85641 [00:14<01:08, 1036.83it/s] 17%|█▋        | 14616/85641 [00:14<01:12, 983.64it/s]  17%|█▋        | 14729/85641 [00:14<01:09, 1023.46it/s] 17%|█▋        | 14833/85641 [00:14<01:08, 1026.69it/s] 17%|█▋        | 14937/85641 [00:14<01:09, 1021.77it/s] 18%|█▊        | 15040/85641 [00:14<01:09, 1015.92it/s] 18%|█▊        | 15142/85641 [00:14<01:12, 977.19it/s]  18%|█▊        | 15243/85641 [00:14<01:11, 983.69it/s] 18%|█▊        | 15350/85641 [00:14<01:09, 1008.31it/s] 18%|█▊        | 15456/85641 [00:14<01:09, 1011.80it/s] 18%|█▊        | 15558/85641 [00:15<01:09, 1007.38it/s] 18%|█▊        | 15659/85641 [00:15<01:09, 1002.91it/s] 18%|█▊        | 15760/85641 [00:15<01:09, 998.67it/s]  19%|█▊        | 15874/85641 [00:15<01:07, 1039.53it/s] 19%|█▊        | 16000/85641 [00:15<01:03, 1100.79it/s] 19%|█▉        | 16111/85641 [00:15<01:05, 1060.33it/s] 19%|█▉        | 16226/85641 [00:15<01:03, 1086.16it/s] 19%|█▉        | 16335/85641 [00:15<01:04, 1082.22it/s] 19%|█▉        | 16446/85641 [00:15<01:03, 1090.07it/s] 19%|█▉        | 16556/85641 [00:16<01:03, 1086.99it/s] 19%|█▉        | 16686/85641 [00:16<01:00, 1147.29it/s] 20%|█▉        | 16801/85641 [00:16<01:02, 1094.41it/s] 20%|█▉        | 16912/85641 [00:16<01:05, 1054.41it/s] 20%|█▉        | 17019/85641 [00:16<01:07, 1022.83it/s] 20%|█▉        | 17122/85641 [00:16<01:07, 1013.12it/s] 20%|██        | 17225/85641 [00:16<01:07, 1011.55it/s] 20%|██        | 17330/85641 [00:16<01:06, 1021.24it/s] 20%|██        | 17433/85641 [00:16<01:08, 994.08it/s]  20%|██        | 17533/85641 [00:16<01:08, 993.89it/s] 21%|██        | 17639/85641 [00:17<01:07, 1011.80it/s] 21%|██        | 17741/85641 [00:17<01:07, 998.91it/s]  21%|██        | 17843/85641 [00:17<01:07, 1002.77it/s] 21%|██        | 17952/85641 [00:17<01:06, 1024.79it/s] 21%|██        | 18067/85641 [00:17<01:03, 1059.29it/s] 21%|██        | 18174/85641 [00:17<01:04, 1051.47it/s] 21%|██▏       | 18280/85641 [00:17<01:06, 1016.75it/s] 21%|██▏       | 18391/85641 [00:17<01:04, 1036.50it/s] 22%|██▏       | 18495/85641 [00:17<01:06, 1002.26it/s] 22%|██▏       | 18611/85641 [00:18<01:04, 1046.06it/s] 22%|██▏       | 18717/85641 [00:18<01:06, 1010.89it/s] 22%|██▏       | 18823/85641 [00:18<01:05, 1022.43it/s] 22%|██▏       | 18929/85641 [00:18<01:04, 1026.82it/s] 22%|██▏       | 19032/85641 [00:18<01:06, 1006.14it/s] 22%|██▏       | 19133/85641 [00:18<01:08, 976.56it/s]  22%|██▏       | 19234/85641 [00:18<01:07, 985.74it/s] 23%|██▎       | 19333/85641 [00:18<01:08, 969.71it/s] 23%|██▎       | 19432/85641 [00:18<01:08, 969.29it/s] 23%|██▎       | 19530/85641 [00:18<01:11, 919.08it/s] 23%|██▎       | 19632/85641 [00:19<01:10, 938.23it/s] 23%|██▎       | 19741/85641 [00:19<01:07, 980.63it/s] 23%|██▎       | 19855/85641 [00:19<01:04, 1026.68it/s] 23%|██▎       | 19959/85641 [00:19<01:04, 1019.14it/s] 23%|██▎       | 20062/85641 [00:19<01:06, 991.08it/s]  24%|██▎       | 20170/85641 [00:19<01:04, 1016.47it/s] 24%|██▎       | 20288/85641 [00:19<01:01, 1055.51it/s] 24%|██▍       | 20394/85641 [00:19<01:03, 1022.38it/s] 24%|██▍       | 20497/85641 [00:19<01:04, 1015.97it/s] 24%|██▍       | 20604/85641 [00:20<01:03, 1029.56it/s] 24%|██▍       | 20715/85641 [00:20<01:02, 1046.81it/s] 24%|██▍       | 20820/85641 [00:20<01:02, 1029.35it/s] 24%|██▍       | 20933/85641 [00:20<01:01, 1058.41it/s] 25%|██▍       | 21040/85641 [00:20<01:01, 1053.61it/s] 25%|██▍       | 21148/85641 [00:20<01:00, 1061.36it/s] 25%|██▍       | 21255/85641 [00:20<01:01, 1047.08it/s] 25%|██▍       | 21363/85641 [00:20<01:01, 1048.52it/s] 25%|██▌       | 21487/85641 [00:20<00:58, 1104.59it/s] 25%|██▌       | 21598/85641 [00:20<00:58, 1102.96it/s] 25%|██▌       | 21709/85641 [00:21<01:00, 1052.48it/s] 25%|██▌       | 21815/85641 [00:21<01:02, 1019.83it/s] 26%|██▌       | 21919/85641 [00:21<01:02, 1019.69it/s] 26%|██▌       | 22032/85641 [00:21<01:00, 1051.30it/s] 26%|██▌       | 22138/85641 [00:21<01:01, 1027.98it/s] 26%|██▌       | 22254/85641 [00:21<00:59, 1065.79it/s] 26%|██▌       | 22368/85641 [00:21<00:58, 1085.83it/s] 26%|██▌       | 22477/85641 [00:21<00:59, 1062.23it/s] 26%|██▋       | 22584/85641 [00:21<01:01, 1025.62it/s] 26%|██▋       | 22694/85641 [00:21<01:00, 1043.93it/s] 27%|██▋       | 22820/85641 [00:22<00:56, 1104.92it/s] 27%|██▋       | 22934/85641 [00:22<00:56, 1111.59it/s] 27%|██▋       | 23060/85641 [00:22<00:54, 1153.31it/s] 27%|██▋       | 23176/85641 [00:22<00:56, 1105.69it/s] 27%|██▋       | 23288/85641 [00:22<00:58, 1068.26it/s] 27%|██▋       | 23396/85641 [00:22<00:58, 1060.13it/s] 27%|██▋       | 23503/85641 [00:22<00:59, 1040.89it/s] 28%|██▊       | 23613/85641 [00:22<00:58, 1056.68it/s] 28%|██▊       | 23719/85641 [00:22<01:01, 1010.09it/s] 28%|██▊       | 23821/85641 [00:23<01:01, 1005.42it/s] 28%|██▊       | 23941/85641 [00:23<00:58, 1049.53it/s] 28%|██▊       | 24078/85641 [00:23<00:53, 1140.84it/s] 28%|██▊       | 24193/85641 [00:23<00:55, 1100.88it/s] 28%|██▊       | 24306/85641 [00:23<00:55, 1105.70it/s] 29%|██▊       | 24426/85641 [00:23<00:54, 1131.06it/s] 29%|██▊       | 24540/85641 [00:23<00:56, 1072.16it/s] 29%|██▉       | 24655/85641 [00:23<00:55, 1091.26it/s] 29%|██▉       | 24769/85641 [00:23<00:55, 1101.67it/s] 29%|██▉       | 24880/85641 [00:24<00:57, 1053.48it/s] 29%|██▉       | 24987/85641 [00:24<00:58, 1032.75it/s] 29%|██▉       | 25091/85641 [00:24<01:00, 1001.92it/s] 29%|██▉       | 25200/85641 [00:24<00:58, 1026.65it/s] 30%|██▉       | 25304/85641 [00:24<00:59, 1022.66it/s] 30%|██▉       | 25422/85641 [00:24<00:56, 1062.20it/s] 30%|██▉       | 25529/85641 [00:24<00:58, 1036.02it/s] 30%|██▉       | 25641/85641 [00:24<00:56, 1059.73it/s] 30%|███       | 25748/85641 [00:24<00:58, 1028.01it/s] 30%|███       | 25852/85641 [00:24<00:58, 1018.98it/s] 30%|███       | 25969/85641 [00:25<00:56, 1060.47it/s] 30%|███       | 26089/85641 [00:25<00:54, 1100.84it/s] 31%|███       | 26200/85641 [00:25<00:54, 1092.46it/s] 31%|███       | 26310/85641 [00:25<00:55, 1065.96it/s] 31%|███       | 26417/85641 [00:25<00:55, 1060.93it/s] 31%|███       | 26524/85641 [00:25<00:59, 994.50it/s]  31%|███       | 26635/85641 [00:25<00:57, 1020.50it/s] 31%|███       | 26746/85641 [00:25<00:56, 1039.90it/s] 31%|███▏      | 26851/85641 [00:25<00:57, 1022.07it/s] 31%|███▏      | 26954/85641 [00:26<00:57, 1012.62it/s] 32%|███▏      | 27063/85641 [00:26<00:56, 1031.66it/s] 32%|███▏      | 27167/85641 [00:26<00:58, 1000.30it/s] 32%|███▏      | 27268/85641 [00:26<00:59, 986.91it/s]  32%|███▏      | 27386/85641 [00:26<00:56, 1035.82it/s] 32%|███▏      | 27490/85641 [00:26<00:58, 996.79it/s]  32%|███▏      | 27599/85641 [00:26<00:56, 1021.88it/s] 32%|███▏      | 27713/85641 [00:26<00:54, 1054.01it/s] 32%|███▏      | 27819/85641 [00:26<00:55, 1034.47it/s] 33%|███▎      | 27923/85641 [00:26<00:57, 1007.58it/s] 33%|███▎      | 28028/85641 [00:27<00:56, 1019.65it/s] 33%|███▎      | 28131/85641 [00:27<00:56, 1013.97it/s] 33%|███▎      | 28233/85641 [00:27<00:57, 993.82it/s]  33%|███▎      | 28333/85641 [00:27<00:58, 983.26it/s] 33%|███▎      | 28436/85641 [00:27<00:57, 996.80it/s] 33%|███▎      | 28536/85641 [00:27<00:57, 992.18it/s] 33%|███▎      | 28636/85641 [00:27<00:59, 964.00it/s] 34%|███▎      | 28733/85641 [00:27<01:01, 932.44it/s] 34%|███▎      | 28837/85641 [00:27<00:59, 961.57it/s] 34%|███▍      | 28938/85641 [00:28<00:58, 974.56it/s] 34%|███▍      | 29038/85641 [00:28<00:57, 979.27it/s] 34%|███▍      | 29141/85641 [00:28<00:56, 991.57it/s] 34%|███▍      | 29250/85641 [00:28<00:55, 1017.26it/s] 34%|███▍      | 29359/85641 [00:28<00:54, 1036.53it/s] 34%|███▍      | 29466/85641 [00:28<00:53, 1042.24it/s] 35%|███▍      | 29577/85641 [00:28<00:53, 1050.49it/s] 35%|███▍      | 29693/85641 [00:28<00:51, 1080.38it/s] 35%|███▍      | 29803/85641 [00:28<00:51, 1085.66it/s] 35%|███▍      | 29912/85641 [00:28<00:52, 1056.72it/s] 35%|███▌      | 30018/85641 [00:29<00:54, 1016.71it/s] 35%|███▌      | 30121/85641 [00:29<00:57, 957.90it/s]  35%|███▌      | 30232/85641 [00:29<00:55, 998.58it/s] 35%|███▌      | 30339/85641 [00:29<00:54, 1018.32it/s] 36%|███▌      | 30451/85641 [00:29<00:52, 1044.39it/s] 36%|███▌      | 30557/85641 [00:29<00:54, 1003.64it/s] 36%|███▌      | 30672/85641 [00:29<00:52, 1042.68it/s] 36%|███▌      | 30778/85641 [00:29<00:52, 1039.63it/s] 36%|███▌      | 30883/85641 [00:29<00:52, 1034.75it/s] 36%|███▌      | 30990/85641 [00:29<00:52, 1044.47it/s] 36%|███▋      | 31118/85641 [00:30<00:49, 1106.94it/s] 36%|███▋      | 31229/85641 [00:30<00:52, 1028.19it/s] 37%|███▋      | 31333/85641 [00:30<00:53, 1020.79it/s] 37%|███▋      | 31436/85641 [00:30<00:53, 1013.02it/s] 37%|███▋      | 31551/85641 [00:30<00:51, 1049.28it/s] 37%|███▋      | 31657/85641 [00:30<00:51, 1038.82it/s] 37%|███▋      | 31769/85641 [00:30<00:51, 1055.14it/s] 37%|███▋      | 31877/85641 [00:30<00:50, 1062.20it/s] 37%|███▋      | 31984/85641 [00:30<00:50, 1060.47it/s] 37%|███▋      | 32091/85641 [00:31<00:50, 1060.76it/s] 38%|███▊      | 32215/85641 [00:31<00:48, 1099.84it/s] 38%|███▊      | 32325/85641 [00:31<00:49, 1074.92it/s] 38%|███▊      | 32433/85641 [00:31<00:49, 1075.74it/s] 38%|███▊      | 32541/85641 [00:31<00:51, 1038.96it/s] 38%|███▊      | 32646/85641 [00:31<00:51, 1036.45it/s] 38%|███▊      | 32750/85641 [00:31<00:51, 1036.37it/s] 38%|███▊      | 32854/85641 [00:31<00:51, 1026.42it/s] 38%|███▊      | 32957/85641 [00:31<00:52, 1006.79it/s] 39%|███▊      | 33062/85641 [00:31<00:51, 1013.74it/s] 39%|███▊      | 33164/85641 [00:32<00:55, 952.15it/s]  39%|███▉      | 33260/85641 [00:32<00:55, 949.42it/s] 39%|███▉      | 33359/85641 [00:32<00:54, 958.62it/s] 39%|███▉      | 33456/85641 [00:32<00:54, 956.75it/s] 39%|███▉      | 33552/85641 [00:32<00:58, 893.54it/s] 39%|███▉      | 33658/85641 [00:32<00:55, 938.45it/s] 39%|███▉      | 33774/85641 [00:32<00:51, 998.70it/s] 40%|███▉      | 33875/85641 [00:32<00:53, 962.29it/s] 40%|███▉      | 33999/85641 [00:32<00:50, 1032.79it/s] 40%|███▉      | 34122/85641 [00:33<00:47, 1081.88it/s] 40%|███▉      | 34231/85641 [00:33<00:49, 1042.89it/s] 40%|████      | 34345/85641 [00:33<00:48, 1063.03it/s] 40%|████      | 34458/85641 [00:33<00:47, 1080.93it/s] 40%|████      | 34585/85641 [00:33<00:45, 1134.01it/s] 41%|████      | 34699/85641 [00:33<00:47, 1083.27it/s] 41%|████      | 34809/85641 [00:33<00:47, 1078.56it/s] 41%|████      | 34929/85641 [00:33<00:45, 1111.12it/s] 41%|████      | 35041/85641 [00:33<00:45, 1104.77it/s] 41%|████      | 35152/85641 [00:33<00:46, 1090.21it/s] 41%|████      | 35262/85641 [00:34<00:48, 1048.28it/s] 41%|████▏     | 35373/85641 [00:34<00:47, 1059.21it/s] 41%|████▏     | 35480/85641 [00:34<00:48, 1034.77it/s] 42%|████▏     | 35588/85641 [00:34<00:47, 1047.28it/s] 42%|████▏     | 35693/85641 [00:34<00:48, 1036.37it/s] 42%|████▏     | 35797/85641 [00:34<00:49, 1009.25it/s] 42%|████▏     | 35909/85641 [00:34<00:47, 1040.39it/s] 42%|████▏     | 36041/85641 [00:34<00:44, 1119.63it/s] 42%|████▏     | 36154/85641 [00:34<00:45, 1091.38it/s] 42%|████▏     | 36264/85641 [00:35<00:46, 1070.53it/s] 42%|████▏     | 36372/85641 [00:35<00:46, 1053.76it/s] 43%|████▎     | 36478/85641 [00:35<00:47, 1043.98it/s] 43%|████▎     | 36586/85641 [00:35<00:46, 1053.61it/s] 43%|████▎     | 36692/85641 [00:35<00:46, 1045.43it/s] 43%|████▎     | 36810/85641 [00:35<00:45, 1082.55it/s] 43%|████▎     | 36919/85641 [00:35<00:45, 1082.11it/s] 43%|████▎     | 37028/85641 [00:35<00:45, 1060.89it/s] 43%|████▎     | 37135/85641 [00:35<00:46, 1039.95it/s] 43%|████▎     | 37240/85641 [00:35<00:48, 1006.04it/s] 44%|████▎     | 37343/85641 [00:36<00:47, 1010.14it/s] 44%|████▎     | 37453/85641 [00:36<00:46, 1035.65it/s] 44%|████▍     | 37572/85641 [00:36<00:44, 1078.00it/s] 44%|████▍     | 37681/85641 [00:36<00:44, 1070.60it/s] 44%|████▍     | 37789/85641 [00:36<00:46, 1025.67it/s] 44%|████▍     | 37893/85641 [00:36<00:47, 1009.35it/s] 44%|████▍     | 37995/85641 [00:36<00:47, 996.94it/s]  44%|████▍     | 38101/85641 [00:36<00:46, 1014.86it/s] 45%|████▍     | 38220/85641 [00:36<00:44, 1059.23it/s] 45%|████▍     | 38329/85641 [00:37<00:44, 1065.24it/s] 45%|████▍     | 38436/85641 [00:37<00:44, 1052.19it/s] 45%|████▌     | 38542/85641 [00:37<00:45, 1026.99it/s] 45%|████▌     | 38650/85641 [00:37<00:45, 1041.89it/s] 45%|████▌     | 38774/85641 [00:37<00:42, 1098.63it/s] 45%|████▌     | 38885/85641 [00:37<00:43, 1076.21it/s] 46%|████▌     | 38993/85641 [00:37<00:46, 1006.46it/s] 46%|████▌     | 39095/85641 [00:37<00:47, 988.77it/s]  46%|████▌     | 39199/85641 [00:37<00:46, 1001.69it/s] 46%|████▌     | 39300/85641 [00:37<00:46, 987.55it/s]  46%|████▌     | 39408/85641 [00:38<00:45, 1013.62it/s] 46%|████▌     | 39510/85641 [00:38<00:46, 989.48it/s]  46%|████▋     | 39610/85641 [00:38<00:48, 945.82it/s] 46%|████▋     | 39716/85641 [00:38<00:47, 976.85it/s] 46%|████▋     | 39815/85641 [00:38<00:47, 960.00it/s] 47%|████▋     | 39915/85641 [00:38<00:47, 971.14it/s] 47%|████▋     | 40018/85641 [00:38<00:46, 978.27it/s] 47%|████▋     | 40126/85641 [00:38<00:45, 1005.46it/s] 47%|████▋     | 40227/85641 [00:38<00:45, 995.67it/s]  47%|████▋     | 40334/85641 [00:39<00:44, 1007.71it/s] 47%|████▋     | 40435/85641 [00:39<00:45, 1003.32it/s] 47%|████▋     | 40539/85641 [00:39<00:44, 1012.35it/s] 47%|████▋     | 40642/85641 [00:39<00:44, 1015.72it/s] 48%|████▊     | 40744/85641 [00:39<00:45, 991.86it/s]  48%|████▊     | 40851/85641 [00:39<00:44, 1013.47it/s] 48%|████▊     | 40958/85641 [00:39<00:43, 1028.71it/s] 48%|████▊     | 41062/85641 [00:39<00:43, 1030.12it/s] 48%|████▊     | 41166/85641 [00:39<00:43, 1030.22it/s] 48%|████▊     | 41273/85641 [00:39<00:42, 1040.38it/s] 48%|████▊     | 41378/85641 [00:40<00:44, 992.34it/s]  48%|████▊     | 41478/85641 [00:40<00:44, 991.12it/s] 49%|████▊     | 41578/85641 [00:40<00:46, 942.71it/s] 49%|████▊     | 41673/85641 [00:40<00:47, 933.96it/s] 49%|████▉     | 41779/85641 [00:40<00:45, 965.28it/s] 49%|████▉     | 41888/85641 [00:40<00:43, 996.65it/s] 49%|████▉     | 41989/85641 [00:40<00:44, 991.48it/s] 49%|████▉     | 42089/85641 [00:40<00:44, 971.19it/s] 49%|████▉     | 42191/85641 [00:40<00:44, 983.54it/s] 49%|████▉     | 42303/85641 [00:41<00:42, 1022.05it/s] 50%|████▉     | 42419/85641 [00:41<00:40, 1062.32it/s] 50%|████▉     | 42526/85641 [00:41<00:43, 1000.85it/s] 50%|████▉     | 42639/85641 [00:41<00:41, 1036.02it/s] 50%|████▉     | 42753/85641 [00:41<00:40, 1066.00it/s] 50%|█████     | 42862/85641 [00:41<00:39, 1072.86it/s] 50%|█████     | 42970/85641 [00:41<00:41, 1040.44it/s] 50%|█████     | 43075/85641 [00:41<00:41, 1030.04it/s] 50%|█████     | 43182/85641 [00:41<00:41, 1034.29it/s] 51%|█████     | 43292/85641 [00:41<00:40, 1052.43it/s] 51%|█████     | 43398/85641 [00:42<00:42, 983.67it/s]  51%|█████     | 43504/85641 [00:42<00:42, 992.50it/s] 51%|█████     | 43610/85641 [00:42<00:41, 1007.91it/s] 51%|█████     | 43728/85641 [00:42<00:39, 1052.94it/s] 51%|█████     | 43834/85641 [00:42<00:39, 1052.94it/s] 51%|█████▏    | 43940/85641 [00:42<00:41, 998.24it/s]  51%|█████▏    | 44047/85641 [00:42<00:41, 1005.45it/s] 52%|█████▏    | 44151/85641 [00:42<00:41, 1011.85it/s] 52%|█████▏    | 44253/85641 [00:42<00:40, 1013.72it/s] 52%|█████▏    | 44372/85641 [00:43<00:38, 1064.09it/s] 52%|█████▏    | 44482/85641 [00:43<00:38, 1070.42it/s] 52%|█████▏    | 44590/85641 [00:43<00:40, 1021.67it/s] 52%|█████▏    | 44699/85641 [00:43<00:39, 1039.26it/s] 52%|█████▏    | 44804/85641 [00:43<00:39, 1038.22it/s] 52%|█████▏    | 44909/85641 [00:43<00:39, 1033.72it/s] 53%|█████▎    | 45028/85641 [00:43<00:37, 1075.32it/s] 53%|█████▎    | 45139/85641 [00:43<00:37, 1085.24it/s] 53%|█████▎    | 45248/85641 [00:43<00:37, 1070.92it/s] 53%|█████▎    | 45357/85641 [00:43<00:37, 1074.97it/s] 53%|█████▎    | 45466/85641 [00:44<00:37, 1075.27it/s] 53%|█████▎    | 45587/85641 [00:44<00:36, 1104.26it/s] 53%|█████▎    | 45698/85641 [00:44<00:36, 1083.01it/s] 53%|█████▎    | 45816/85641 [00:44<00:36, 1103.06it/s] 54%|█████▎    | 45927/85641 [00:44<00:36, 1091.37it/s] 54%|█████▍    | 46037/85641 [00:44<00:36, 1091.79it/s] 54%|█████▍    | 46147/85641 [00:44<00:38, 1013.52it/s] 54%|█████▍    | 46250/85641 [00:44<00:39, 999.40it/s]  54%|█████▍    | 46355/85641 [00:44<00:38, 1007.54it/s] 54%|█████▍    | 46457/85641 [00:44<00:40, 977.51it/s]  54%|█████▍    | 46575/85641 [00:45<00:37, 1032.84it/s] 55%|█████▍    | 46706/85641 [00:45<00:35, 1100.65it/s] 55%|█████▍    | 46824/85641 [00:45<00:34, 1120.29it/s] 55%|█████▍    | 46937/85641 [00:45<00:35, 1105.60it/s] 55%|█████▍    | 47048/85641 [00:45<00:35, 1092.60it/s] 55%|█████▌    | 47158/85641 [00:45<00:35, 1070.61it/s] 55%|█████▌    | 47267/85641 [00:45<00:36, 1064.60it/s] 55%|█████▌    | 47374/85641 [00:45<00:37, 1032.93it/s] 55%|█████▌    | 47481/85641 [00:45<00:36, 1043.15it/s] 56%|█████▌    | 47586/85641 [00:46<00:36, 1041.92it/s] 56%|█████▌    | 47691/85641 [00:46<00:36, 1028.95it/s] 56%|█████▌    | 47796/85641 [00:46<00:36, 1031.87it/s] 56%|█████▌    | 47900/85641 [00:46<00:37, 1001.56it/s] 56%|█████▌    | 48013/85641 [00:46<00:36, 1032.15it/s] 56%|█████▌    | 48117/85641 [00:46<00:37, 1011.49it/s] 56%|█████▋    | 48219/85641 [00:46<00:37, 986.61it/s]  56%|█████▋    | 48349/85641 [00:46<00:34, 1072.09it/s] 57%|█████▋    | 48457/85641 [00:46<00:35, 1045.02it/s] 57%|█████▋    | 48563/85641 [00:46<00:35, 1047.46it/s] 57%|█████▋    | 48669/85641 [00:47<00:35, 1030.22it/s] 57%|█████▋    | 48784/85641 [00:47<00:34, 1062.71it/s] 57%|█████▋    | 48891/85641 [00:47<00:35, 1040.18it/s] 57%|█████▋    | 49017/85641 [00:47<00:33, 1089.64it/s] 57%|█████▋    | 49133/85641 [00:47<00:32, 1108.40it/s] 58%|█████▊    | 49252/85641 [00:47<00:32, 1131.79it/s] 58%|█████▊    | 49366/85641 [00:47<00:33, 1090.72it/s] 58%|█████▊    | 49476/85641 [00:47<00:33, 1067.18it/s] 58%|█████▊    | 49597/85641 [00:47<00:32, 1104.94it/s] 58%|█████▊    | 49716/85641 [00:48<00:31, 1129.57it/s] 58%|█████▊    | 49830/85641 [00:48<00:32, 1102.72it/s] 58%|█████▊    | 49941/85641 [00:48<00:33, 1059.23it/s] 58%|█████▊    | 50054/85641 [00:48<00:33, 1067.98it/s] 59%|█████▊    | 50165/85641 [00:48<00:33, 1067.40it/s] 59%|█████▊    | 50273/85641 [00:48<00:34, 1014.76it/s] 59%|█████▉    | 50379/85641 [00:48<00:34, 1024.82it/s] 59%|█████▉    | 50482/85641 [00:48<00:34, 1008.04it/s] 59%|█████▉    | 50584/85641 [00:48<00:35, 993.81it/s]  59%|█████▉    | 50684/85641 [00:48<00:35, 987.53it/s] 59%|█████▉    | 50783/85641 [00:49<00:35, 973.95it/s] 59%|█████▉    | 50887/85641 [00:49<00:35, 986.24it/s] 60%|█████▉    | 50986/85641 [00:49<00:35, 966.85it/s] 60%|█████▉    | 51083/85641 [00:49<00:36, 947.35it/s] 60%|█████▉    | 51187/85641 [00:49<00:35, 968.63it/s] 60%|█████▉    | 51284/85641 [00:49<00:36, 949.87it/s] 60%|██████    | 51389/85641 [00:49<00:35, 977.32it/s] 60%|██████    | 51495/85641 [00:49<00:34, 1001.32it/s] 60%|██████    | 51601/85641 [00:49<00:33, 1018.36it/s] 60%|██████    | 51703/85641 [00:50<00:34, 986.27it/s]  61%|██████    | 51813/85641 [00:50<00:33, 1019.24it/s] 61%|██████    | 51929/85641 [00:50<00:31, 1059.54it/s] 61%|██████    | 52036/85641 [00:50<00:31, 1059.93it/s] 61%|██████    | 52143/85641 [00:50<00:32, 1027.61it/s] 61%|██████    | 52254/85641 [00:50<00:31, 1050.27it/s] 61%|██████    | 52360/85641 [00:50<00:31, 1044.00it/s] 61%|██████▏   | 52480/85641 [00:50<00:30, 1086.99it/s] 61%|██████▏   | 52589/85641 [00:50<00:31, 1064.62it/s] 62%|██████▏   | 52703/85641 [00:50<00:30, 1084.79it/s] 62%|██████▏   | 52812/85641 [00:51<00:30, 1068.05it/s] 62%|██████▏   | 52919/85641 [00:51<00:30, 1058.89it/s] 62%|██████▏   | 53026/85641 [00:51<00:31, 1051.21it/s] 62%|██████▏   | 53132/85641 [00:51<00:31, 1033.14it/s] 62%|██████▏   | 53239/85641 [00:51<00:31, 1040.67it/s] 62%|██████▏   | 53344/85641 [00:51<00:32, 994.76it/s]  62%|██████▏   | 53445/85641 [00:51<00:32, 998.54it/s] 63%|██████▎   | 53546/85641 [00:51<00:33, 961.03it/s] 63%|██████▎   | 53643/85641 [00:51<00:34, 936.94it/s] 63%|██████▎   | 53750/85641 [00:52<00:32, 973.46it/s] 63%|██████▎   | 53853/85641 [00:52<00:32, 988.23it/s] 63%|██████▎   | 53953/85641 [00:52<00:32, 978.24it/s] 63%|██████▎   | 54052/85641 [00:52<00:33, 948.89it/s] 63%|██████▎   | 54148/85641 [00:52<00:33, 946.77it/s] 63%|██████▎   | 54253/85641 [00:52<00:32, 973.60it/s] 63%|██████▎   | 54361/85641 [00:52<00:31, 998.03it/s] 64%|██████▎   | 54462/85641 [00:52<00:31, 999.00it/s] 64%|██████▎   | 54581/85641 [00:52<00:29, 1052.62it/s] 64%|██████▍   | 54687/85641 [00:52<00:29, 1041.33it/s] 64%|██████▍   | 54792/85641 [00:53<00:30, 1001.40it/s] 64%|██████▍   | 54901/85641 [00:53<00:29, 1026.43it/s] 64%|██████▍   | 55005/85641 [00:53<00:30, 1009.58it/s] 64%|██████▍   | 55115/85641 [00:53<00:29, 1034.18it/s] 64%|██████▍   | 55229/85641 [00:53<00:28, 1063.83it/s] 65%|██████▍   | 55336/85641 [00:53<00:29, 1041.06it/s] 65%|██████▍   | 55441/85641 [00:53<00:30, 1002.75it/s] 65%|██████▍   | 55542/85641 [00:53<00:30, 976.41it/s]  65%|██████▍   | 55640/85641 [00:53<00:30, 974.35it/s] 65%|██████▌   | 55748/85641 [00:54<00:29, 996.87it/s] 65%|██████▌   | 55860/85641 [00:54<00:28, 1031.41it/s] 65%|██████▌   | 55964/85641 [00:54<00:29, 1006.53it/s] 65%|██████▌   | 56065/85641 [00:54<00:30, 967.82it/s]  66%|██████▌   | 56176/85641 [00:54<00:29, 1005.50it/s] 66%|██████▌   | 56278/85641 [00:54<00:29, 1008.34it/s] 66%|██████▌   | 56381/85641 [00:54<00:28, 1011.24it/s] 66%|██████▌   | 56492/85641 [00:54<00:28, 1039.34it/s] 66%|██████▌   | 56601/85641 [00:54<00:27, 1050.59it/s] 66%|██████▌   | 56707/85641 [00:54<00:28, 1025.97it/s] 66%|██████▋   | 56810/85641 [00:55<00:28, 1015.71it/s] 66%|██████▋   | 56912/85641 [00:55<00:28, 1001.96it/s] 67%|██████▋   | 57021/85641 [00:55<00:27, 1026.51it/s] 67%|██████▋   | 57124/85641 [00:55<00:28, 1013.21it/s] 67%|██████▋   | 57238/85641 [00:55<00:27, 1048.14it/s] 67%|██████▋   | 57343/85641 [00:55<00:27, 1013.59it/s] 67%|██████▋   | 57454/85641 [00:55<00:27, 1039.36it/s] 67%|██████▋   | 57559/85641 [00:55<00:27, 1033.10it/s] 67%|██████▋   | 57663/85641 [00:55<00:27, 1020.27it/s] 67%|██████▋   | 57766/85641 [00:55<00:27, 1001.73it/s] 68%|██████▊   | 57872/85641 [00:56<00:27, 1017.58it/s] 68%|██████▊   | 57974/85641 [00:56<00:27, 1007.66it/s] 68%|██████▊   | 58075/85641 [00:56<00:29, 932.00it/s]  68%|██████▊   | 58176/85641 [00:56<00:28, 952.11it/s] 68%|██████▊   | 58288/85641 [00:56<00:27, 997.73it/s] 68%|██████▊   | 58392/85641 [00:56<00:27, 1006.82it/s] 68%|██████▊   | 58508/85641 [00:56<00:25, 1051.38it/s] 68%|██████▊   | 58614/85641 [00:56<00:26, 1007.93it/s] 69%|██████▊   | 58731/85641 [00:56<00:25, 1052.28it/s] 69%|██████▊   | 58837/85641 [00:57<00:26, 1013.35it/s] 69%|██████▉   | 58955/85641 [00:57<00:25, 1058.84it/s] 69%|██████▉   | 59062/85641 [00:57<00:25, 1036.80it/s] 69%|██████▉   | 59170/85641 [00:57<00:25, 1045.48it/s] 69%|██████▉   | 59276/85641 [00:57<00:25, 1049.35it/s] 69%|██████▉   | 59382/85641 [00:57<00:25, 1029.26it/s] 69%|██████▉   | 59491/85641 [00:57<00:25, 1042.46it/s] 70%|██████▉   | 59596/85641 [00:57<00:25, 1022.53it/s] 70%|██████▉   | 59705/85641 [00:57<00:24, 1041.00it/s] 70%|██████▉   | 59819/85641 [00:57<00:24, 1065.62it/s] 70%|██████▉   | 59926/85641 [00:58<00:24, 1065.84it/s] 70%|███████   | 60041/85641 [00:58<00:23, 1090.11it/s] 70%|███████   | 60151/85641 [00:58<00:23, 1068.83it/s] 70%|███████   | 60261/85641 [00:58<00:23, 1074.91it/s] 70%|███████   | 60369/85641 [00:58<00:23, 1061.20it/s] 71%|███████   | 60476/85641 [00:58<00:23, 1060.79it/s] 71%|███████   | 60603/85641 [00:58<00:22, 1117.86it/s] 71%|███████   | 60715/85641 [00:58<00:23, 1077.37it/s] 71%|███████   | 60834/85641 [00:58<00:22, 1109.03it/s] 71%|███████   | 60946/85641 [00:59<00:22, 1076.68it/s] 71%|███████▏  | 61055/85641 [00:59<00:22, 1074.91it/s] 71%|███████▏  | 61163/85641 [00:59<00:23, 1036.19it/s] 72%|███████▏  | 61268/85641 [00:59<00:23, 1016.24it/s] 72%|███████▏  | 61384/85641 [00:59<00:22, 1056.91it/s] 72%|███████▏  | 61491/85641 [00:59<00:23, 1021.00it/s] 72%|███████▏  | 61598/85641 [00:59<00:23, 1033.51it/s] 72%|███████▏  | 61704/85641 [00:59<00:23, 1038.51it/s] 72%|███████▏  | 61809/85641 [00:59<00:23, 995.89it/s]  72%|███████▏  | 61923/85641 [00:59<00:22, 1032.37it/s] 72%|███████▏  | 62027/85641 [01:00<00:23, 1016.01it/s] 73%|███████▎  | 62146/85641 [01:00<00:22, 1066.10it/s] 73%|███████▎  | 62254/85641 [01:00<00:22, 1040.54it/s] 73%|███████▎  | 62359/85641 [01:00<00:23, 1006.92it/s] 73%|███████▎  | 62461/85641 [01:00<00:23, 1007.17it/s] 73%|███████▎  | 62565/85641 [01:00<00:22, 1014.46it/s] 73%|███████▎  | 62698/85641 [01:00<00:20, 1104.58it/s] 73%|███████▎  | 62809/85641 [01:00<00:21, 1078.22it/s] 73%|███████▎  | 62930/85641 [01:00<00:20, 1115.57it/s] 74%|███████▎  | 63042/85641 [01:01<00:20, 1079.24it/s] 74%|███████▎  | 63151/85641 [01:01<00:21, 1036.43it/s] 74%|███████▍  | 63256/85641 [01:01<00:22, 1008.32it/s] 74%|███████▍  | 63367/85641 [01:01<00:21, 1036.42it/s] 74%|███████▍  | 63472/85641 [01:01<00:21, 1034.80it/s] 74%|███████▍  | 63576/85641 [01:01<00:21, 1036.07it/s] 74%|███████▍  | 63680/85641 [01:01<00:21, 1028.40it/s] 74%|███████▍  | 63784/85641 [01:01<00:21, 1014.65it/s] 75%|███████▍  | 63886/85641 [01:01<00:21, 995.16it/s]  75%|███████▍  | 63986/85641 [01:01<00:22, 949.50it/s] 75%|███████▍  | 64100/85641 [01:02<00:21, 995.61it/s] 75%|███████▍  | 64201/85641 [01:02<00:21, 986.71it/s] 75%|███████▌  | 64310/85641 [01:02<00:21, 1011.00it/s] 75%|███████▌  | 64426/85641 [01:02<00:20, 1052.77it/s] 75%|███████▌  | 64533/85641 [01:02<00:20, 1055.39it/s] 75%|███████▌  | 64639/85641 [01:02<00:19, 1050.82it/s] 76%|███████▌  | 64759/85641 [01:02<00:19, 1093.36it/s] 76%|███████▌  | 64869/85641 [01:02<00:20, 1003.73it/s] 76%|███████▌  | 64971/85641 [01:02<00:20, 1005.58it/s] 76%|███████▌  | 65073/85641 [01:03<00:21, 964.63it/s]  76%|███████▌  | 65192/85641 [01:03<00:19, 1025.60it/s] 76%|███████▌  | 65296/85641 [01:03<00:20, 1000.68it/s] 76%|███████▋  | 65397/85641 [01:03<00:20, 991.87it/s]  76%|███████▋  | 65504/85641 [01:03<00:19, 1010.40it/s] 77%|███████▋  | 65616/85641 [01:03<00:19, 1040.04it/s] 77%|███████▋  | 65721/85641 [01:03<00:19, 996.69it/s]  77%|███████▋  | 65822/85641 [01:03<00:20, 973.86it/s] 77%|███████▋  | 65935/85641 [01:03<00:19, 1017.20it/s] 77%|███████▋  | 66041/85641 [01:04<00:19, 1025.81it/s] 77%|███████▋  | 66149/85641 [01:04<00:18, 1040.34it/s] 77%|███████▋  | 66254/85641 [01:04<00:18, 1035.68it/s] 77%|███████▋  | 66358/85641 [01:04<00:18, 1033.73it/s] 78%|███████▊  | 66470/85641 [01:04<00:18, 1057.96it/s] 78%|███████▊  | 66576/85641 [01:04<00:18, 1032.36it/s] 78%|███████▊  | 66704/85641 [01:04<00:17, 1102.08it/s] 78%|███████▊  | 66815/85641 [01:04<00:17, 1093.53it/s] 78%|███████▊  | 66945/85641 [01:04<00:16, 1152.52it/s] 78%|███████▊  | 67061/85641 [01:04<00:16, 1106.32it/s] 78%|███████▊  | 67173/85641 [01:05<00:17, 1060.66it/s] 79%|███████▊  | 67280/85641 [01:05<00:18, 1016.22it/s] 79%|███████▊  | 67386/85641 [01:05<00:17, 1022.28it/s] 79%|███████▉  | 67495/85641 [01:05<00:17, 1035.98it/s] 79%|███████▉  | 67600/85641 [01:05<00:17, 1022.59it/s] 79%|███████▉  | 67719/85641 [01:05<00:16, 1067.70it/s] 79%|███████▉  | 67827/85641 [01:05<00:18, 982.76it/s]  79%|███████▉  | 67938/85641 [01:05<00:17, 1009.27it/s] 79%|███████▉  | 68053/85641 [01:05<00:16, 1046.79it/s] 80%|███████▉  | 68159/85641 [01:06<00:17, 1009.53it/s] 80%|███████▉  | 68281/85641 [01:06<00:16, 1067.56it/s] 80%|███████▉  | 68389/85641 [01:06<00:16, 1035.06it/s] 80%|███████▉  | 68494/85641 [01:06<00:16, 1027.65it/s] 80%|████████  | 68602/85641 [01:06<00:16, 1040.22it/s] 80%|████████  | 68710/85641 [01:06<00:16, 1050.61it/s] 80%|████████  | 68816/85641 [01:06<00:16, 1051.12it/s] 80%|████████  | 68926/85641 [01:06<00:15, 1061.51it/s] 81%|████████  | 69034/85641 [01:06<00:15, 1064.66it/s] 81%|████████  | 69141/85641 [01:06<00:16, 1004.15it/s] 81%|████████  | 69243/85641 [01:07<00:17, 954.75it/s]  81%|████████  | 69340/85641 [01:07<00:17, 940.23it/s] 81%|████████  | 69438/85641 [01:07<00:17, 949.73it/s] 81%|████████  | 69539/85641 [01:07<00:16, 962.54it/s] 81%|████████▏ | 69650/85641 [01:07<00:15, 1000.29it/s] 81%|████████▏ | 69751/85641 [01:07<00:16, 972.49it/s]  82%|████████▏ | 69861/85641 [01:07<00:15, 1007.80it/s] 82%|████████▏ | 69971/85641 [01:07<00:15, 1033.78it/s] 82%|████████▏ | 70075/85641 [01:07<00:15, 1034.77it/s] 82%|████████▏ | 70179/85641 [01:08<00:15, 1028.56it/s] 82%|████████▏ | 70284/85641 [01:08<00:14, 1034.76it/s] 82%|████████▏ | 70394/85641 [01:08<00:14, 1053.25it/s] 82%|████████▏ | 70500/85641 [01:08<00:14, 1031.79it/s] 82%|████████▏ | 70604/85641 [01:08<00:14, 1006.02it/s] 83%|████████▎ | 70709/85641 [01:08<00:14, 1018.30it/s] 83%|████████▎ | 70812/85641 [01:08<00:14, 994.51it/s]  83%|████████▎ | 70932/85641 [01:08<00:13, 1051.58it/s] 83%|████████▎ | 71038/85641 [01:08<00:14, 998.17it/s]  83%|████████▎ | 71142/85641 [01:08<00:14, 1006.35it/s] 83%|████████▎ | 71244/85641 [01:09<00:14, 1003.80it/s] 83%|████████▎ | 71357/85641 [01:09<00:13, 1039.84it/s] 83%|████████▎ | 71466/85641 [01:09<00:13, 1042.49it/s] 84%|████████▎ | 71571/85641 [01:09<00:14, 980.24it/s]  84%|████████▎ | 71675/85641 [01:09<00:14, 995.91it/s] 84%|████████▍ | 71776/85641 [01:09<00:14, 969.43it/s] 84%|████████▍ | 71874/85641 [01:09<00:14, 958.14it/s] 84%|████████▍ | 71985/85641 [01:09<00:13, 997.92it/s] 84%|████████▍ | 72096/85641 [01:09<00:13, 1022.81it/s] 84%|████████▍ | 72200/85641 [01:10<00:13, 1027.11it/s] 84%|████████▍ | 72307/85641 [01:10<00:12, 1033.85it/s] 85%|████████▍ | 72416/85641 [01:10<00:12, 1046.00it/s] 85%|████████▍ | 72521/85641 [01:10<00:12, 1039.65it/s] 85%|████████▍ | 72630/85641 [01:10<00:12, 1049.15it/s] 85%|████████▍ | 72735/85641 [01:10<00:12, 1031.38it/s] 85%|████████▌ | 72841/85641 [01:10<00:12, 1036.58it/s] 85%|████████▌ | 72955/85641 [01:10<00:12, 1056.44it/s] 85%|████████▌ | 73064/85641 [01:10<00:11, 1064.01it/s] 85%|████████▌ | 73172/85641 [01:10<00:11, 1067.39it/s] 86%|████████▌ | 73296/85641 [01:11<00:11, 1118.47it/s] 86%|████████▌ | 73422/85641 [01:11<00:10, 1158.24it/s] 86%|████████▌ | 73546/85641 [01:11<00:10, 1182.55it/s] 86%|████████▌ | 73665/85641 [01:11<00:10, 1129.42it/s] 86%|████████▌ | 73779/85641 [01:11<00:10, 1089.10it/s] 86%|████████▋ | 73890/85641 [01:11<00:10, 1093.40it/s] 86%|████████▋ | 74000/85641 [01:11<00:10, 1083.01it/s] 87%|████████▋ | 74109/85641 [01:11<00:10, 1056.13it/s] 87%|████████▋ | 74230/85641 [01:11<00:10, 1099.78it/s] 87%|████████▋ | 74341/85641 [01:11<00:10, 1071.87it/s] 87%|████████▋ | 74449/85641 [01:12<00:10, 1018.00it/s] 87%|████████▋ | 74578/85641 [01:12<00:10, 1092.29it/s] 87%|████████▋ | 74689/85641 [01:12<00:10, 1026.12it/s] 87%|████████▋ | 74793/85641 [01:12<00:10, 1023.20it/s] 87%|████████▋ | 74897/85641 [01:12<00:11, 974.91it/s]  88%|████████▊ | 74996/85641 [01:12<00:11, 948.23it/s] 88%|████████▊ | 75110/85641 [01:12<00:10, 993.46it/s] 88%|████████▊ | 75211/85641 [01:12<00:10, 992.44it/s] 88%|████████▊ | 75312/85641 [01:12<00:10, 991.06it/s] 88%|████████▊ | 75415/85641 [01:13<00:10, 1000.37it/s] 88%|████████▊ | 75531/85641 [01:13<00:09, 1046.70it/s] 88%|████████▊ | 75643/85641 [01:13<00:09, 1066.42it/s] 88%|████████▊ | 75750/85641 [01:13<00:09, 1044.55it/s] 89%|████████▊ | 75872/85641 [01:13<00:08, 1094.42it/s] 89%|████████▊ | 75982/85641 [01:13<00:08, 1074.54it/s] 89%|████████▉ | 76099/85641 [01:13<00:08, 1100.70it/s] 89%|████████▉ | 76210/85641 [01:13<00:09, 1033.86it/s] 89%|████████▉ | 76315/85641 [01:13<00:08, 1037.30it/s] 89%|████████▉ | 76420/85641 [01:14<00:09, 980.89it/s]  89%|████████▉ | 76528/85641 [01:14<00:09, 1004.10it/s] 89%|████████▉ | 76630/85641 [01:14<00:09, 961.04it/s]  90%|████████▉ | 76739/85641 [01:14<00:08, 996.49it/s] 90%|████████▉ | 76840/85641 [01:14<00:08, 991.71it/s] 90%|████████▉ | 76965/85641 [01:14<00:08, 1065.21it/s] 90%|████████▉ | 77073/85641 [01:14<00:08, 1042.24it/s] 90%|█████████ | 77181/85641 [01:14<00:08, 1041.71it/s] 90%|█████████ | 77295/85641 [01:14<00:07, 1064.42it/s] 90%|█████████ | 77408/85641 [01:14<00:07, 1082.00it/s] 91%|█████████ | 77517/85641 [01:15<00:07, 1053.00it/s] 91%|█████████ | 77623/85641 [01:15<00:07, 1018.86it/s] 91%|█████████ | 77729/85641 [01:15<00:07, 1030.28it/s] 91%|█████████ | 77845/85641 [01:15<00:07, 1063.72it/s] 91%|█████████ | 77966/85641 [01:15<00:07, 1092.00it/s] 91%|█████████ | 78076/85641 [01:15<00:06, 1082.29it/s] 91%|█████████▏| 78185/85641 [01:15<00:06, 1078.65it/s] 91%|█████████▏| 78293/85641 [01:15<00:06, 1073.93it/s] 92%|█████████▏| 78403/85641 [01:15<00:06, 1079.97it/s] 92%|█████████▏| 78512/85641 [01:16<00:06, 1076.04it/s] 92%|█████████▏| 78620/85641 [01:16<00:06, 1064.30it/s] 92%|█████████▏| 78735/85641 [01:16<00:06, 1088.44it/s] 92%|█████████▏| 78844/85641 [01:16<00:06, 1068.69it/s] 92%|█████████▏| 78951/85641 [01:16<00:06, 1058.00it/s] 92%|█████████▏| 79063/85641 [01:16<00:06, 1067.90it/s] 92%|█████████▏| 79170/85641 [01:16<00:06, 1024.23it/s] 93%|█████████▎| 79280/85641 [01:16<00:06, 1043.41it/s] 93%|█████████▎| 79385/85641 [01:16<00:06, 1040.05it/s] 93%|█████████▎| 79507/85641 [01:16<00:05, 1088.04it/s] 93%|█████████▎| 79628/85641 [01:17<00:05, 1120.20it/s] 93%|█████████▎| 79741/85641 [01:17<00:05, 1043.40it/s] 93%|█████████▎| 79850/85641 [01:17<00:05, 1055.97it/s] 93%|█████████▎| 79957/85641 [01:17<00:05, 1003.98it/s] 93%|█████████▎| 80059/85641 [01:17<00:05, 983.20it/s]  94%|█████████▎| 80183/85641 [01:17<00:05, 1053.82it/s] 94%|█████████▍| 80290/85641 [01:17<00:05, 1034.09it/s] 94%|█████████▍| 80395/85641 [01:17<00:05, 1011.92it/s] 94%|█████████▍| 80497/85641 [01:17<00:05, 998.99it/s]  94%|█████████▍| 80598/85641 [01:18<00:05, 964.36it/s] 94%|█████████▍| 80698/85641 [01:18<00:05, 972.14it/s] 94%|█████████▍| 80796/85641 [01:18<00:05, 953.83it/s] 94%|█████████▍| 80915/85641 [01:18<00:04, 1014.36it/s] 95%|█████████▍| 81017/85641 [01:18<00:04, 992.05it/s]  95%|█████████▍| 81122/85641 [01:18<00:04, 1008.49it/s] 95%|█████████▍| 81228/85641 [01:18<00:04, 1021.85it/s] 95%|█████████▍| 81345/85641 [01:18<00:04, 1064.54it/s] 95%|█████████▌| 81452/85641 [01:18<00:04, 1046.79it/s] 95%|█████████▌| 81568/85641 [01:18<00:03, 1078.93it/s] 95%|█████████▌| 81677/85641 [01:19<00:03, 1065.60it/s] 95%|█████████▌| 81784/85641 [01:19<00:03, 1064.82it/s] 96%|█████████▌| 81891/85641 [01:19<00:03, 1050.80it/s] 96%|█████████▌| 82000/85641 [01:19<00:03, 1061.97it/s] 96%|█████████▌| 82107/85641 [01:19<00:03, 1048.59it/s] 96%|█████████▌| 82212/85641 [01:19<00:03, 1036.83it/s] 96%|█████████▌| 82336/85641 [01:19<00:03, 1094.75it/s] 96%|█████████▋| 82453/85641 [01:19<00:02, 1116.22it/s] 96%|█████████▋| 82565/85641 [01:19<00:02, 1062.89it/s] 97%|█████████▋| 82672/85641 [01:20<00:02, 1026.04it/s] 97%|█████████▋| 82776/85641 [01:20<00:02, 999.34it/s]  97%|█████████▋| 82882/85641 [01:20<00:02, 1015.85it/s] 97%|█████████▋| 82999/85641 [01:20<00:02, 1058.00it/s] 97%|█████████▋| 83117/85641 [01:20<00:02, 1092.63it/s] 97%|█████████▋| 83231/85641 [01:20<00:02, 1103.34it/s] 97%|█████████▋| 83342/85641 [01:20<00:02, 1100.23it/s] 97%|█████████▋| 83453/85641 [01:20<00:02, 1060.48it/s] 98%|█████████▊| 83573/85641 [01:20<00:01, 1099.62it/s] 98%|█████████▊| 83684/85641 [01:20<00:01, 1082.67it/s] 98%|█████████▊| 83793/85641 [01:21<00:01, 982.36it/s]  98%|█████████▊| 83900/85641 [01:21<00:01, 1003.39it/s] 98%|█████████▊| 84021/85641 [01:21<00:01, 1059.86it/s] 98%|█████████▊| 84129/85641 [01:21<00:01, 1047.37it/s] 98%|█████████▊| 84235/85641 [01:21<00:01, 978.63it/s]  98%|█████████▊| 84335/85641 [01:21<00:01, 965.14it/s] 99%|█████████▊| 84459/85641 [01:21<00:01, 1041.66it/s] 99%|█████████▊| 84565/85641 [01:21<00:01, 1041.06it/s] 99%|█████████▉| 84687/85641 [01:21<00:00, 1088.31it/s] 99%|█████████▉| 84797/85641 [01:22<00:00, 1063.44it/s] 99%|█████████▉| 84904/85641 [01:22<00:00, 1021.36it/s] 99%|█████████▉| 85012/85641 [01:22<00:00, 1034.90it/s] 99%|█████████▉| 85126/85641 [01:22<00:00, 1064.31it/s]100%|█████████▉| 85235/85641 [01:22<00:00, 1069.21it/s]100%|█████████▉| 85350/85641 [01:22<00:00, 1087.83it/s]100%|█████████▉| 85460/85641 [01:22<00:00, 1025.58it/s]100%|█████████▉| 85564/85641 [01:22<00:00, 1013.48it/s]100%|██████████| 85641/85641 [01:22<00:00, 1033.46it/s]
Shape of temporal_X: (85641, 2, 1000)
X nd y are loaded for temporal feature extraction
X shape is (9516, 10000)
y shape is (9516,)
  0%|          | 0/9516 [00:00<?, ?it/s]  1%|          | 88/9516 [00:00<00:10, 869.23it/s]  2%|▏         | 187/9516 [00:00<00:09, 937.69it/s]  3%|▎         | 281/9516 [00:00<00:10, 891.54it/s]  4%|▍         | 383/9516 [00:00<00:09, 939.85it/s]  5%|▌         | 485/9516 [00:00<00:09, 962.53it/s]  6%|▌         | 582/9516 [00:00<00:09, 956.54it/s]  7%|▋         | 678/9516 [00:00<00:09, 936.31it/s]  8%|▊         | 786/9516 [00:00<00:08, 980.25it/s]  9%|▉         | 896/9516 [00:00<00:08, 1016.83it/s] 10%|█         | 998/9516 [00:01<00:08, 975.03it/s]  12%|█▏        | 1111/9516 [00:01<00:08, 1017.80it/s] 13%|█▎        | 1219/9516 [00:01<00:08, 1033.37it/s] 14%|█▍        | 1323/9516 [00:01<00:07, 1030.37it/s] 15%|█▍        | 1427/9516 [00:01<00:08, 999.96it/s]  16%|█▌        | 1533/9516 [00:01<00:07, 1012.72it/s] 17%|█▋        | 1635/9516 [00:01<00:07, 1001.99it/s] 18%|█▊        | 1739/9516 [00:01<00:07, 1004.77it/s] 19%|█▉        | 1853/9516 [00:01<00:07, 1042.38it/s] 21%|██        | 1959/9516 [00:01<00:07, 1044.71it/s] 22%|██▏       | 2064/9516 [00:02<00:07, 1040.49it/s] 23%|██▎       | 2179/9516 [00:02<00:06, 1069.48it/s] 24%|██▍       | 2287/9516 [00:02<00:06, 1043.45it/s] 25%|██▌       | 2392/9516 [00:02<00:07, 986.43it/s]  26%|██▌       | 2492/9516 [00:02<00:07, 962.08it/s] 27%|██▋       | 2601/9516 [00:02<00:06, 998.01it/s] 28%|██▊       | 2702/9516 [00:02<00:07, 954.62it/s] 30%|██▉       | 2817/9516 [00:02<00:06, 1008.95it/s] 31%|███       | 2922/9516 [00:02<00:06, 1020.38it/s] 32%|███▏      | 3035/9516 [00:03<00:06, 1052.18it/s] 33%|███▎      | 3141/9516 [00:03<00:06, 956.37it/s]  34%|███▍      | 3239/9516 [00:03<00:06, 947.60it/s] 35%|███▌      | 3337/9516 [00:03<00:06, 951.03it/s] 36%|███▌      | 3434/9516 [00:03<00:06, 940.18it/s] 37%|███▋      | 3538/9516 [00:03<00:06, 967.70it/s] 39%|███▊      | 3681/9516 [00:03<00:05, 1089.11it/s] 40%|███▉      | 3791/9516 [00:03<00:05, 1039.55it/s] 41%|████      | 3896/9516 [00:03<00:05, 1016.04it/s] 42%|████▏     | 4005/9516 [00:04<00:05, 1031.47it/s] 43%|████▎     | 4109/9516 [00:04<00:05, 973.38it/s]  45%|████▍     | 4249/9516 [00:04<00:04, 1089.32it/s] 46%|████▌     | 4360/9516 [00:04<00:04, 1057.94it/s] 47%|████▋     | 4467/9516 [00:04<00:04, 1044.84it/s] 48%|████▊     | 4576/9516 [00:04<00:04, 1057.23it/s] 49%|████▉     | 4683/9516 [00:04<00:04, 974.41it/s]  50%|█████     | 4782/9516 [00:04<00:04, 972.86it/s] 51%|█████▏    | 4886/9516 [00:04<00:04, 989.12it/s] 52%|█████▏    | 4986/9516 [00:04<00:04, 987.66it/s] 54%|█████▎    | 5101/9516 [00:05<00:04, 1027.72it/s] 55%|█████▍    | 5205/9516 [00:05<00:04, 1012.66it/s] 56%|█████▌    | 5307/9516 [00:05<00:04, 999.17it/s]  57%|█████▋    | 5415/9516 [00:05<00:04, 1022.02it/s] 58%|█████▊    | 5523/9516 [00:05<00:03, 1038.72it/s] 59%|█████▉    | 5644/9516 [00:05<00:03, 1086.80it/s] 60%|██████    | 5753/9516 [00:05<00:03, 1081.45it/s] 62%|██████▏   | 5862/9516 [00:05<00:03, 1045.81it/s] 63%|██████▎   | 5967/9516 [00:05<00:03, 1013.01it/s] 64%|██████▍   | 6078/9516 [00:06<00:03, 1036.98it/s] 65%|██████▌   | 6198/9516 [00:06<00:03, 1084.08it/s] 66%|██████▋   | 6307/9516 [00:06<00:02, 1070.89it/s] 67%|██████▋   | 6423/9516 [00:06<00:02, 1086.45it/s] 69%|██████▊   | 6532/9516 [00:06<00:02, 1039.66it/s] 70%|██████▉   | 6637/9516 [00:06<00:02, 1019.76it/s] 71%|███████   | 6749/9516 [00:06<00:02, 1043.17it/s] 72%|███████▏  | 6860/9516 [00:06<00:02, 1060.95it/s] 73%|███████▎  | 6971/9516 [00:06<00:02, 1072.43it/s] 74%|███████▍  | 7079/9516 [00:06<00:02, 1067.24it/s] 76%|███████▌  | 7194/9516 [00:07<00:02, 1090.19it/s] 77%|███████▋  | 7304/9516 [00:07<00:02, 1064.55it/s] 78%|███████▊  | 7411/9516 [00:07<00:02, 1046.23it/s] 79%|███████▉  | 7516/9516 [00:07<00:01, 1023.73it/s] 80%|████████  | 7645/9516 [00:07<00:01, 1100.09it/s] 82%|████████▏ | 7756/9516 [00:07<00:01, 1095.66it/s] 83%|████████▎ | 7867/9516 [00:07<00:01, 1099.55it/s] 84%|████████▍ | 7978/9516 [00:07<00:01, 1081.65it/s] 85%|████████▍ | 8087/9516 [00:07<00:01, 1048.45it/s] 86%|████████▌ | 8201/9516 [00:08<00:01, 1067.03it/s] 87%|████████▋ | 8309/9516 [00:08<00:01, 1066.44it/s] 88%|████████▊ | 8416/9516 [00:08<00:01, 979.86it/s]  90%|████████▉ | 8556/9516 [00:08<00:00, 1095.86it/s] 91%|█████████ | 8668/9516 [00:08<00:00, 1097.64it/s] 92%|█████████▏| 8780/9516 [00:08<00:00, 1077.69it/s] 93%|█████████▎| 8889/9516 [00:08<00:00, 1078.29it/s] 95%|█████████▍| 8998/9516 [00:08<00:00, 1033.04it/s] 96%|█████████▌| 9103/9516 [00:08<00:00, 1015.92it/s] 97%|█████████▋| 9228/9516 [00:08<00:00, 1074.54it/s] 98%|█████████▊| 9337/9516 [00:09<00:00, 1065.74it/s] 99%|█████████▉| 9445/9516 [00:09<00:00, 1068.16it/s]100%|██████████| 9516/9516 [00:09<00:00, 1028.96it/s]
Shape of temporal_X: (9516, 2, 1000)
/home/kka151/venvs/python_11_5/lib/python3.11/site-packages/timm/models/layers/__init__.py:48: FutureWarning: Importing from timm.models.layers is deprecated, please import via timm.layers
  warnings.warn(f"Importing from {__name__} is deprecated, please import via timm.layers", FutureWarning)
./checkpoints/CW/RF/temporal.pth has been generated.
/home/kka151/venvs/python_11_5/lib/python3.11/site-packages/timm/models/layers/__init__.py:48: FutureWarning: Importing from timm.models.layers is deprecated, please import via timm.layers
  warnings.warn(f"Importing from {__name__} is deprecated, please import via timm.layers", FutureWarning)
./checkpoints/CW/RF/attr_DeepLiftShap.npz has been generated.
starting data augmentation script for train
  0%|          | 0/85641 [00:00<?, ?it/s]  1%|          | 715/85641 [00:00<00:11, 7143.18it/s]  2%|▏         | 1482/85641 [00:00<00:11, 7451.88it/s]  3%|▎         | 2252/85641 [00:00<00:11, 7564.08it/s]  4%|▎         | 3024/85641 [00:00<00:10, 7623.96it/s]  4%|▍         | 3798/85641 [00:00<00:10, 7663.23it/s]  5%|▌         | 4573/85641 [00:00<00:10, 7691.58it/s]  6%|▌         | 5347/85641 [00:00<00:10, 7706.82it/s]  7%|▋         | 6121/85641 [00:00<00:10, 7714.26it/s]  8%|▊         | 6894/85641 [00:00<00:10, 7715.85it/s]  9%|▉         | 7668/85641 [00:01<00:10, 7722.37it/s] 10%|▉         | 8443/85641 [00:01<00:09, 7728.06it/s] 11%|█         | 9216/85641 [00:01<00:09, 7720.60it/s] 12%|█▏        | 9989/85641 [00:01<00:09, 7718.17it/s] 13%|█▎        | 10763/85641 [00:01<00:09, 7723.09it/s] 13%|█▎        | 11536/85641 [00:01<00:09, 7718.50it/s] 14%|█▍        | 12309/85641 [00:01<00:09, 7719.93it/s] 15%|█▌        | 13082/85641 [00:01<00:09, 7721.56it/s] 16%|█▌        | 13858/85641 [00:01<00:09, 7731.87it/s] 17%|█▋        | 14632/85641 [00:01<00:09, 7721.83it/s] 18%|█▊        | 15405/85641 [00:02<00:09, 7682.38it/s] 19%|█▉        | 16174/85641 [00:02<00:09, 7668.84it/s] 20%|█▉        | 16941/85641 [00:02<00:08, 7663.28it/s] 21%|██        | 17709/85641 [00:02<00:08, 7666.23it/s] 22%|██▏       | 18486/85641 [00:02<00:08, 7694.63it/s] 22%|██▏       | 19263/85641 [00:02<00:08, 7715.67it/s] 23%|██▎       | 20035/85641 [00:02<00:08, 7666.63it/s] 24%|██▍       | 20807/85641 [00:02<00:08, 7681.08it/s] 25%|██▌       | 21586/85641 [00:02<00:08, 7711.14it/s] 26%|██▌       | 22358/85641 [00:02<00:08, 7658.15it/s] 27%|██▋       | 23138/85641 [00:03<00:08, 7700.16it/s] 28%|██▊       | 23909/85641 [00:03<00:08, 7656.48it/s] 29%|██▉       | 24690/85641 [00:03<00:07, 7700.06it/s] 30%|██▉       | 25471/85641 [00:03<00:07, 7732.22it/s] 31%|███       | 26245/85641 [00:03<00:07, 7682.48it/s] 32%|███▏      | 27020/85641 [00:03<00:07, 7702.40it/s] 32%|███▏      | 27797/85641 [00:03<00:07, 7720.85it/s] 33%|███▎      | 28570/85641 [00:03<00:07, 7649.49it/s] 34%|███▍      | 29344/85641 [00:03<00:07, 7674.19it/s] 35%|███▌      | 30112/85641 [00:03<00:07, 7638.31it/s] 36%|███▌      | 30890/85641 [00:04<00:07, 7678.00it/s] 37%|███▋      | 31669/85641 [00:04<00:07, 7709.41it/s] 38%|███▊      | 32441/85641 [00:04<00:06, 7667.86it/s] 39%|███▉      | 33220/85641 [00:04<00:06, 7703.54it/s] 40%|███▉      | 33991/85641 [00:04<00:06, 7666.81it/s] 41%|████      | 34774/85641 [00:04<00:06, 7712.69it/s] 42%|████▏     | 35553/85641 [00:04<00:06, 7732.82it/s] 42%|████▏     | 36327/85641 [00:04<00:06, 7695.83it/s] 43%|████▎     | 37097/85641 [00:04<00:06, 7696.80it/s] 44%|████▍     | 37867/85641 [00:04<00:06, 7690.11it/s] 45%|████▌     | 38637/85641 [00:05<00:06, 7630.82it/s] 46%|████▌     | 39406/85641 [00:05<00:06, 7646.08it/s] 47%|████▋     | 40171/85641 [00:05<00:05, 7626.77it/s] 48%|████▊     | 40954/85641 [00:05<00:05, 7686.04it/s] 49%|████▊     | 41735/85641 [00:05<00:05, 7720.88it/s] 50%|████▉     | 42508/85641 [00:05<00:05, 7679.41it/s] 51%|█████     | 43290/85641 [00:05<00:05, 7720.70it/s] 51%|█████▏    | 44073/85641 [00:05<00:05, 7750.81it/s] 52%|█████▏    | 44849/85641 [00:05<00:05, 7701.46it/s] 53%|█████▎    | 45631/85641 [00:05<00:05, 7734.84it/s] 54%|█████▍    | 46405/85641 [00:06<00:05, 7684.90it/s] 55%|█████▌    | 47188/85641 [00:06<00:04, 7725.52it/s] 56%|█████▌    | 47968/85641 [00:06<00:04, 7745.20it/s] 57%|█████▋    | 48743/85641 [00:06<00:04, 7705.08it/s] 58%|█████▊    | 49528/85641 [00:06<00:04, 7745.58it/s] 59%|█████▊    | 50309/85641 [00:06<00:04, 7763.72it/s] 60%|█████▉    | 51086/85641 [00:06<00:04, 7707.87it/s] 61%|██████    | 51871/85641 [00:06<00:04, 7748.41it/s] 61%|██████▏   | 52646/85641 [00:06<00:04, 7708.17it/s] 62%|██████▏   | 53428/85641 [00:06<00:04, 7738.53it/s] 63%|██████▎   | 54202/85641 [00:07<00:04, 6589.92it/s] 64%|██████▍   | 54966/85641 [00:07<00:04, 6869.05it/s] 65%|██████▌   | 55749/85641 [00:07<00:04, 7132.34it/s] 66%|██████▌   | 56534/85641 [00:07<00:03, 7334.06it/s] 67%|██████▋   | 57294/85641 [00:07<00:03, 7408.69it/s] 68%|██████▊   | 58074/85641 [00:07<00:03, 7520.63it/s] 69%|██████▊   | 58834/85641 [00:07<00:03, 7519.35it/s] 70%|██████▉   | 59606/85641 [00:07<00:03, 7576.20it/s] 70%|███████   | 60374/85641 [00:07<00:03, 7606.77it/s] 71%|███████▏  | 61138/85641 [00:08<00:03, 7572.04it/s] 72%|███████▏  | 61906/85641 [00:08<00:03, 7602.97it/s] 73%|███████▎  | 62689/85641 [00:08<00:02, 7669.97it/s] 74%|███████▍  | 63458/85641 [00:08<00:02, 7650.12it/s] 75%|███████▌  | 64237/85641 [00:08<00:02, 7690.49it/s] 76%|███████▌  | 65007/85641 [00:08<00:02, 7647.04it/s] 77%|███████▋  | 65784/85641 [00:08<00:02, 7682.14it/s] 78%|███████▊  | 66562/85641 [00:08<00:02, 7710.95it/s] 79%|███████▊  | 67334/85641 [00:08<00:02, 7661.79it/s] 80%|███████▉  | 68113/85641 [00:08<00:02, 7697.77it/s] 80%|████████  | 68889/85641 [00:09<00:02, 7714.61it/s] 81%|████████▏ | 69661/85641 [00:09<00:02, 7660.46it/s] 82%|████████▏ | 70439/85641 [00:09<00:01, 7694.31it/s] 83%|████████▎ | 71209/85641 [00:09<00:01, 7658.06it/s] 84%|████████▍ | 71988/85641 [00:09<00:01, 7695.52it/s] 85%|████████▍ | 72767/85641 [00:09<00:01, 7722.63it/s] 86%|████████▌ | 73540/85641 [00:09<00:01, 7698.95it/s] 87%|████████▋ | 74323/85641 [00:09<00:01, 7736.94it/s] 88%|████████▊ | 75105/85641 [00:09<00:01, 7759.81it/s] 89%|████████▊ | 75882/85641 [00:09<00:01, 7707.23it/s] 90%|████████▉ | 76656/85641 [00:10<00:01, 7716.88it/s] 90%|█████████ | 77428/85641 [00:10<00:01, 7696.22it/s] 91%|█████████▏| 78215/85641 [00:10<00:00, 7747.54it/s] 92%|█████████▏| 79002/85641 [00:10<00:00, 7783.97it/s] 93%|█████████▎| 79781/85641 [00:10<00:00, 7727.82it/s] 94%|█████████▍| 80560/85641 [00:10<00:00, 7744.98it/s] 95%|█████████▍| 81335/85641 [00:10<00:00, 7656.87it/s] 96%|█████████▌| 82106/85641 [00:10<00:00, 7669.76it/s] 97%|█████████▋| 82877/85641 [00:10<00:00, 7680.79it/s] 98%|█████████▊| 83646/85641 [00:10<00:00, 7631.04it/s] 99%|█████████▊| 84418/85641 [00:11<00:00, 7657.34it/s] 99%|█████████▉| 85200/85641 [00:11<00:00, 7704.25it/s]100%|██████████| 85641/85641 [00:11<00:00, 7654.63it/s]

Size Analysis:
--------------
Total raw size: 19.14 GB
Estimated compressed size: 9.57 GB
Overhead: 1.50 KB

Size per array:
X: 19.14 GB
y: 1.96 MB
Generate /home/kka151/scratch/holmes/datasets/CW/aug_train.npz done.
finished data augmentation script for train
starting data augmentation script for valid
  0%|          | 0/9516 [00:00<?, ?it/s]  8%|▊         | 734/9516 [00:00<00:01, 7331.37it/s] 16%|█▌        | 1511/9516 [00:00<00:01, 7583.28it/s] 24%|██▍       | 2303/9516 [00:00<00:00, 7732.68it/s] 33%|███▎      | 3096/9516 [00:00<00:00, 7808.99it/s] 41%|████      | 3892/9516 [00:00<00:00, 7860.69it/s] 49%|████▉     | 4691/9516 [00:00<00:00, 7902.80it/s] 58%|█████▊    | 5495/9516 [00:00<00:00, 7944.79it/s] 66%|██████▌   | 6301/9516 [00:00<00:00, 7979.81it/s] 75%|███████▍  | 7108/9516 [00:00<00:00, 8006.03it/s] 83%|████████▎ | 7918/9516 [00:01<00:00, 8033.28it/s] 92%|█████████▏| 8729/9516 [00:01<00:00, 8054.72it/s]100%|██████████| 9516/9516 [00:01<00:00, 7936.03it/s]

Size Analysis:
--------------
Total raw size: 2.13 GB
Estimated compressed size: 1.06 GB
Overhead: 1.50 KB

Size per array:
X: 2.13 GB
y: 223.03 KB
Generate /home/kka151/scratch/holmes/datasets/CW/aug_valid.npz done.
finished data augmentation script for valid
starting gen taf script for aug_train
  0%|          | 0/256923 [00:00<?, ?it/s]  0%|          | 0/256923 [00:00<?, ?it/s]
concurrent.futures.process._RemoteTraceback: 
"""
Traceback (most recent call last):
  File "/cvmfs/soft.computecanada.ca/easybuild/software/2023/x86-64-v3/Compiler/gcccore/python/3.11.5/lib/python3.11/concurrent/futures/process.py", line 256, in _process_worker
    r = call_item.fn(*call_item.args, **call_item.kwargs)
        ^^^^^^^^^^^^^^^^^^^^^^^^^^^^^^^^^^^^^^^^^^^^^^^^^
  File "/lustre06/project/6058534/kka151/Website-Fingerprinting-Library/WFlib/tools/data_processor.py", line 168, in process_TAF
    if len(packets) == 0:
           ^^^^^^^
UnboundLocalError: cannot access local variable 'packets' where it is not associated with a value
"""

The above exception was the direct cause of the following exception:

Traceback (most recent call last):
  File "<frozen runpy>", line 198, in _run_module_as_main
  File "<frozen runpy>", line 88, in _run_code
  File "/lustre06/project/6058534/kka151/Website-Fingerprinting-Library/exp/dataset_process/gen_taf.py", line 55, in <module>
    X_taf = data_processor.extract_TAF(X_taf)
            ^^^^^^^^^^^^^^^^^^^^^^^^^^^^^^^^^
  File "/lustre06/project/6058534/kka151/Website-Fingerprinting-Library/WFlib/tools/data_processor.py", line 211, in extract_TAF
    index, result = future.result()
                    ^^^^^^^^^^^^^^^
  File "/cvmfs/soft.computecanada.ca/easybuild/software/2023/x86-64-v3/Compiler/gcccore/python/3.11.5/lib/python3.11/concurrent/futures/_base.py", line 449, in result
    return self.__get_result()
           ^^^^^^^^^^^^^^^^^^^
  File "/cvmfs/soft.computecanada.ca/easybuild/software/2023/x86-64-v3/Compiler/gcccore/python/3.11.5/lib/python3.11/concurrent/futures/_base.py", line 401, in __get_result
    raise self._exception
UnboundLocalError: cannot access local variable 'packets' where it is not associated with a value
starting gen taf script for aug_valid
  0%|          | 0/28548 [00:00<?, ?it/s]  0%|          | 0/28548 [00:00<?, ?it/s]
concurrent.futures.process._RemoteTraceback: 
"""
Traceback (most recent call last):
  File "/cvmfs/soft.computecanada.ca/easybuild/software/2023/x86-64-v3/Compiler/gcccore/python/3.11.5/lib/python3.11/concurrent/futures/process.py", line 256, in _process_worker
    r = call_item.fn(*call_item.args, **call_item.kwargs)
        ^^^^^^^^^^^^^^^^^^^^^^^^^^^^^^^^^^^^^^^^^^^^^^^^^
  File "/lustre06/project/6058534/kka151/Website-Fingerprinting-Library/WFlib/tools/data_processor.py", line 168, in process_TAF
    if len(packets) == 0:
           ^^^^^^^
UnboundLocalError: cannot access local variable 'packets' where it is not associated with a value
"""

The above exception was the direct cause of the following exception:

Traceback (most recent call last):
  File "<frozen runpy>", line 198, in _run_module_as_main
  File "<frozen runpy>", line 88, in _run_code
  File "/lustre06/project/6058534/kka151/Website-Fingerprinting-Library/exp/dataset_process/gen_taf.py", line 55, in <module>
    X_taf = data_processor.extract_TAF(X_taf)
            ^^^^^^^^^^^^^^^^^^^^^^^^^^^^^^^^^
  File "/lustre06/project/6058534/kka151/Website-Fingerprinting-Library/WFlib/tools/data_processor.py", line 211, in extract_TAF
    index, result = future.result()
                    ^^^^^^^^^^^^^^^
  File "/cvmfs/soft.computecanada.ca/easybuild/software/2023/x86-64-v3/Compiler/gcccore/python/3.11.5/lib/python3.11/concurrent/futures/_base.py", line 449, in result
    return self.__get_result()
           ^^^^^^^^^^^^^^^^^^^
  File "/cvmfs/soft.computecanada.ca/easybuild/software/2023/x86-64-v3/Compiler/gcccore/python/3.11.5/lib/python3.11/concurrent/futures/_base.py", line 401, in __get_result
    raise self._exception
UnboundLocalError: cannot access local variable 'packets' where it is not associated with a value
starting gen taf script for test
  0%|          | 0/10573 [00:00<?, ?it/s]  0%|          | 0/10573 [00:00<?, ?it/s]
concurrent.futures.process._RemoteTraceback: 
"""
Traceback (most recent call last):
  File "/cvmfs/soft.computecanada.ca/easybuild/software/2023/x86-64-v3/Compiler/gcccore/python/3.11.5/lib/python3.11/concurrent/futures/process.py", line 256, in _process_worker
    r = call_item.fn(*call_item.args, **call_item.kwargs)
        ^^^^^^^^^^^^^^^^^^^^^^^^^^^^^^^^^^^^^^^^^^^^^^^^^
  File "/lustre06/project/6058534/kka151/Website-Fingerprinting-Library/WFlib/tools/data_processor.py", line 168, in process_TAF
    if len(packets) == 0:
           ^^^^^^^
UnboundLocalError: cannot access local variable 'packets' where it is not associated with a value
"""

The above exception was the direct cause of the following exception:

Traceback (most recent call last):
  File "<frozen runpy>", line 198, in _run_module_as_main
  File "<frozen runpy>", line 88, in _run_code
  File "/lustre06/project/6058534/kka151/Website-Fingerprinting-Library/exp/dataset_process/gen_taf.py", line 55, in <module>
    X_taf = data_processor.extract_TAF(X_taf)
            ^^^^^^^^^^^^^^^^^^^^^^^^^^^^^^^^^
  File "/lustre06/project/6058534/kka151/Website-Fingerprinting-Library/WFlib/tools/data_processor.py", line 211, in extract_TAF
    index, result = future.result()
                    ^^^^^^^^^^^^^^^
  File "/cvmfs/soft.computecanada.ca/easybuild/software/2023/x86-64-v3/Compiler/gcccore/python/3.11.5/lib/python3.11/concurrent/futures/_base.py", line 449, in result
    return self.__get_result()
           ^^^^^^^^^^^^^^^^^^^
  File "/cvmfs/soft.computecanada.ca/easybuild/software/2023/x86-64-v3/Compiler/gcccore/python/3.11.5/lib/python3.11/concurrent/futures/_base.py", line 401, in __get_result
    raise self._exception
UnboundLocalError: cannot access local variable 'packets' where it is not associated with a value
/home/kka151/venvs/python_11_5/lib/python3.11/site-packages/timm/models/layers/__init__.py:48: FutureWarning: Importing from timm.models.layers is deprecated, please import via timm.layers
  warnings.warn(f"Importing from {__name__} is deprecated, please import via timm.layers", FutureWarning)
Traceback (most recent call last):
  File "<frozen runpy>", line 198, in _run_module_as_main
  File "<frozen runpy>", line 88, in _run_code
  File "/lustre06/project/6058534/kka151/Website-Fingerprinting-Library/exp/train.py", line 77, in <module>
    train_X, train_y = data_processor.load_data(os.path.join(in_path, f"{args.train_file}.npz"), args.feature, args.seq_len, args.num_tabs)
                       ^^^^^^^^^^^^^^^^^^^^^^^^^^^^^^^^^^^^^^^^^^^^^^^^^^^^^^^^^^^^^^^^^^^^^^^^^^^^^^^^^^^^^^^^^^^^^^^^^^^^^^^^^^^^^^^^^^^^
  File "/lustre06/project/6058534/kka151/Website-Fingerprinting-Library/WFlib/tools/data_processor.py", line 37, in load_data
    data = np.load(data_path)
           ^^^^^^^^^^^^^^^^^^
  File "/cvmfs/soft.computecanada.ca/easybuild/software/2023/x86-64-v3/Compiler/gcccore/scipy-stack/2024a/lib/python3.11/site-packages/numpy/lib/npyio.py", line 427, in load
    fid = stack.enter_context(open(os_fspath(file), "rb"))
                              ^^^^^^^^^^^^^^^^^^^^^^^^^^^
FileNotFoundError: [Errno 2] No such file or directory: '/home/kka151/scratch/holmes/datasets/CW/taf_aug_train.npz'
/home/kka151/venvs/python_11_5/lib/python3.11/site-packages/timm/models/layers/__init__.py:48: FutureWarning: Importing from timm.models.layers is deprecated, please import via timm.layers
  warnings.warn(f"Importing from {__name__} is deprecated, please import via timm.layers", FutureWarning)
Traceback (most recent call last):
  File "<frozen runpy>", line 198, in _run_module_as_main
  File "<frozen runpy>", line 88, in _run_code
  File "/lustre06/project/6058534/kka151/Website-Fingerprinting-Library/exp/data_analysis/spatial_analysis.py", line 65, in <module>
    valid_X, valid_y = data_processor.load_data(os.path.join(in_path, f"{args.valid_file}.npz"), args.feature, args.seq_len)
                       ^^^^^^^^^^^^^^^^^^^^^^^^^^^^^^^^^^^^^^^^^^^^^^^^^^^^^^^^^^^^^^^^^^^^^^^^^^^^^^^^^^^^^^^^^^^^^^^^^^^^^
  File "/lustre06/project/6058534/kka151/Website-Fingerprinting-Library/WFlib/tools/data_processor.py", line 37, in load_data
    data = np.load(data_path)
           ^^^^^^^^^^^^^^^^^^
  File "/cvmfs/soft.computecanada.ca/easybuild/software/2023/x86-64-v3/Compiler/gcccore/scipy-stack/2024a/lib/python3.11/site-packages/numpy/lib/npyio.py", line 427, in load
    fid = stack.enter_context(open(os_fspath(file), "rb"))
                              ^^^^^^^^^^^^^^^^^^^^^^^^^^^
FileNotFoundError: [Errno 2] No such file or directory: '/home/kka151/scratch/holmes/datasets/CW/taf_aug_valid.npz'
Traceback (most recent call last):
  File "<frozen runpy>", line 198, in _run_module_as_main
  File "<frozen runpy>", line 88, in _run_code
  File "/lustre06/project/6058534/kka151/Website-Fingerprinting-Library/exp/dataset_process/gen_taf.py", line 46, in <module>
    data = np.load(os.path.join(in_path, f"{args.in_file}.npz"))
           ^^^^^^^^^^^^^^^^^^^^^^^^^^^^^^^^^^^^^^^^^^^^^^^^^^^^^
  File "/cvmfs/soft.computecanada.ca/easybuild/software/2023/x86-64-v3/Compiler/gcccore/scipy-stack/2024a/lib/python3.11/site-packages/numpy/lib/npyio.py", line 427, in load
    fid = stack.enter_context(open(os_fspath(file), "rb"))
                              ^^^^^^^^^^^^^^^^^^^^^^^^^^^
FileNotFoundError: [Errno 2] No such file or directory: '/home/kka151/scratch/holmes/datasets/CW/test_p20.npz'
starting gen taf script for test_p20
/home/kka151/venvs/python_11_5/lib/python3.11/site-packages/timm/models/layers/__init__.py:48: FutureWarning: Importing from timm.models.layers is deprecated, please import via timm.layers
  warnings.warn(f"Importing from {__name__} is deprecated, please import via timm.layers", FutureWarning)
Traceback (most recent call last):
  File "<frozen runpy>", line 198, in _run_module_as_main
  File "<frozen runpy>", line 88, in _run_code
  File "/lustre06/project/6058534/kka151/Website-Fingerprinting-Library/exp/test.py", line 75, in <module>
    valid_X, valid_y = data_processor.load_data(os.path.join(in_path, f"{args.valid_file}.npz"), args.feature, args.seq_len, args.num_tabs)
                       ^^^^^^^^^^^^^^^^^^^^^^^^^^^^^^^^^^^^^^^^^^^^^^^^^^^^^^^^^^^^^^^^^^^^^^^^^^^^^^^^^^^^^^^^^^^^^^^^^^^^^^^^^^^^^^^^^^^^
  File "/lustre06/project/6058534/kka151/Website-Fingerprinting-Library/WFlib/tools/data_processor.py", line 37, in load_data
    data = np.load(data_path)
           ^^^^^^^^^^^^^^^^^^
  File "/cvmfs/soft.computecanada.ca/easybuild/software/2023/x86-64-v3/Compiler/gcccore/scipy-stack/2024a/lib/python3.11/site-packages/numpy/lib/npyio.py", line 427, in load
    fid = stack.enter_context(open(os_fspath(file), "rb"))
                              ^^^^^^^^^^^^^^^^^^^^^^^^^^^
FileNotFoundError: [Errno 2] No such file or directory: '/home/kka151/scratch/holmes/datasets/CW/taf_aug_valid.npz'
loading test file:  /home/kka151/scratch/holmes/datasets/CW/taf_test_p20.npz
Traceback (most recent call last):
  File "<frozen runpy>", line 198, in _run_module_as_main
  File "<frozen runpy>", line 88, in _run_code
  File "/lustre06/project/6058534/kka151/Website-Fingerprinting-Library/exp/dataset_process/gen_taf.py", line 46, in <module>
    data = np.load(os.path.join(in_path, f"{args.in_file}.npz"))
           ^^^^^^^^^^^^^^^^^^^^^^^^^^^^^^^^^^^^^^^^^^^^^^^^^^^^^
  File "/cvmfs/soft.computecanada.ca/easybuild/software/2023/x86-64-v3/Compiler/gcccore/scipy-stack/2024a/lib/python3.11/site-packages/numpy/lib/npyio.py", line 427, in load
    fid = stack.enter_context(open(os_fspath(file), "rb"))
                              ^^^^^^^^^^^^^^^^^^^^^^^^^^^
FileNotFoundError: [Errno 2] No such file or directory: '/home/kka151/scratch/holmes/datasets/CW/test_p30.npz'
starting gen taf script for test_p30
/home/kka151/venvs/python_11_5/lib/python3.11/site-packages/timm/models/layers/__init__.py:48: FutureWarning: Importing from timm.models.layers is deprecated, please import via timm.layers
  warnings.warn(f"Importing from {__name__} is deprecated, please import via timm.layers", FutureWarning)
Traceback (most recent call last):
  File "<frozen runpy>", line 198, in _run_module_as_main
  File "<frozen runpy>", line 88, in _run_code
  File "/lustre06/project/6058534/kka151/Website-Fingerprinting-Library/exp/test.py", line 75, in <module>
    valid_X, valid_y = data_processor.load_data(os.path.join(in_path, f"{args.valid_file}.npz"), args.feature, args.seq_len, args.num_tabs)
                       ^^^^^^^^^^^^^^^^^^^^^^^^^^^^^^^^^^^^^^^^^^^^^^^^^^^^^^^^^^^^^^^^^^^^^^^^^^^^^^^^^^^^^^^^^^^^^^^^^^^^^^^^^^^^^^^^^^^^
  File "/lustre06/project/6058534/kka151/Website-Fingerprinting-Library/WFlib/tools/data_processor.py", line 37, in load_data
    data = np.load(data_path)
           ^^^^^^^^^^^^^^^^^^
  File "/cvmfs/soft.computecanada.ca/easybuild/software/2023/x86-64-v3/Compiler/gcccore/scipy-stack/2024a/lib/python3.11/site-packages/numpy/lib/npyio.py", line 427, in load
    fid = stack.enter_context(open(os_fspath(file), "rb"))
                              ^^^^^^^^^^^^^^^^^^^^^^^^^^^
FileNotFoundError: [Errno 2] No such file or directory: '/home/kka151/scratch/holmes/datasets/CW/taf_aug_valid.npz'
loading test file:  /home/kka151/scratch/holmes/datasets/CW/taf_test_p30.npz
Traceback (most recent call last):
  File "<frozen runpy>", line 198, in _run_module_as_main
  File "<frozen runpy>", line 88, in _run_code
  File "/lustre06/project/6058534/kka151/Website-Fingerprinting-Library/exp/dataset_process/gen_taf.py", line 46, in <module>
    data = np.load(os.path.join(in_path, f"{args.in_file}.npz"))
           ^^^^^^^^^^^^^^^^^^^^^^^^^^^^^^^^^^^^^^^^^^^^^^^^^^^^^
  File "/cvmfs/soft.computecanada.ca/easybuild/software/2023/x86-64-v3/Compiler/gcccore/scipy-stack/2024a/lib/python3.11/site-packages/numpy/lib/npyio.py", line 427, in load
    fid = stack.enter_context(open(os_fspath(file), "rb"))
                              ^^^^^^^^^^^^^^^^^^^^^^^^^^^
FileNotFoundError: [Errno 2] No such file or directory: '/home/kka151/scratch/holmes/datasets/CW/test_p40.npz'
starting gen taf script for test_p40
/home/kka151/venvs/python_11_5/lib/python3.11/site-packages/timm/models/layers/__init__.py:48: FutureWarning: Importing from timm.models.layers is deprecated, please import via timm.layers
  warnings.warn(f"Importing from {__name__} is deprecated, please import via timm.layers", FutureWarning)
Traceback (most recent call last):
  File "<frozen runpy>", line 198, in _run_module_as_main
  File "<frozen runpy>", line 88, in _run_code
  File "/lustre06/project/6058534/kka151/Website-Fingerprinting-Library/exp/test.py", line 75, in <module>
    valid_X, valid_y = data_processor.load_data(os.path.join(in_path, f"{args.valid_file}.npz"), args.feature, args.seq_len, args.num_tabs)
                       ^^^^^^^^^^^^^^^^^^^^^^^^^^^^^^^^^^^^^^^^^^^^^^^^^^^^^^^^^^^^^^^^^^^^^^^^^^^^^^^^^^^^^^^^^^^^^^^^^^^^^^^^^^^^^^^^^^^^
  File "/lustre06/project/6058534/kka151/Website-Fingerprinting-Library/WFlib/tools/data_processor.py", line 37, in load_data
    data = np.load(data_path)
           ^^^^^^^^^^^^^^^^^^
  File "/cvmfs/soft.computecanada.ca/easybuild/software/2023/x86-64-v3/Compiler/gcccore/scipy-stack/2024a/lib/python3.11/site-packages/numpy/lib/npyio.py", line 427, in load
    fid = stack.enter_context(open(os_fspath(file), "rb"))
                              ^^^^^^^^^^^^^^^^^^^^^^^^^^^
FileNotFoundError: [Errno 2] No such file or directory: '/home/kka151/scratch/holmes/datasets/CW/taf_aug_valid.npz'
loading test file:  /home/kka151/scratch/holmes/datasets/CW/taf_test_p40.npz
Traceback (most recent call last):
  File "<frozen runpy>", line 198, in _run_module_as_main
  File "<frozen runpy>", line 88, in _run_code
  File "/lustre06/project/6058534/kka151/Website-Fingerprinting-Library/exp/dataset_process/gen_taf.py", line 46, in <module>
    data = np.load(os.path.join(in_path, f"{args.in_file}.npz"))
           ^^^^^^^^^^^^^^^^^^^^^^^^^^^^^^^^^^^^^^^^^^^^^^^^^^^^^
  File "/cvmfs/soft.computecanada.ca/easybuild/software/2023/x86-64-v3/Compiler/gcccore/scipy-stack/2024a/lib/python3.11/site-packages/numpy/lib/npyio.py", line 427, in load
    fid = stack.enter_context(open(os_fspath(file), "rb"))
                              ^^^^^^^^^^^^^^^^^^^^^^^^^^^
FileNotFoundError: [Errno 2] No such file or directory: '/home/kka151/scratch/holmes/datasets/CW/test_p50.npz'
starting gen taf script for test_p50
/home/kka151/venvs/python_11_5/lib/python3.11/site-packages/timm/models/layers/__init__.py:48: FutureWarning: Importing from timm.models.layers is deprecated, please import via timm.layers
  warnings.warn(f"Importing from {__name__} is deprecated, please import via timm.layers", FutureWarning)
Traceback (most recent call last):
  File "<frozen runpy>", line 198, in _run_module_as_main
  File "<frozen runpy>", line 88, in _run_code
  File "/lustre06/project/6058534/kka151/Website-Fingerprinting-Library/exp/test.py", line 75, in <module>
    valid_X, valid_y = data_processor.load_data(os.path.join(in_path, f"{args.valid_file}.npz"), args.feature, args.seq_len, args.num_tabs)
                       ^^^^^^^^^^^^^^^^^^^^^^^^^^^^^^^^^^^^^^^^^^^^^^^^^^^^^^^^^^^^^^^^^^^^^^^^^^^^^^^^^^^^^^^^^^^^^^^^^^^^^^^^^^^^^^^^^^^^
  File "/lustre06/project/6058534/kka151/Website-Fingerprinting-Library/WFlib/tools/data_processor.py", line 37, in load_data
    data = np.load(data_path)
           ^^^^^^^^^^^^^^^^^^
  File "/cvmfs/soft.computecanada.ca/easybuild/software/2023/x86-64-v3/Compiler/gcccore/scipy-stack/2024a/lib/python3.11/site-packages/numpy/lib/npyio.py", line 427, in load
    fid = stack.enter_context(open(os_fspath(file), "rb"))
                              ^^^^^^^^^^^^^^^^^^^^^^^^^^^
FileNotFoundError: [Errno 2] No such file or directory: '/home/kka151/scratch/holmes/datasets/CW/taf_aug_valid.npz'
loading test file:  /home/kka151/scratch/holmes/datasets/CW/taf_test_p50.npz
Traceback (most recent call last):
  File "<frozen runpy>", line 198, in _run_module_as_main
  File "<frozen runpy>", line 88, in _run_code
  File "/lustre06/project/6058534/kka151/Website-Fingerprinting-Library/exp/dataset_process/gen_taf.py", line 46, in <module>
    data = np.load(os.path.join(in_path, f"{args.in_file}.npz"))
           ^^^^^^^^^^^^^^^^^^^^^^^^^^^^^^^^^^^^^^^^^^^^^^^^^^^^^
  File "/cvmfs/soft.computecanada.ca/easybuild/software/2023/x86-64-v3/Compiler/gcccore/scipy-stack/2024a/lib/python3.11/site-packages/numpy/lib/npyio.py", line 427, in load
    fid = stack.enter_context(open(os_fspath(file), "rb"))
                              ^^^^^^^^^^^^^^^^^^^^^^^^^^^
FileNotFoundError: [Errno 2] No such file or directory: '/home/kka151/scratch/holmes/datasets/CW/test_p60.npz'
starting gen taf script for test_p60
/home/kka151/venvs/python_11_5/lib/python3.11/site-packages/timm/models/layers/__init__.py:48: FutureWarning: Importing from timm.models.layers is deprecated, please import via timm.layers
  warnings.warn(f"Importing from {__name__} is deprecated, please import via timm.layers", FutureWarning)
Traceback (most recent call last):
  File "<frozen runpy>", line 198, in _run_module_as_main
  File "<frozen runpy>", line 88, in _run_code
  File "/lustre06/project/6058534/kka151/Website-Fingerprinting-Library/exp/test.py", line 75, in <module>
    valid_X, valid_y = data_processor.load_data(os.path.join(in_path, f"{args.valid_file}.npz"), args.feature, args.seq_len, args.num_tabs)
                       ^^^^^^^^^^^^^^^^^^^^^^^^^^^^^^^^^^^^^^^^^^^^^^^^^^^^^^^^^^^^^^^^^^^^^^^^^^^^^^^^^^^^^^^^^^^^^^^^^^^^^^^^^^^^^^^^^^^^
  File "/lustre06/project/6058534/kka151/Website-Fingerprinting-Library/WFlib/tools/data_processor.py", line 37, in load_data
    data = np.load(data_path)
           ^^^^^^^^^^^^^^^^^^
  File "/cvmfs/soft.computecanada.ca/easybuild/software/2023/x86-64-v3/Compiler/gcccore/scipy-stack/2024a/lib/python3.11/site-packages/numpy/lib/npyio.py", line 427, in load
    fid = stack.enter_context(open(os_fspath(file), "rb"))
                              ^^^^^^^^^^^^^^^^^^^^^^^^^^^
FileNotFoundError: [Errno 2] No such file or directory: '/home/kka151/scratch/holmes/datasets/CW/taf_aug_valid.npz'
loading test file:  /home/kka151/scratch/holmes/datasets/CW/taf_test_p60.npz
Traceback (most recent call last):
  File "<frozen runpy>", line 198, in _run_module_as_main
  File "<frozen runpy>", line 88, in _run_code
  File "/lustre06/project/6058534/kka151/Website-Fingerprinting-Library/exp/dataset_process/gen_taf.py", line 46, in <module>
    data = np.load(os.path.join(in_path, f"{args.in_file}.npz"))
           ^^^^^^^^^^^^^^^^^^^^^^^^^^^^^^^^^^^^^^^^^^^^^^^^^^^^^
  File "/cvmfs/soft.computecanada.ca/easybuild/software/2023/x86-64-v3/Compiler/gcccore/scipy-stack/2024a/lib/python3.11/site-packages/numpy/lib/npyio.py", line 427, in load
    fid = stack.enter_context(open(os_fspath(file), "rb"))
                              ^^^^^^^^^^^^^^^^^^^^^^^^^^^
FileNotFoundError: [Errno 2] No such file or directory: '/home/kka151/scratch/holmes/datasets/CW/test_p70.npz'
starting gen taf script for test_p70
/home/kka151/venvs/python_11_5/lib/python3.11/site-packages/timm/models/layers/__init__.py:48: FutureWarning: Importing from timm.models.layers is deprecated, please import via timm.layers
  warnings.warn(f"Importing from {__name__} is deprecated, please import via timm.layers", FutureWarning)
Traceback (most recent call last):
  File "<frozen runpy>", line 198, in _run_module_as_main
  File "<frozen runpy>", line 88, in _run_code
  File "/lustre06/project/6058534/kka151/Website-Fingerprinting-Library/exp/test.py", line 75, in <module>
    valid_X, valid_y = data_processor.load_data(os.path.join(in_path, f"{args.valid_file}.npz"), args.feature, args.seq_len, args.num_tabs)
                       ^^^^^^^^^^^^^^^^^^^^^^^^^^^^^^^^^^^^^^^^^^^^^^^^^^^^^^^^^^^^^^^^^^^^^^^^^^^^^^^^^^^^^^^^^^^^^^^^^^^^^^^^^^^^^^^^^^^^
  File "/lustre06/project/6058534/kka151/Website-Fingerprinting-Library/WFlib/tools/data_processor.py", line 37, in load_data
    data = np.load(data_path)
           ^^^^^^^^^^^^^^^^^^
  File "/cvmfs/soft.computecanada.ca/easybuild/software/2023/x86-64-v3/Compiler/gcccore/scipy-stack/2024a/lib/python3.11/site-packages/numpy/lib/npyio.py", line 427, in load
    fid = stack.enter_context(open(os_fspath(file), "rb"))
                              ^^^^^^^^^^^^^^^^^^^^^^^^^^^
FileNotFoundError: [Errno 2] No such file or directory: '/home/kka151/scratch/holmes/datasets/CW/taf_aug_valid.npz'
loading test file:  /home/kka151/scratch/holmes/datasets/CW/taf_test_p70.npz
Traceback (most recent call last):
  File "<frozen runpy>", line 198, in _run_module_as_main
  File "<frozen runpy>", line 88, in _run_code
  File "/lustre06/project/6058534/kka151/Website-Fingerprinting-Library/exp/dataset_process/gen_taf.py", line 46, in <module>
    data = np.load(os.path.join(in_path, f"{args.in_file}.npz"))
           ^^^^^^^^^^^^^^^^^^^^^^^^^^^^^^^^^^^^^^^^^^^^^^^^^^^^^
  File "/cvmfs/soft.computecanada.ca/easybuild/software/2023/x86-64-v3/Compiler/gcccore/scipy-stack/2024a/lib/python3.11/site-packages/numpy/lib/npyio.py", line 427, in load
    fid = stack.enter_context(open(os_fspath(file), "rb"))
                              ^^^^^^^^^^^^^^^^^^^^^^^^^^^
FileNotFoundError: [Errno 2] No such file or directory: '/home/kka151/scratch/holmes/datasets/CW/test_p80.npz'
starting gen taf script for test_p80
/home/kka151/venvs/python_11_5/lib/python3.11/site-packages/timm/models/layers/__init__.py:48: FutureWarning: Importing from timm.models.layers is deprecated, please import via timm.layers
  warnings.warn(f"Importing from {__name__} is deprecated, please import via timm.layers", FutureWarning)
Traceback (most recent call last):
  File "<frozen runpy>", line 198, in _run_module_as_main
  File "<frozen runpy>", line 88, in _run_code
  File "/lustre06/project/6058534/kka151/Website-Fingerprinting-Library/exp/test.py", line 75, in <module>
    valid_X, valid_y = data_processor.load_data(os.path.join(in_path, f"{args.valid_file}.npz"), args.feature, args.seq_len, args.num_tabs)
                       ^^^^^^^^^^^^^^^^^^^^^^^^^^^^^^^^^^^^^^^^^^^^^^^^^^^^^^^^^^^^^^^^^^^^^^^^^^^^^^^^^^^^^^^^^^^^^^^^^^^^^^^^^^^^^^^^^^^^
  File "/lustre06/project/6058534/kka151/Website-Fingerprinting-Library/WFlib/tools/data_processor.py", line 37, in load_data
    data = np.load(data_path)
           ^^^^^^^^^^^^^^^^^^
  File "/cvmfs/soft.computecanada.ca/easybuild/software/2023/x86-64-v3/Compiler/gcccore/scipy-stack/2024a/lib/python3.11/site-packages/numpy/lib/npyio.py", line 427, in load
    fid = stack.enter_context(open(os_fspath(file), "rb"))
                              ^^^^^^^^^^^^^^^^^^^^^^^^^^^
FileNotFoundError: [Errno 2] No such file or directory: '/home/kka151/scratch/holmes/datasets/CW/taf_aug_valid.npz'
loading test file:  /home/kka151/scratch/holmes/datasets/CW/taf_test_p80.npz
Traceback (most recent call last):
  File "<frozen runpy>", line 198, in _run_module_as_main
  File "<frozen runpy>", line 88, in _run_code
  File "/lustre06/project/6058534/kka151/Website-Fingerprinting-Library/exp/dataset_process/gen_taf.py", line 46, in <module>
    data = np.load(os.path.join(in_path, f"{args.in_file}.npz"))
           ^^^^^^^^^^^^^^^^^^^^^^^^^^^^^^^^^^^^^^^^^^^^^^^^^^^^^
  File "/cvmfs/soft.computecanada.ca/easybuild/software/2023/x86-64-v3/Compiler/gcccore/scipy-stack/2024a/lib/python3.11/site-packages/numpy/lib/npyio.py", line 427, in load
    fid = stack.enter_context(open(os_fspath(file), "rb"))
                              ^^^^^^^^^^^^^^^^^^^^^^^^^^^
FileNotFoundError: [Errno 2] No such file or directory: '/home/kka151/scratch/holmes/datasets/CW/test_p90.npz'
starting gen taf script for test_p90
/home/kka151/venvs/python_11_5/lib/python3.11/site-packages/timm/models/layers/__init__.py:48: FutureWarning: Importing from timm.models.layers is deprecated, please import via timm.layers
  warnings.warn(f"Importing from {__name__} is deprecated, please import via timm.layers", FutureWarning)
Traceback (most recent call last):
  File "<frozen runpy>", line 198, in _run_module_as_main
  File "<frozen runpy>", line 88, in _run_code
  File "/lustre06/project/6058534/kka151/Website-Fingerprinting-Library/exp/test.py", line 75, in <module>
    valid_X, valid_y = data_processor.load_data(os.path.join(in_path, f"{args.valid_file}.npz"), args.feature, args.seq_len, args.num_tabs)
                       ^^^^^^^^^^^^^^^^^^^^^^^^^^^^^^^^^^^^^^^^^^^^^^^^^^^^^^^^^^^^^^^^^^^^^^^^^^^^^^^^^^^^^^^^^^^^^^^^^^^^^^^^^^^^^^^^^^^^
  File "/lustre06/project/6058534/kka151/Website-Fingerprinting-Library/WFlib/tools/data_processor.py", line 37, in load_data
    data = np.load(data_path)
           ^^^^^^^^^^^^^^^^^^
  File "/cvmfs/soft.computecanada.ca/easybuild/software/2023/x86-64-v3/Compiler/gcccore/scipy-stack/2024a/lib/python3.11/site-packages/numpy/lib/npyio.py", line 427, in load
    fid = stack.enter_context(open(os_fspath(file), "rb"))
                              ^^^^^^^^^^^^^^^^^^^^^^^^^^^
FileNotFoundError: [Errno 2] No such file or directory: '/home/kka151/scratch/holmes/datasets/CW/taf_aug_valid.npz'
loading test file:  /home/kka151/scratch/holmes/datasets/CW/taf_test_p90.npz
Traceback (most recent call last):
  File "<frozen runpy>", line 198, in _run_module_as_main
  File "<frozen runpy>", line 88, in _run_code
  File "/lustre06/project/6058534/kka151/Website-Fingerprinting-Library/exp/dataset_process/gen_taf.py", line 46, in <module>
    data = np.load(os.path.join(in_path, f"{args.in_file}.npz"))
           ^^^^^^^^^^^^^^^^^^^^^^^^^^^^^^^^^^^^^^^^^^^^^^^^^^^^^
  File "/cvmfs/soft.computecanada.ca/easybuild/software/2023/x86-64-v3/Compiler/gcccore/scipy-stack/2024a/lib/python3.11/site-packages/numpy/lib/npyio.py", line 427, in load
    fid = stack.enter_context(open(os_fspath(file), "rb"))
                              ^^^^^^^^^^^^^^^^^^^^^^^^^^^
FileNotFoundError: [Errno 2] No such file or directory: '/home/kka151/scratch/holmes/datasets/CW/test_p100.npz'
starting gen taf script for test_p100
/home/kka151/venvs/python_11_5/lib/python3.11/site-packages/timm/models/layers/__init__.py:48: FutureWarning: Importing from timm.models.layers is deprecated, please import via timm.layers
  warnings.warn(f"Importing from {__name__} is deprecated, please import via timm.layers", FutureWarning)
Traceback (most recent call last):
  File "<frozen runpy>", line 198, in _run_module_as_main
  File "<frozen runpy>", line 88, in _run_code
  File "/lustre06/project/6058534/kka151/Website-Fingerprinting-Library/exp/test.py", line 75, in <module>
    valid_X, valid_y = data_processor.load_data(os.path.join(in_path, f"{args.valid_file}.npz"), args.feature, args.seq_len, args.num_tabs)
                       ^^^^^^^^^^^^^^^^^^^^^^^^^^^^^^^^^^^^^^^^^^^^^^^^^^^^^^^^^^^^^^^^^^^^^^^^^^^^^^^^^^^^^^^^^^^^^^^^^^^^^^^^^^^^^^^^^^^^
  File "/lustre06/project/6058534/kka151/Website-Fingerprinting-Library/WFlib/tools/data_processor.py", line 37, in load_data
    data = np.load(data_path)
           ^^^^^^^^^^^^^^^^^^
  File "/cvmfs/soft.computecanada.ca/easybuild/software/2023/x86-64-v3/Compiler/gcccore/scipy-stack/2024a/lib/python3.11/site-packages/numpy/lib/npyio.py", line 427, in load
    fid = stack.enter_context(open(os_fspath(file), "rb"))
                              ^^^^^^^^^^^^^^^^^^^^^^^^^^^
FileNotFoundError: [Errno 2] No such file or directory: '/home/kka151/scratch/holmes/datasets/CW/taf_aug_valid.npz'
loading test file:  /home/kka151/scratch/holmes/datasets/CW/taf_test_p100.npz
