X nd y are loaded for temporal feature extraction
X shape is (76950, 10000)
y shape is (76950,)
  0%|          | 0/76950 [00:00<?, ?it/s]  0%|          | 86/76950 [00:00<01:30, 853.84it/s]  0%|          | 182/76950 [00:00<01:24, 912.13it/s]  0%|          | 284/76950 [00:00<01:20, 951.17it/s]  1%|          | 406/76950 [00:00<01:13, 1041.48it/s]  1%|          | 511/76950 [00:00<01:14, 1028.91it/s]  1%|          | 614/76950 [00:00<01:16, 1004.15it/s]  1%|          | 715/76950 [00:00<01:19, 963.38it/s]   1%|          | 818/76950 [00:00<01:17, 981.21it/s]  1%|          | 934/76950 [00:00<01:13, 1033.95it/s]  1%|▏         | 1038/76950 [00:01<01:14, 1016.32it/s]  1%|▏         | 1148/76950 [00:01<01:12, 1038.71it/s]  2%|▏         | 1253/76950 [00:01<01:14, 1018.77it/s]  2%|▏         | 1361/76950 [00:01<01:13, 1032.07it/s]  2%|▏         | 1470/76950 [00:01<01:12, 1045.88it/s]  2%|▏         | 1575/76950 [00:01<01:12, 1045.53it/s]  2%|▏         | 1680/76950 [00:01<01:12, 1035.85it/s]  2%|▏         | 1784/76950 [00:01<01:12, 1033.99it/s]  2%|▏         | 1888/76950 [00:01<01:13, 1024.95it/s]  3%|▎         | 1991/76950 [00:01<01:13, 1014.67it/s]  3%|▎         | 2093/76950 [00:02<01:14, 998.97it/s]   3%|▎         | 2205/76950 [00:02<01:12, 1031.87it/s]  3%|▎         | 2311/76950 [00:02<01:11, 1037.92it/s]  3%|▎         | 2415/76950 [00:02<01:13, 1011.25it/s]  3%|▎         | 2517/76950 [00:02<01:17, 964.86it/s]   3%|▎         | 2622/76950 [00:02<01:15, 988.34it/s]  4%|▎         | 2737/76950 [00:02<01:11, 1033.68it/s]  4%|▎         | 2841/76950 [00:02<01:12, 1025.44it/s]  4%|▍         | 2960/76950 [00:02<01:08, 1072.71it/s]  4%|▍         | 3068/76950 [00:03<01:11, 1029.27it/s]  4%|▍         | 3172/76950 [00:03<01:12, 1013.05it/s]  4%|▍         | 3283/76950 [00:03<01:11, 1037.13it/s]  4%|▍         | 3388/76950 [00:03<01:11, 1022.53it/s]  5%|▍         | 3491/76950 [00:03<01:15, 968.23it/s]   5%|▍         | 3589/76950 [00:03<01:18, 933.20it/s]  5%|▍         | 3685/76950 [00:03<01:17, 940.34it/s]  5%|▍         | 3788/76950 [00:03<01:16, 962.00it/s]  5%|▌         | 3885/76950 [00:03<01:16, 955.60it/s]  5%|▌         | 4003/76950 [00:03<01:11, 1020.19it/s]  5%|▌         | 4106/76950 [00:04<01:12, 1004.34it/s]  5%|▌         | 4216/76950 [00:04<01:10, 1031.99it/s]  6%|▌         | 4321/76950 [00:04<01:10, 1036.07it/s]  6%|▌         | 4425/76950 [00:04<01:11, 1021.38it/s]  6%|▌         | 4549/76950 [00:04<01:07, 1076.29it/s]  6%|▌         | 4657/76950 [00:04<01:07, 1069.67it/s]  6%|▌         | 4765/76950 [00:04<01:08, 1046.22it/s]  6%|▋         | 4870/76950 [00:04<01:09, 1032.60it/s]  6%|▋         | 4978/76950 [00:04<01:08, 1044.29it/s]  7%|▋         | 5083/76950 [00:05<01:09, 1033.27it/s]  7%|▋         | 5187/76950 [00:05<01:09, 1034.09it/s]  7%|▋         | 5291/76950 [00:05<01:15, 955.09it/s]   7%|▋         | 5391/76950 [00:05<01:13, 967.46it/s]  7%|▋         | 5489/76950 [00:05<01:14, 960.97it/s]  7%|▋         | 5586/76950 [00:05<01:16, 933.65it/s]  7%|▋         | 5686/76950 [00:05<01:14, 950.91it/s]  8%|▊         | 5808/76950 [00:05<01:09, 1022.85it/s]  8%|▊         | 5911/76950 [00:05<01:13, 972.52it/s]   8%|▊         | 6024/76950 [00:05<01:09, 1016.21it/s]  8%|▊         | 6127/76950 [00:06<01:10, 1009.80it/s]  8%|▊         | 6229/76950 [00:06<01:11, 988.33it/s]   8%|▊         | 6335/76950 [00:06<01:10, 1008.77it/s]  8%|▊         | 6437/76950 [00:06<01:10, 999.78it/s]   9%|▊         | 6559/76950 [00:06<01:06, 1063.72it/s]  9%|▊         | 6682/76950 [00:06<01:03, 1102.70it/s]  9%|▉         | 6804/76950 [00:06<01:01, 1133.50it/s]  9%|▉         | 6918/76950 [00:06<01:06, 1049.52it/s]  9%|▉         | 7025/76950 [00:06<01:10, 998.72it/s]   9%|▉         | 7137/76950 [00:07<01:07, 1031.94it/s]  9%|▉         | 7242/76950 [00:07<01:08, 1015.92it/s] 10%|▉         | 7345/76950 [00:07<01:12, 966.39it/s]  10%|▉         | 7443/76950 [00:07<01:12, 960.15it/s] 10%|▉         | 7557/76950 [00:07<01:08, 1008.96it/s] 10%|▉         | 7660/76950 [00:07<01:08, 1013.16it/s] 10%|█         | 7762/76950 [00:07<01:09, 998.98it/s]  10%|█         | 7868/76950 [00:07<01:08, 1009.94it/s] 10%|█         | 7971/76950 [00:07<01:08, 1012.13it/s] 10%|█         | 8075/76950 [00:07<01:07, 1016.78it/s] 11%|█         | 8177/76950 [00:08<01:08, 1009.18it/s] 11%|█         | 8302/76950 [00:08<01:03, 1074.83it/s] 11%|█         | 8410/76950 [00:08<01:08, 998.27it/s]  11%|█         | 8517/76950 [00:08<01:07, 1015.13it/s] 11%|█         | 8620/76950 [00:08<01:10, 971.71it/s]  11%|█▏        | 8730/76950 [00:08<01:07, 1007.38it/s] 11%|█▏        | 8840/76950 [00:08<01:05, 1032.68it/s] 12%|█▏        | 8944/76950 [00:08<01:06, 1022.70it/s] 12%|█▏        | 9050/76950 [00:08<01:06, 1022.67it/s] 12%|█▏        | 9153/76950 [00:09<01:08, 993.19it/s]  12%|█▏        | 9259/76950 [00:09<01:07, 1004.81it/s] 12%|█▏        | 9380/76950 [00:09<01:03, 1056.66it/s] 12%|█▏        | 9486/76950 [00:09<01:07, 1006.25it/s] 12%|█▏        | 9588/76950 [00:09<01:08, 981.50it/s]  13%|█▎        | 9689/76950 [00:09<01:07, 989.50it/s] 13%|█▎        | 9807/76950 [00:09<01:04, 1042.86it/s] 13%|█▎        | 9913/76950 [00:09<01:04, 1043.35it/s] 13%|█▎        | 10018/76950 [00:09<01:06, 1012.94it/s] 13%|█▎        | 10123/76950 [00:09<01:05, 1020.20it/s] 13%|█▎        | 10226/76950 [00:10<01:05, 1018.40it/s] 13%|█▎        | 10334/76950 [00:10<01:04, 1032.67it/s] 14%|█▎        | 10438/76950 [00:10<01:05, 1017.28it/s] 14%|█▎        | 10540/76950 [00:10<01:07, 980.34it/s]  14%|█▍        | 10639/76950 [00:10<01:09, 959.05it/s] 14%|█▍        | 10748/76950 [00:10<01:06, 996.27it/s] 14%|█▍        | 10848/76950 [00:10<01:06, 995.35it/s] 14%|█▍        | 10948/76950 [00:10<01:06, 986.92it/s] 14%|█▍        | 11047/76950 [00:10<01:08, 968.81it/s] 14%|█▍        | 11152/76950 [00:11<01:06, 991.97it/s] 15%|█▍        | 11252/76950 [00:11<01:06, 985.77it/s] 15%|█▍        | 11360/76950 [00:11<01:04, 1009.10it/s] 15%|█▍        | 11469/76950 [00:11<01:03, 1032.90it/s] 15%|█▌        | 11573/76950 [00:11<01:08, 948.75it/s]  15%|█▌        | 11685/76950 [00:11<01:05, 996.28it/s] 15%|█▌        | 11786/76950 [00:11<01:07, 965.65it/s] 15%|█▌        | 11884/76950 [00:11<01:08, 943.70it/s] 16%|█▌        | 11980/76950 [00:11<01:10, 928.11it/s] 16%|█▌        | 12086/76950 [00:12<01:07, 963.84it/s] 16%|█▌        | 12197/76950 [00:12<01:04, 1005.50it/s] 16%|█▌        | 12299/76950 [00:12<01:05, 992.20it/s]  16%|█▌        | 12411/76950 [00:12<01:02, 1028.25it/s] 16%|█▋        | 12516/76950 [00:12<01:02, 1023.04it/s] 16%|█▋        | 12619/76950 [00:12<01:05, 976.78it/s]  17%|█▋        | 12726/76950 [00:12<01:04, 1002.90it/s] 17%|█▋        | 12827/76950 [00:12<01:05, 973.24it/s]  17%|█▋        | 12925/76950 [00:12<01:05, 974.43it/s] 17%|█▋        | 13043/76950 [00:12<01:01, 1032.99it/s] 17%|█▋        | 13147/76950 [00:13<01:01, 1029.23it/s] 17%|█▋        | 13251/76950 [00:13<01:02, 1016.08it/s] 17%|█▋        | 13362/76950 [00:13<01:00, 1042.68it/s] 18%|█▊        | 13467/76950 [00:13<01:04, 991.60it/s]  18%|█▊        | 13575/76950 [00:13<01:02, 1016.35it/s] 18%|█▊        | 13678/76950 [00:13<01:03, 998.16it/s]  18%|█▊        | 13779/76950 [00:13<01:03, 998.50it/s] 18%|█▊        | 13899/76950 [00:13<00:59, 1054.73it/s] 18%|█▊        | 14005/76950 [00:13<00:59, 1051.51it/s] 18%|█▊        | 14111/76950 [00:13<01:01, 1019.32it/s] 18%|█▊        | 14214/76950 [00:14<01:02, 1007.71it/s] 19%|█▊        | 14316/76950 [00:14<01:03, 990.58it/s]  19%|█▊        | 14418/76950 [00:14<01:02, 995.05it/s] 19%|█▉        | 14518/76950 [00:14<01:02, 993.85it/s] 19%|█▉        | 14624/76950 [00:14<01:02, 1003.03it/s] 19%|█▉        | 14725/76950 [00:14<01:02, 1003.33it/s] 19%|█▉        | 14834/76950 [00:14<01:00, 1027.70it/s] 19%|█▉        | 14943/76950 [00:14<00:59, 1042.59it/s] 20%|█▉        | 15054/76950 [00:14<00:58, 1056.44it/s] 20%|█▉        | 15160/76950 [00:15<00:59, 1037.53it/s] 20%|█▉        | 15264/76950 [00:15<00:59, 1029.97it/s] 20%|█▉        | 15371/76950 [00:15<00:59, 1038.69it/s] 20%|██        | 15475/76950 [00:15<01:01, 1006.99it/s] 20%|██        | 15585/76950 [00:15<00:59, 1033.75it/s] 20%|██        | 15702/76950 [00:15<00:57, 1073.53it/s] 21%|██        | 15810/76950 [00:15<00:57, 1062.65it/s] 21%|██        | 15917/76950 [00:15<00:58, 1051.57it/s] 21%|██        | 16041/76950 [00:15<00:55, 1098.20it/s] 21%|██        | 16151/76950 [00:15<00:56, 1084.40it/s] 21%|██        | 16260/76950 [00:16<00:59, 1023.64it/s] 21%|██▏       | 16364/76950 [00:16<00:59, 1016.53it/s] 21%|██▏       | 16471/76950 [00:16<00:58, 1026.85it/s] 22%|██▏       | 16575/76950 [00:16<01:00, 995.04it/s]  22%|██▏       | 16681/76950 [00:16<00:59, 1009.26it/s] 22%|██▏       | 16783/76950 [00:16<01:00, 989.26it/s]  22%|██▏       | 16901/76950 [00:16<00:57, 1042.16it/s] 22%|██▏       | 17007/76950 [00:16<00:57, 1038.10it/s] 22%|██▏       | 17129/76950 [00:16<00:54, 1088.23it/s] 22%|██▏       | 17239/76950 [00:17<00:56, 1062.99it/s] 23%|██▎       | 17346/76950 [00:17<00:56, 1052.13it/s] 23%|██▎       | 17452/76950 [00:17<00:58, 1013.96it/s] 23%|██▎       | 17554/76950 [00:17<00:58, 1012.38it/s] 23%|██▎       | 17665/76950 [00:17<00:57, 1036.64it/s] 23%|██▎       | 17776/76950 [00:17<00:56, 1056.20it/s] 23%|██▎       | 17897/76950 [00:17<00:53, 1100.83it/s] 23%|██▎       | 18008/76950 [00:17<00:56, 1043.66it/s] 24%|██▎       | 18114/76950 [00:17<00:59, 994.42it/s]  24%|██▎       | 18227/76950 [00:17<00:56, 1031.81it/s] 24%|██▍       | 18332/76950 [00:18<00:57, 1022.80it/s] 24%|██▍       | 18436/76950 [00:18<00:56, 1027.58it/s] 24%|██▍       | 18540/76950 [00:18<00:56, 1025.68it/s] 24%|██▍       | 18648/76950 [00:18<00:56, 1038.84it/s] 24%|██▍       | 18753/76950 [00:18<00:56, 1021.29it/s] 25%|██▍       | 18856/76950 [00:18<01:01, 951.09it/s]  25%|██▍       | 18963/76950 [00:18<00:59, 981.26it/s] 25%|██▍       | 19073/76950 [00:18<00:57, 1011.32it/s] 25%|██▍       | 19175/76950 [00:18<00:58, 992.01it/s]  25%|██▌       | 19275/76950 [00:19<01:00, 958.88it/s] 25%|██▌       | 19379/76950 [00:19<00:58, 975.92it/s] 25%|██▌       | 19485/76950 [00:19<00:57, 996.44it/s] 25%|██▌       | 19586/76950 [00:19<00:57, 992.38it/s] 26%|██▌       | 19686/76950 [00:19<00:58, 982.12it/s] 26%|██▌       | 19802/76950 [00:19<00:55, 1031.85it/s] 26%|██▌       | 19906/76950 [00:19<00:56, 1011.20it/s] 26%|██▌       | 20024/76950 [00:19<00:53, 1059.38it/s] 26%|██▌       | 20131/76950 [00:19<00:55, 1019.47it/s] 26%|██▋       | 20236/76950 [00:19<00:55, 1027.88it/s] 26%|██▋       | 20343/76950 [00:20<00:55, 1029.07it/s] 27%|██▋       | 20448/76950 [00:20<00:54, 1034.58it/s] 27%|██▋       | 20552/76950 [00:20<00:56, 1002.99it/s] 27%|██▋       | 20653/76950 [00:20<00:57, 974.47it/s]  27%|██▋       | 20760/76950 [00:20<00:56, 997.95it/s] 27%|██▋       | 20861/76950 [00:20<00:58, 964.20it/s] 27%|██▋       | 20974/76950 [00:20<00:55, 1010.21it/s] 27%|██▋       | 21083/76950 [00:20<00:54, 1030.25it/s] 28%|██▊       | 21187/76950 [00:20<00:57, 964.37it/s]  28%|██▊       | 21289/76950 [00:21<00:57, 975.94it/s] 28%|██▊       | 21388/76950 [00:21<00:57, 958.88it/s] 28%|██▊       | 21493/76950 [00:21<00:56, 984.04it/s] 28%|██▊       | 21597/76950 [00:21<00:55, 997.65it/s] 28%|██▊       | 21698/76950 [00:21<00:56, 978.18it/s] 28%|██▊       | 21797/76950 [00:21<00:58, 939.36it/s] 28%|██▊       | 21892/76950 [00:21<00:58, 940.96it/s] 29%|██▊       | 21987/76950 [00:21<00:58, 938.01it/s] 29%|██▊       | 22095/76950 [00:21<00:56, 969.72it/s] 29%|██▉       | 22199/76950 [00:21<00:55, 988.05it/s] 29%|██▉       | 22303/76950 [00:22<00:54, 1002.86it/s] 29%|██▉       | 22407/76950 [00:22<00:53, 1011.77it/s] 29%|██▉       | 22513/76950 [00:22<00:53, 1025.25it/s] 29%|██▉       | 22616/76950 [00:22<00:54, 1003.02it/s] 30%|██▉       | 22717/76950 [00:22<00:56, 964.90it/s]  30%|██▉       | 22814/76950 [00:22<00:56, 963.05it/s] 30%|██▉       | 22922/76950 [00:22<00:54, 996.47it/s] 30%|██▉       | 23022/76950 [00:22<00:54, 983.07it/s] 30%|███       | 23121/76950 [00:22<00:56, 957.15it/s] 30%|███       | 23218/76950 [00:23<00:55, 960.23it/s] 30%|███       | 23329/76950 [00:23<00:53, 1003.81it/s] 30%|███       | 23430/76950 [00:23<00:54, 990.34it/s]  31%|███       | 23530/76950 [00:23<00:54, 982.32it/s] 31%|███       | 23629/76950 [00:23<00:56, 945.81it/s] 31%|███       | 23739/76950 [00:23<00:53, 988.93it/s] 31%|███       | 23843/76950 [00:23<00:53, 1000.44it/s] 31%|███       | 23947/76950 [00:23<00:52, 1009.52it/s] 31%|███▏      | 24049/76950 [00:23<00:52, 1008.95it/s] 31%|███▏      | 24156/76950 [00:23<00:51, 1026.49it/s] 32%|███▏      | 24259/76950 [00:24<00:51, 1018.42it/s] 32%|███▏      | 24361/76950 [00:24<00:53, 989.44it/s]  32%|███▏      | 24467/76950 [00:24<00:52, 1005.90it/s] 32%|███▏      | 24575/76950 [00:24<00:51, 1022.02it/s] 32%|███▏      | 24689/76950 [00:24<00:49, 1055.98it/s] 32%|███▏      | 24795/76950 [00:24<00:50, 1028.18it/s] 32%|███▏      | 24899/76950 [00:24<00:51, 1001.23it/s] 32%|███▏      | 25005/76950 [00:24<00:51, 1012.65it/s] 33%|███▎      | 25107/76950 [00:24<00:51, 998.62it/s]  33%|███▎      | 25208/76950 [00:25<00:53, 975.49it/s] 33%|███▎      | 25306/76950 [00:25<00:53, 963.61it/s] 33%|███▎      | 25409/76950 [00:25<00:52, 981.43it/s] 33%|███▎      | 25512/76950 [00:25<00:51, 989.47it/s] 33%|███▎      | 25620/76950 [00:25<00:50, 1011.65it/s] 33%|███▎      | 25722/76950 [00:25<00:51, 1000.09it/s] 34%|███▎      | 25823/76950 [00:25<00:51, 998.54it/s]  34%|███▎      | 25938/76950 [00:25<00:49, 1038.64it/s] 34%|███▍      | 26042/76950 [00:25<00:49, 1025.79it/s] 34%|███▍      | 26145/76950 [00:25<00:50, 1001.01it/s] 34%|███▍      | 26247/76950 [00:26<00:50, 1004.65it/s] 34%|███▍      | 26355/76950 [00:26<00:49, 1026.23it/s] 34%|███▍      | 26477/76950 [00:26<00:46, 1080.30it/s] 35%|███▍      | 26586/76950 [00:26<00:48, 1037.47it/s] 35%|███▍      | 26720/76950 [00:26<00:44, 1123.66it/s] 35%|███▍      | 26834/76950 [00:26<00:46, 1074.53it/s] 35%|███▌      | 26951/76950 [00:26<00:45, 1101.05it/s] 35%|███▌      | 27062/76950 [00:26<00:47, 1051.40it/s] 35%|███▌      | 27180/76950 [00:26<00:45, 1082.29it/s] 35%|███▌      | 27289/76950 [00:27<00:48, 1023.40it/s] 36%|███▌      | 27393/76950 [00:27<00:50, 980.15it/s]  36%|███▌      | 27503/76950 [00:27<00:49, 1006.56it/s] 36%|███▌      | 27615/76950 [00:27<00:47, 1036.75it/s] 36%|███▌      | 27720/76950 [00:27<00:48, 1019.63it/s] 36%|███▌      | 27823/76950 [00:27<00:48, 1013.49it/s] 36%|███▋      | 27925/76950 [00:27<00:49, 982.97it/s]  36%|███▋      | 28044/76950 [00:27<00:47, 1036.45it/s] 37%|███▋      | 28164/76950 [00:27<00:45, 1083.07it/s] 37%|███▋      | 28277/76950 [00:27<00:44, 1089.60it/s] 37%|███▋      | 28387/76950 [00:28<00:44, 1088.24it/s] 37%|███▋      | 28497/76950 [00:28<00:46, 1052.72it/s] 37%|███▋      | 28604/76950 [00:28<00:45, 1054.84it/s] 37%|███▋      | 28711/76950 [00:28<00:45, 1051.98it/s] 37%|███▋      | 28817/76950 [00:28<00:48, 990.48it/s]  38%|███▊      | 28917/76950 [00:28<00:49, 975.57it/s] 38%|███▊      | 29016/76950 [00:28<00:49, 965.38it/s] 38%|███▊      | 29113/76950 [00:28<00:49, 959.97it/s] 38%|███▊      | 29219/76950 [00:28<00:48, 988.52it/s] 38%|███▊      | 29319/76950 [00:29<00:50, 947.99it/s] 38%|███▊      | 29447/76950 [00:29<00:45, 1042.44it/s] 38%|███▊      | 29553/76950 [00:29<00:47, 998.93it/s]  39%|███▊      | 29654/76950 [00:29<00:49, 964.53it/s] 39%|███▊      | 29752/76950 [00:29<00:52, 897.79it/s] 39%|███▉      | 29866/76950 [00:29<00:49, 958.58it/s] 39%|███▉      | 29981/76950 [00:29<00:46, 1008.25it/s] 39%|███▉      | 30088/76950 [00:29<00:45, 1019.12it/s] 39%|███▉      | 30191/76950 [00:29<00:46, 1002.66it/s] 39%|███▉      | 30310/76950 [00:29<00:44, 1055.70it/s] 40%|███▉      | 30418/76950 [00:30<00:43, 1060.01it/s] 40%|███▉      | 30525/76950 [00:30<00:44, 1045.27it/s] 40%|███▉      | 30643/76950 [00:30<00:42, 1083.53it/s] 40%|███▉      | 30752/76950 [00:30<00:44, 1043.66it/s] 40%|████      | 30862/76950 [00:30<00:43, 1055.65it/s] 40%|████      | 30968/76950 [00:30<00:45, 1001.33it/s] 40%|████      | 31076/76950 [00:30<00:44, 1023.35it/s] 41%|████      | 31179/76950 [00:30<00:44, 1020.03it/s] 41%|████      | 31282/76950 [00:30<00:47, 970.03it/s]  41%|████      | 31395/76950 [00:31<00:44, 1013.65it/s] 41%|████      | 31501/76950 [00:31<00:44, 1020.63it/s] 41%|████      | 31604/76950 [00:31<00:45, 992.27it/s]  41%|████      | 31719/76950 [00:31<00:43, 1035.76it/s] 41%|████▏     | 31824/76950 [00:31<00:44, 1008.98it/s] 41%|████▏     | 31926/76950 [00:31<00:44, 1001.13it/s] 42%|████▏     | 32044/76950 [00:31<00:42, 1052.37it/s] 42%|████▏     | 32150/76950 [00:31<00:43, 1029.33it/s] 42%|████▏     | 32254/76950 [00:31<00:43, 1020.71it/s] 42%|████▏     | 32357/76950 [00:32<00:45, 972.05it/s]  42%|████▏     | 32455/76950 [00:32<00:46, 961.90it/s] 42%|████▏     | 32552/76950 [00:32<00:46, 953.44it/s] 42%|████▏     | 32662/76950 [00:32<00:44, 987.04it/s] 43%|████▎     | 32779/76950 [00:32<00:42, 1039.52it/s] 43%|████▎     | 32894/76950 [00:32<00:41, 1069.12it/s] 43%|████▎     | 33002/76950 [00:32<00:42, 1046.17it/s] 43%|████▎     | 33111/76950 [00:32<00:41, 1055.84it/s] 43%|████▎     | 33217/76950 [00:32<00:42, 1036.98it/s] 43%|████▎     | 33323/76950 [00:32<00:41, 1042.40it/s] 43%|████▎     | 33428/76950 [00:33<00:43, 994.04it/s]  44%|████▎     | 33537/76950 [00:33<00:42, 1020.46it/s] 44%|████▎     | 33640/76950 [00:33<00:43, 992.28it/s]  44%|████▍     | 33740/76950 [00:33<00:43, 982.32it/s] 44%|████▍     | 33842/76950 [00:33<00:43, 985.77it/s] 44%|████▍     | 33957/76950 [00:33<00:41, 1033.13it/s] 44%|████▍     | 34061/76950 [00:33<00:43, 982.09it/s]  44%|████▍     | 34168/76950 [00:33<00:42, 1001.56it/s] 45%|████▍     | 34269/76950 [00:33<00:44, 950.00it/s]  45%|████▍     | 34372/76950 [00:34<00:44, 962.67it/s] 45%|████▍     | 34469/76950 [00:34<00:45, 935.30it/s] 45%|████▍     | 34564/76950 [00:34<00:46, 911.21it/s] 45%|████▌     | 34663/76950 [00:34<00:45, 930.04it/s] 45%|████▌     | 34762/76950 [00:34<00:44, 944.93it/s] 45%|████▌     | 34857/76950 [00:34<00:44, 939.66it/s] 45%|████▌     | 34952/76950 [00:34<00:45, 918.87it/s] 46%|████▌     | 35050/76950 [00:34<00:44, 933.01it/s] 46%|████▌     | 35145/76950 [00:34<00:44, 937.78it/s] 46%|████▌     | 35249/76950 [00:34<00:43, 965.01it/s] 46%|████▌     | 35361/76950 [00:35<00:41, 1010.04it/s] 46%|████▌     | 35463/76950 [00:35<00:41, 1006.77it/s] 46%|████▌     | 35571/76950 [00:35<00:40, 1027.17it/s] 46%|████▋     | 35675/76950 [00:35<00:40, 1028.69it/s] 46%|████▋     | 35780/76950 [00:35<00:39, 1034.97it/s] 47%|████▋     | 35884/76950 [00:35<00:40, 1026.25it/s] 47%|████▋     | 35987/76950 [00:35<00:40, 1005.23it/s] 47%|████▋     | 36098/76950 [00:35<00:39, 1035.84it/s] 47%|████▋     | 36216/76950 [00:35<00:37, 1076.54it/s] 47%|████▋     | 36324/76950 [00:35<00:37, 1070.49it/s] 47%|████▋     | 36438/76950 [00:36<00:37, 1090.61it/s] 47%|████▋     | 36548/76950 [00:36<00:38, 1047.96it/s] 48%|████▊     | 36680/76950 [00:36<00:36, 1115.61it/s] 48%|████▊     | 36792/76950 [00:36<00:37, 1070.46it/s] 48%|████▊     | 36900/76950 [00:36<00:38, 1039.03it/s] 48%|████▊     | 37005/76950 [00:36<00:38, 1040.31it/s] 48%|████▊     | 37110/76950 [00:36<00:39, 1015.74it/s] 48%|████▊     | 37214/76950 [00:36<00:38, 1020.29it/s] 48%|████▊     | 37319/76950 [00:36<00:38, 1026.45it/s] 49%|████▊     | 37436/76950 [00:37<00:37, 1062.95it/s] 49%|████▉     | 37543/76950 [00:37<00:37, 1061.48it/s] 49%|████▉     | 37655/76950 [00:37<00:36, 1077.09it/s] 49%|████▉     | 37763/76950 [00:37<00:37, 1055.32it/s] 49%|████▉     | 37869/76950 [00:37<00:39, 978.32it/s]  49%|████▉     | 37968/76950 [00:37<00:40, 951.38it/s] 49%|████▉     | 38079/76950 [00:37<00:39, 994.95it/s] 50%|████▉     | 38189/76950 [00:37<00:37, 1023.60it/s] 50%|████▉     | 38294/76950 [00:37<00:37, 1030.61it/s] 50%|████▉     | 38399/76950 [00:37<00:37, 1035.36it/s] 50%|█████     | 38515/76950 [00:38<00:36, 1058.67it/s] 50%|█████     | 38622/76950 [00:38<00:36, 1061.52it/s] 50%|█████     | 38729/76950 [00:38<00:36, 1039.05it/s] 50%|█████     | 38834/76950 [00:38<00:36, 1040.61it/s] 51%|█████     | 38940/76950 [00:38<00:36, 1045.90it/s] 51%|█████     | 39055/76950 [00:38<00:35, 1076.54it/s] 51%|█████     | 39163/76950 [00:38<00:36, 1049.14it/s] 51%|█████     | 39273/76950 [00:38<00:35, 1059.46it/s] 51%|█████     | 39380/76950 [00:38<00:35, 1059.01it/s] 51%|█████▏    | 39487/76950 [00:39<00:35, 1048.48it/s] 51%|█████▏    | 39592/76950 [00:39<00:37, 1006.82it/s] 52%|█████▏    | 39694/76950 [00:39<00:37, 980.99it/s]  52%|█████▏    | 39806/76950 [00:39<00:36, 1018.39it/s] 52%|█████▏    | 39909/76950 [00:39<00:36, 1009.07it/s] 52%|█████▏    | 40019/76950 [00:39<00:35, 1035.35it/s] 52%|█████▏    | 40132/76950 [00:39<00:34, 1062.18it/s] 52%|█████▏    | 40241/76950 [00:39<00:34, 1056.66it/s] 52%|█████▏    | 40357/76950 [00:39<00:33, 1086.18it/s] 53%|█████▎    | 40468/76950 [00:39<00:33, 1088.33it/s] 53%|█████▎    | 40577/76950 [00:40<00:33, 1078.94it/s] 53%|█████▎    | 40707/76950 [00:40<00:31, 1141.72it/s] 53%|█████▎    | 40822/76950 [00:40<00:33, 1077.47it/s] 53%|█████▎    | 40931/76950 [00:40<00:34, 1046.61it/s] 53%|█████▎    | 41043/76950 [00:40<00:33, 1064.17it/s] 53%|█████▎    | 41150/76950 [00:40<00:33, 1054.73it/s] 54%|█████▎    | 41256/76950 [00:40<00:33, 1050.00it/s] 54%|█████▍    | 41369/76950 [00:40<00:33, 1067.07it/s] 54%|█████▍    | 41476/76950 [00:40<00:33, 1057.35it/s] 54%|█████▍    | 41600/76950 [00:41<00:32, 1098.04it/s] 54%|█████▍    | 41710/76950 [00:41<00:32, 1079.90it/s] 54%|█████▍    | 41819/76950 [00:41<00:34, 1023.69it/s] 54%|█████▍    | 41931/76950 [00:41<00:33, 1041.77it/s] 55%|█████▍    | 42036/76950 [00:41<00:35, 986.01it/s]  55%|█████▍    | 42141/76950 [00:41<00:34, 998.77it/s] 55%|█████▍    | 42242/76950 [00:41<00:36, 946.43it/s] 55%|█████▌    | 42338/76950 [00:41<00:37, 929.65it/s] 55%|█████▌    | 42434/76950 [00:41<00:36, 937.68it/s] 55%|█████▌    | 42531/76950 [00:41<00:36, 944.52it/s] 55%|█████▌    | 42644/76950 [00:42<00:34, 989.49it/s] 56%|█████▌    | 42745/76950 [00:42<00:34, 986.70it/s] 56%|█████▌    | 42844/76950 [00:42<00:34, 979.63it/s] 56%|█████▌    | 42953/76950 [00:42<00:33, 1004.92it/s] 56%|█████▌    | 43058/76950 [00:42<00:33, 1016.05it/s] 56%|█████▌    | 43160/76950 [00:42<00:33, 1008.99it/s] 56%|█████▌    | 43266/76950 [00:42<00:32, 1021.97it/s] 56%|█████▋    | 43369/76950 [00:42<00:33, 1002.76it/s] 57%|█████▋    | 43481/76950 [00:42<00:32, 1024.31it/s] 57%|█████▋    | 43585/76950 [00:43<00:32, 1027.99it/s] 57%|█████▋    | 43696/76950 [00:43<00:31, 1050.10it/s] 57%|█████▋    | 43802/76950 [00:43<00:32, 1032.25it/s] 57%|█████▋    | 43906/76950 [00:43<00:32, 1030.03it/s] 57%|█████▋    | 44010/76950 [00:43<00:32, 1020.75it/s] 57%|█████▋    | 44113/76950 [00:43<00:33, 994.39it/s]  57%|█████▋    | 44221/76950 [00:43<00:32, 1016.10it/s] 58%|█████▊    | 44329/76950 [00:43<00:31, 1033.39it/s] 58%|█████▊    | 44443/76950 [00:43<00:30, 1063.82it/s] 58%|█████▊    | 44550/76950 [00:43<00:30, 1060.23it/s] 58%|█████▊    | 44669/76950 [00:44<00:29, 1092.33it/s] 58%|█████▊    | 44790/76950 [00:44<00:28, 1118.15it/s] 58%|█████▊    | 44902/76950 [00:44<00:31, 1032.94it/s] 58%|█████▊    | 45007/76950 [00:44<00:32, 990.11it/s]  59%|█████▊    | 45111/76950 [00:44<00:31, 1002.54it/s] 59%|█████▉    | 45216/76950 [00:44<00:31, 1013.94it/s] 59%|█████▉    | 45319/76950 [00:44<00:31, 993.52it/s]  59%|█████▉    | 45431/76950 [00:44<00:30, 1029.03it/s] 59%|█████▉    | 45535/76950 [00:44<00:30, 1029.99it/s] 59%|█████▉    | 45639/76950 [00:45<00:30, 1019.60it/s] 59%|█████▉    | 45750/76950 [00:45<00:29, 1042.02it/s] 60%|█████▉    | 45855/76950 [00:45<00:29, 1041.54it/s] 60%|█████▉    | 45964/76950 [00:45<00:29, 1052.73it/s] 60%|█████▉    | 46074/76950 [00:45<00:29, 1063.60it/s] 60%|██████    | 46181/76950 [00:45<00:28, 1064.57it/s] 60%|██████    | 46288/76950 [00:45<00:29, 1051.54it/s] 60%|██████    | 46394/76950 [00:45<00:30, 1013.95it/s] 60%|██████    | 46496/76950 [00:45<00:30, 1009.21it/s] 61%|██████    | 46599/76950 [00:45<00:29, 1015.00it/s] 61%|██████    | 46705/76950 [00:46<00:29, 1024.21it/s] 61%|██████    | 46816/76950 [00:46<00:28, 1048.08it/s] 61%|██████    | 46921/76950 [00:46<00:29, 1003.20it/s] 61%|██████    | 47022/76950 [00:46<00:30, 968.72it/s]  61%|██████    | 47127/76950 [00:46<00:30, 991.37it/s] 61%|██████▏   | 47228/76950 [00:46<00:29, 995.05it/s] 62%|██████▏   | 47334/76950 [00:46<00:29, 1012.68it/s] 62%|██████▏   | 47436/76950 [00:46<00:29, 1012.00it/s] 62%|██████▏   | 47538/76950 [00:46<00:29, 1008.61it/s] 62%|██████▏   | 47650/76950 [00:46<00:28, 1039.51it/s] 62%|██████▏   | 47755/76950 [00:47<00:28, 1034.52it/s] 62%|██████▏   | 47865/76950 [00:47<00:27, 1049.79it/s] 62%|██████▏   | 47979/76950 [00:47<00:26, 1076.41it/s] 63%|██████▎   | 48099/76950 [00:47<00:25, 1109.80it/s] 63%|██████▎   | 48211/76950 [00:47<00:28, 1020.91it/s] 63%|██████▎   | 48323/76950 [00:47<00:27, 1048.67it/s] 63%|██████▎   | 48430/76950 [00:47<00:27, 1025.92it/s] 63%|██████▎   | 48534/76950 [00:47<00:28, 981.42it/s]  63%|██████▎   | 48641/76950 [00:47<00:28, 1005.63it/s] 63%|██████▎   | 48744/76950 [00:48<00:27, 1011.12it/s] 63%|██████▎   | 48854/76950 [00:48<00:27, 1033.19it/s] 64%|██████▎   | 48958/76950 [00:48<00:28, 982.21it/s]  64%|██████▍   | 49070/76950 [00:48<00:27, 1016.31it/s] 64%|██████▍   | 49184/76950 [00:48<00:26, 1046.18it/s] 64%|██████▍   | 49295/76950 [00:48<00:26, 1053.96it/s] 64%|██████▍   | 49415/76950 [00:48<00:25, 1091.73it/s] 64%|██████▍   | 49525/76950 [00:48<00:25, 1081.74it/s] 65%|██████▍   | 49634/76950 [00:48<00:26, 1026.99it/s] 65%|██████▍   | 49738/76950 [00:48<00:26, 1025.04it/s] 65%|██████▍   | 49841/76950 [00:49<00:28, 939.37it/s]  65%|██████▍   | 49943/76950 [00:49<00:28, 957.88it/s] 65%|██████▌   | 50042/76950 [00:49<00:27, 965.23it/s] 65%|██████▌   | 50140/76950 [00:49<00:28, 926.90it/s] 65%|██████▌   | 50234/76950 [00:49<00:29, 911.22it/s] 65%|██████▌   | 50342/76950 [00:49<00:27, 955.09it/s] 66%|██████▌   | 50444/76950 [00:49<00:27, 970.64it/s] 66%|██████▌   | 50542/76950 [00:49<00:27, 968.25it/s] 66%|██████▌   | 50640/76950 [00:49<00:27, 953.63it/s] 66%|██████▌   | 50736/76950 [00:50<00:28, 907.30it/s] 66%|██████▌   | 50843/76950 [00:50<00:27, 952.59it/s] 66%|██████▌   | 50939/76950 [00:50<00:28, 916.16it/s] 66%|██████▋   | 51032/76950 [00:50<00:28, 920.06it/s] 66%|██████▋   | 51151/76950 [00:50<00:25, 997.03it/s] 67%|██████▋   | 51271/76950 [00:50<00:24, 1055.34it/s] 67%|██████▋   | 51378/76950 [00:50<00:24, 1053.60it/s] 67%|██████▋   | 51484/76950 [00:50<00:24, 1029.23it/s] 67%|██████▋   | 51591/76950 [00:50<00:24, 1032.52it/s] 67%|██████▋   | 51695/76950 [00:50<00:24, 1022.84it/s] 67%|██████▋   | 51807/76950 [00:51<00:23, 1049.41it/s] 67%|██████▋   | 51913/76950 [00:51<00:24, 1008.05it/s] 68%|██████▊   | 52018/76950 [00:51<00:24, 1018.73it/s] 68%|██████▊   | 52121/76950 [00:51<00:24, 998.11it/s]  68%|██████▊   | 52222/76950 [00:51<00:24, 1000.80it/s] 68%|██████▊   | 52347/76950 [00:51<00:22, 1070.79it/s] 68%|██████▊   | 52459/76950 [00:51<00:22, 1083.98it/s] 68%|██████▊   | 52576/76950 [00:51<00:22, 1107.42it/s] 68%|██████▊   | 52687/76950 [00:51<00:22, 1070.13it/s] 69%|██████▊   | 52795/76950 [00:52<00:23, 1047.96it/s] 69%|██████▊   | 52901/76950 [00:52<00:23, 1014.25it/s] 69%|██████▉   | 53004/76950 [00:52<00:23, 1016.33it/s] 69%|██████▉   | 53106/76950 [00:52<00:23, 993.95it/s]  69%|██████▉   | 53208/76950 [00:52<00:23, 999.03it/s] 69%|██████▉   | 53312/76950 [00:52<00:23, 1008.45it/s] 69%|██████▉   | 53427/76950 [00:52<00:22, 1044.46it/s] 70%|██████▉   | 53532/76950 [00:52<00:23, 1011.00it/s] 70%|██████▉   | 53638/76950 [00:52<00:22, 1015.58it/s] 70%|██████▉   | 53754/76950 [00:52<00:21, 1055.22it/s] 70%|██████▉   | 53861/76950 [00:53<00:21, 1057.42it/s] 70%|███████   | 53967/76950 [00:53<00:22, 1043.81it/s] 70%|███████   | 54072/76950 [00:53<00:22, 1038.41it/s] 70%|███████   | 54176/76950 [00:53<00:22, 1013.88it/s] 71%|███████   | 54278/76950 [00:53<00:23, 975.36it/s]  71%|███████   | 54377/76950 [00:53<00:23, 978.59it/s] 71%|███████   | 54476/76950 [00:53<00:23, 943.34it/s] 71%|███████   | 54571/76950 [00:53<00:24, 913.61it/s] 71%|███████   | 54683/76950 [00:53<00:22, 968.59it/s] 71%|███████   | 54781/76950 [00:54<00:22, 970.00it/s] 71%|███████▏  | 54889/76950 [00:54<00:22, 995.73it/s] 71%|███████▏  | 54991/76950 [00:54<00:22, 997.59it/s] 72%|███████▏  | 55118/76950 [00:54<00:20, 1074.50it/s] 72%|███████▏  | 55226/76950 [00:54<00:20, 1045.67it/s] 72%|███████▏  | 55331/76950 [00:54<00:21, 1019.30it/s] 72%|███████▏  | 55443/76950 [00:54<00:20, 1047.95it/s] 72%|███████▏  | 55549/76950 [00:54<00:20, 1034.34it/s] 72%|███████▏  | 55653/76950 [00:54<00:20, 1017.64it/s] 72%|███████▏  | 55755/76950 [00:54<00:21, 992.39it/s]  73%|███████▎  | 55867/76950 [00:55<00:20, 1026.82it/s] 73%|███████▎  | 55986/76950 [00:55<00:19, 1069.43it/s] 73%|███████▎  | 56094/76950 [00:55<00:19, 1053.18it/s] 73%|███████▎  | 56200/76950 [00:55<00:19, 1045.57it/s] 73%|███████▎  | 56312/76950 [00:55<00:19, 1065.22it/s] 73%|███████▎  | 56428/76950 [00:55<00:18, 1092.45it/s] 73%|███████▎  | 56538/76950 [00:55<00:19, 1046.48it/s] 74%|███████▎  | 56644/76950 [00:55<00:20, 994.85it/s]  74%|███████▎  | 56746/76950 [00:55<00:20, 1001.21it/s] 74%|███████▍  | 56857/76950 [00:56<00:19, 1031.28it/s] 74%|███████▍  | 56961/76950 [00:56<00:20, 983.13it/s]  74%|███████▍  | 57077/76950 [00:56<00:19, 1032.64it/s] 74%|███████▍  | 57182/76950 [00:56<00:19, 1000.92it/s] 74%|███████▍  | 57283/76950 [00:56<00:19, 996.45it/s]  75%|███████▍  | 57384/76950 [00:56<00:19, 982.33it/s] 75%|███████▍  | 57483/76950 [00:56<00:20, 970.89it/s] 75%|███████▍  | 57606/76950 [00:56<00:18, 1039.23it/s] 75%|███████▌  | 57718/76950 [00:56<00:18, 1059.33it/s] 75%|███████▌  | 57832/76950 [00:56<00:17, 1081.53it/s] 75%|███████▌  | 57941/76950 [00:57<00:17, 1058.80it/s] 75%|███████▌  | 58054/76950 [00:57<00:17, 1076.89it/s] 76%|███████▌  | 58162/76950 [00:57<00:18, 998.53it/s]  76%|███████▌  | 58270/76950 [00:57<00:18, 1019.01it/s] 76%|███████▌  | 58373/76950 [00:57<00:18, 997.54it/s]  76%|███████▌  | 58474/76950 [00:57<00:18, 992.73it/s] 76%|███████▌  | 58574/76950 [00:57<00:18, 994.59it/s] 76%|███████▌  | 58674/76950 [00:57<00:18, 986.60it/s] 76%|███████▋  | 58783/76950 [00:57<00:18, 1005.67it/s] 77%|███████▋  | 58892/76950 [00:58<00:17, 1027.40it/s] 77%|███████▋  | 59005/76950 [00:58<00:17, 1054.68it/s] 77%|███████▋  | 59131/76950 [00:58<00:16, 1113.21it/s] 77%|███████▋  | 59243/76950 [00:58<00:16, 1094.97it/s] 77%|███████▋  | 59353/76950 [00:58<00:16, 1090.13it/s] 77%|███████▋  | 59463/76950 [00:58<00:16, 1067.40it/s] 77%|███████▋  | 59570/76950 [00:58<00:16, 1039.53it/s] 78%|███████▊  | 59675/76950 [00:58<00:17, 995.27it/s]  78%|███████▊  | 59775/76950 [00:58<00:17, 988.66it/s] 78%|███████▊  | 59875/76950 [00:58<00:17, 961.21it/s] 78%|███████▊  | 59983/76950 [00:59<00:17, 989.99it/s] 78%|███████▊  | 60083/76950 [00:59<00:17, 981.77it/s] 78%|███████▊  | 60195/76950 [00:59<00:16, 1009.75it/s] 78%|███████▊  | 60300/76950 [00:59<00:16, 1012.39it/s] 79%|███████▊  | 60411/76950 [00:59<00:15, 1037.74it/s] 79%|███████▊  | 60515/76950 [00:59<00:16, 979.28it/s]  79%|███████▉  | 60614/76950 [00:59<00:16, 961.69it/s] 79%|███████▉  | 60733/76950 [00:59<00:15, 1021.19it/s] 79%|███████▉  | 60836/76950 [00:59<00:15, 1019.47it/s] 79%|███████▉  | 60945/76950 [01:00<00:15, 1035.46it/s] 79%|███████▉  | 61049/76950 [01:00<00:15, 1035.73it/s] 80%|███████▉  | 61178/76950 [01:00<00:14, 1109.95it/s] 80%|███████▉  | 61290/76950 [01:00<00:14, 1047.21it/s] 80%|███████▉  | 61396/76950 [01:00<00:15, 1034.69it/s] 80%|███████▉  | 61501/76950 [01:00<00:15, 1026.91it/s] 80%|████████  | 61610/76950 [01:00<00:14, 1042.82it/s] 80%|████████  | 61715/76950 [01:00<00:15, 985.17it/s]  80%|████████  | 61815/76950 [01:00<00:15, 946.55it/s] 80%|████████  | 61924/76950 [01:01<00:15, 986.37it/s] 81%|████████  | 62032/76950 [01:01<00:14, 1012.83it/s] 81%|████████  | 62134/76950 [01:01<00:15, 984.64it/s]  81%|████████  | 62235/76950 [01:01<00:14, 985.19it/s] 81%|████████  | 62334/76950 [01:01<00:15, 965.76it/s] 81%|████████  | 62431/76950 [01:01<00:15, 920.48it/s] 81%|████████▏ | 62527/76950 [01:01<00:15, 930.13it/s] 81%|████████▏ | 62645/76950 [01:01<00:14, 999.99it/s] 82%|████████▏ | 62746/76950 [01:01<00:14, 956.07it/s] 82%|████████▏ | 62849/76950 [01:01<00:14, 976.87it/s] 82%|████████▏ | 62948/76950 [01:02<00:14, 972.61it/s] 82%|████████▏ | 63062/76950 [01:02<00:13, 1019.12it/s] 82%|████████▏ | 63185/76950 [01:02<00:12, 1075.54it/s] 82%|████████▏ | 63293/76950 [01:02<00:13, 1027.73it/s] 82%|████████▏ | 63397/76950 [01:02<00:13, 1028.26it/s] 83%|████████▎ | 63501/76950 [01:02<00:13, 1017.27it/s] 83%|████████▎ | 63609/76950 [01:02<00:12, 1033.91it/s] 83%|████████▎ | 63713/76950 [01:02<00:12, 1021.59it/s] 83%|████████▎ | 63826/76950 [01:02<00:12, 1053.01it/s] 83%|████████▎ | 63932/76950 [01:03<00:12, 1010.65it/s] 83%|████████▎ | 64034/76950 [01:03<00:13, 989.42it/s]  83%|████████▎ | 64140/76950 [01:03<00:12, 1006.82it/s] 83%|████████▎ | 64242/76950 [01:03<00:13, 971.29it/s]  84%|████████▎ | 64352/76950 [01:03<00:12, 998.86it/s] 84%|████████▍ | 64453/76950 [01:03<00:12, 991.42it/s] 84%|████████▍ | 64577/76950 [01:03<00:11, 1062.38it/s] 84%|████████▍ | 64684/76950 [01:03<00:12, 1004.78it/s] 84%|████████▍ | 64786/76950 [01:03<00:12, 975.56it/s]  84%|████████▍ | 64898/76950 [01:03<00:11, 1015.69it/s] 84%|████████▍ | 65002/76950 [01:04<00:11, 1022.08it/s] 85%|████████▍ | 65105/76950 [01:04<00:12, 985.09it/s]  85%|████████▍ | 65208/76950 [01:04<00:11, 997.56it/s] 85%|████████▍ | 65315/76950 [01:04<00:11, 1013.47it/s] 85%|████████▌ | 65428/76950 [01:04<00:11, 1046.61it/s] 85%|████████▌ | 65537/76950 [01:04<00:10, 1054.51it/s] 85%|████████▌ | 65643/76950 [01:04<00:10, 1031.75it/s] 85%|████████▌ | 65754/76950 [01:04<00:10, 1054.39it/s] 86%|████████▌ | 65860/76950 [01:04<00:11, 986.37it/s]  86%|████████▌ | 65960/76950 [01:05<00:11, 989.86it/s] 86%|████████▌ | 66060/76950 [01:05<00:11, 966.36it/s] 86%|████████▌ | 66171/76950 [01:05<00:10, 1002.93it/s] 86%|████████▌ | 66281/76950 [01:05<00:10, 1030.73it/s] 86%|████████▋ | 66385/76950 [01:05<00:10, 1021.70it/s] 86%|████████▋ | 66513/76950 [01:05<00:09, 1095.51it/s] 87%|████████▋ | 66623/76950 [01:05<00:09, 1072.13it/s] 87%|████████▋ | 66731/76950 [01:05<00:10, 1004.17it/s] 87%|████████▋ | 66835/76950 [01:05<00:09, 1012.89it/s] 87%|████████▋ | 66952/76950 [01:05<00:09, 1057.18it/s] 87%|████████▋ | 67059/76950 [01:06<00:09, 1028.63it/s] 87%|████████▋ | 67163/76950 [01:06<00:09, 1026.09it/s] 87%|████████▋ | 67276/76950 [01:06<00:09, 1055.33it/s] 88%|████████▊ | 67382/76950 [01:06<00:09, 971.15it/s]  88%|████████▊ | 67483/76950 [01:06<00:09, 978.40it/s] 88%|████████▊ | 67582/76950 [01:06<00:09, 969.83it/s] 88%|████████▊ | 67680/76950 [01:06<00:09, 943.31it/s] 88%|████████▊ | 67775/76950 [01:06<00:09, 925.42it/s] 88%|████████▊ | 67869/76950 [01:06<00:09, 927.42it/s] 88%|████████▊ | 67965/76950 [01:07<00:09, 936.49it/s] 88%|████████▊ | 68070/76950 [01:07<00:09, 967.04it/s] 89%|████████▊ | 68168/76950 [01:07<00:09, 967.19it/s] 89%|████████▊ | 68273/76950 [01:07<00:08, 980.00it/s] 89%|████████▉ | 68375/76950 [01:07<00:08, 991.37it/s] 89%|████████▉ | 68481/76950 [01:07<00:08, 1011.43it/s] 89%|████████▉ | 68585/76950 [01:07<00:08, 1017.45it/s] 89%|████████▉ | 68693/76950 [01:07<00:07, 1032.45it/s] 89%|████████▉ | 68797/76950 [01:07<00:07, 1024.84it/s] 90%|████████▉ | 68902/76950 [01:07<00:07, 1029.03it/s] 90%|████████▉ | 69005/76950 [01:08<00:07, 1009.01it/s] 90%|████████▉ | 69119/76950 [01:08<00:07, 1040.42it/s] 90%|████████▉ | 69224/76950 [01:08<00:07, 1040.41it/s] 90%|█████████ | 69329/76950 [01:08<00:07, 1016.29it/s] 90%|█████████ | 69433/76950 [01:08<00:07, 1021.71it/s] 90%|█████████ | 69536/76950 [01:08<00:07, 992.89it/s]  91%|█████████ | 69643/76950 [01:08<00:07, 1014.18it/s] 91%|█████████ | 69745/76950 [01:08<00:07, 981.96it/s]  91%|█████████ | 69859/76950 [01:08<00:06, 1026.72it/s] 91%|█████████ | 69963/76950 [01:09<00:06, 1011.67it/s] 91%|█████████ | 70065/76950 [01:09<00:06, 994.25it/s]  91%|█████████ | 70171/76950 [01:09<00:06, 1007.99it/s] 91%|█████████▏| 70273/76950 [01:09<00:06, 993.27it/s]  91%|█████████▏| 70385/76950 [01:09<00:06, 1029.48it/s] 92%|█████████▏| 70489/76950 [01:09<00:06, 1003.45it/s] 92%|█████████▏| 70590/76950 [01:09<00:06, 966.77it/s]  92%|█████████▏| 70688/76950 [01:09<00:06, 934.99it/s] 92%|█████████▏| 70795/76950 [01:09<00:06, 972.69it/s] 92%|█████████▏| 70902/76950 [01:09<00:06, 998.02it/s] 92%|█████████▏| 71003/76950 [01:10<00:05, 999.50it/s] 92%|█████████▏| 71117/76950 [01:10<00:05, 1040.15it/s] 93%|█████████▎| 71223/76950 [01:10<00:05, 1038.16it/s] 93%|█████████▎| 71328/76950 [01:10<00:05, 999.20it/s]  93%|█████████▎| 71430/76950 [01:10<00:05, 999.11it/s] 93%|█████████▎| 71538/76950 [01:10<00:05, 1020.36it/s] 93%|█████████▎| 71641/76950 [01:10<00:05, 993.88it/s]  93%|█████████▎| 71777/76950 [01:10<00:04, 1095.84it/s] 93%|█████████▎| 71888/76950 [01:10<00:04, 1049.80it/s] 94%|█████████▎| 71994/76950 [01:11<00:04, 1051.79it/s] 94%|█████████▎| 72101/76950 [01:11<00:04, 1055.83it/s] 94%|█████████▍| 72207/76950 [01:11<00:04, 1054.11it/s] 94%|█████████▍| 72313/76950 [01:11<00:04, 1028.47it/s] 94%|█████████▍| 72429/76950 [01:11<00:04, 1064.84it/s] 94%|█████████▍| 72538/76950 [01:11<00:04, 1067.12it/s] 94%|█████████▍| 72645/76950 [01:11<00:04, 1033.89it/s] 95%|█████████▍| 72750/76950 [01:11<00:04, 1030.72it/s] 95%|█████████▍| 72858/76950 [01:11<00:03, 1038.77it/s] 95%|█████████▍| 72963/76950 [01:11<00:04, 987.14it/s]  95%|█████████▍| 73069/76950 [01:12<00:03, 999.25it/s] 95%|█████████▌| 73170/76950 [01:12<00:03, 999.84it/s] 95%|█████████▌| 73283/76950 [01:12<00:03, 1030.68it/s] 95%|█████████▌| 73387/76950 [01:12<00:03, 981.38it/s]  95%|█████████▌| 73486/76950 [01:12<00:03, 966.59it/s] 96%|█████████▌| 73587/76950 [01:12<00:03, 976.82it/s] 96%|█████████▌| 73711/76950 [01:12<00:03, 1051.77it/s] 96%|█████████▌| 73822/76950 [01:12<00:02, 1062.40it/s] 96%|█████████▌| 73929/76950 [01:12<00:02, 1046.23it/s] 96%|█████████▌| 74039/76950 [01:12<00:02, 1060.64it/s] 96%|█████████▋| 74148/76950 [01:13<00:02, 1068.44it/s] 96%|█████████▋| 74256/76950 [01:13<00:02, 1039.15it/s] 97%|█████████▋| 74365/76950 [01:13<00:02, 1053.61it/s] 97%|█████████▋| 74471/76950 [01:13<00:02, 1001.50it/s] 97%|█████████▋| 74579/76950 [01:13<00:02, 1022.76it/s] 97%|█████████▋| 74694/76950 [01:13<00:02, 1058.60it/s] 97%|█████████▋| 74801/76950 [01:13<00:02, 1024.30it/s] 97%|█████████▋| 74922/76950 [01:13<00:01, 1073.95it/s] 98%|█████████▊| 75032/76950 [01:13<00:01, 1080.15it/s] 98%|█████████▊| 75142/76950 [01:14<00:01, 1082.24it/s] 98%|█████████▊| 75251/76950 [01:14<00:01, 1069.54it/s] 98%|█████████▊| 75359/76950 [01:14<00:01, 1069.26it/s] 98%|█████████▊| 75467/76950 [01:14<00:01, 1040.62it/s] 98%|█████████▊| 75575/76950 [01:14<00:01, 1050.81it/s] 98%|█████████▊| 75686/76950 [01:14<00:01, 1067.97it/s] 98%|█████████▊| 75793/76950 [01:14<00:01, 1052.79it/s] 99%|█████████▊| 75901/76950 [01:14<00:00, 1060.18it/s] 99%|█████████▉| 76008/76950 [01:14<00:00, 1054.70it/s] 99%|█████████▉| 76114/76950 [01:14<00:00, 1020.93it/s] 99%|█████████▉| 76221/76950 [01:15<00:00, 1029.71it/s] 99%|█████████▉| 76325/76950 [01:15<00:00, 999.89it/s]  99%|█████████▉| 76427/76950 [01:15<00:00, 1005.34it/s] 99%|█████████▉| 76528/76950 [01:15<00:00, 1000.81it/s]100%|█████████▉| 76629/76950 [01:15<00:00, 987.14it/s] 100%|█████████▉| 76749/76950 [01:15<00:00, 1049.03it/s]100%|█████████▉| 76862/76950 [01:15<00:00, 1072.21it/s]100%|██████████| 76950/76950 [01:15<00:00, 1015.37it/s]
Shape of temporal_X: (76950, 2, 1000)
X nd y are loaded for temporal feature extraction
X shape is (8550, 10000)
y shape is (8550,)
  0%|          | 0/8550 [00:00<?, ?it/s]  1%|          | 94/8550 [00:00<00:09, 938.63it/s]  2%|▏         | 204/8550 [00:00<00:08, 1019.38it/s]  4%|▎         | 306/8550 [00:00<00:08, 990.60it/s]   5%|▍         | 414/8550 [00:00<00:07, 1024.92it/s]  6%|▌         | 529/8550 [00:00<00:07, 1067.91it/s]  8%|▊         | 650/8550 [00:00<00:07, 1102.77it/s]  9%|▉         | 761/8550 [00:00<00:07, 1095.14it/s] 10%|█         | 871/8550 [00:00<00:07, 1047.17it/s] 11%|█▏        | 978/8550 [00:00<00:07, 1050.53it/s] 13%|█▎        | 1100/8550 [00:01<00:06, 1096.36it/s] 14%|█▍        | 1210/8550 [00:01<00:06, 1062.55it/s] 15%|█▌        | 1317/8550 [00:01<00:06, 1063.56it/s] 17%|█▋        | 1425/8550 [00:01<00:06, 1063.08it/s] 18%|█▊        | 1545/8550 [00:01<00:06, 1101.45it/s] 19%|█▉        | 1656/8550 [00:01<00:06, 1045.43it/s] 21%|██        | 1762/8550 [00:01<00:06, 1016.46it/s] 22%|██▏       | 1865/8550 [00:01<00:06, 996.22it/s]  23%|██▎       | 1965/8550 [00:01<00:06, 973.39it/s] 24%|██▍       | 2063/8550 [00:01<00:06, 969.17it/s] 25%|██▌       | 2161/8550 [00:02<00:06, 960.30it/s] 26%|██▋       | 2258/8550 [00:02<00:06, 919.89it/s] 27%|██▋       | 2351/8550 [00:02<00:06, 922.06it/s] 29%|██▊       | 2452/8550 [00:02<00:06, 946.60it/s] 30%|██▉       | 2555/8550 [00:02<00:06, 969.59it/s] 31%|███       | 2663/8550 [00:02<00:05, 999.61it/s] 32%|███▏      | 2778/8550 [00:02<00:05, 1043.81it/s] 34%|███▎      | 2883/8550 [00:02<00:05, 1002.86it/s] 35%|███▍      | 2984/8550 [00:02<00:05, 975.53it/s]  36%|███▌      | 3090/8550 [00:03<00:05, 999.11it/s] 37%|███▋      | 3191/8550 [00:03<00:05, 1000.21it/s] 39%|███▊      | 3294/8550 [00:03<00:05, 999.34it/s]  40%|███▉      | 3403/8550 [00:03<00:05, 1016.92it/s] 41%|████      | 3505/8550 [00:03<00:05, 956.86it/s]  42%|████▏     | 3608/8550 [00:03<00:05, 975.77it/s] 43%|████▎     | 3710/8550 [00:03<00:04, 986.11it/s] 45%|████▍     | 3810/8550 [00:03<00:04, 981.09it/s] 46%|████▌     | 3912/8550 [00:03<00:04, 991.91it/s] 47%|████▋     | 4025/8550 [00:03<00:04, 1032.10it/s] 48%|████▊     | 4131/8550 [00:04<00:04, 1040.01it/s] 50%|████▉     | 4238/8550 [00:04<00:04, 1047.61it/s] 51%|█████     | 4343/8550 [00:04<00:04, 998.88it/s]  52%|█████▏    | 4446/8550 [00:04<00:04, 1004.55it/s] 53%|█████▎    | 4548/8550 [00:04<00:03, 1008.76it/s] 54%|█████▍    | 4659/8550 [00:04<00:03, 1036.60it/s] 56%|█████▌    | 4763/8550 [00:04<00:03, 1023.17it/s] 57%|█████▋    | 4869/8550 [00:04<00:03, 1033.22it/s] 58%|█████▊    | 4982/8550 [00:04<00:03, 1061.78it/s] 60%|█████▉    | 5089/8550 [00:05<00:03, 1051.01it/s] 61%|██████    | 5206/8550 [00:05<00:03, 1085.50it/s] 62%|██████▏   | 5336/8550 [00:05<00:02, 1145.98it/s] 64%|██████▍   | 5453/8550 [00:05<00:02, 1148.75it/s] 65%|██████▌   | 5568/8550 [00:05<00:02, 1133.83it/s] 66%|██████▋   | 5682/8550 [00:05<00:02, 1082.15it/s] 68%|██████▊   | 5791/8550 [00:05<00:02, 1082.29it/s] 69%|██████▉   | 5900/8550 [00:05<00:02, 1050.87it/s] 70%|███████   | 6006/8550 [00:05<00:02, 1007.15it/s] 71%|███████▏  | 6108/8550 [00:05<00:02, 969.08it/s]  73%|███████▎  | 6227/8550 [00:06<00:02, 1028.36it/s] 74%|███████▍  | 6331/8550 [00:06<00:02, 981.04it/s]  75%|███████▌  | 6430/8550 [00:06<00:02, 964.96it/s] 76%|███████▋  | 6533/8550 [00:06<00:02, 981.47it/s] 78%|███████▊  | 6648/8550 [00:06<00:01, 1027.22it/s] 79%|███████▉  | 6752/8550 [00:06<00:01, 1027.48it/s] 80%|████████  | 6856/8550 [00:06<00:01, 1001.25it/s] 81%|████████▏ | 6957/8550 [00:06<00:01, 994.15it/s]  83%|████████▎ | 7070/8550 [00:06<00:01, 1027.92it/s] 84%|████████▍ | 7174/8550 [00:07<00:01, 1026.70it/s] 85%|████████▌ | 7291/8550 [00:07<00:01, 1067.58it/s] 87%|████████▋ | 7398/8550 [00:07<00:01, 1066.51it/s] 88%|████████▊ | 7509/8550 [00:07<00:00, 1078.38it/s] 89%|████████▉ | 7617/8550 [00:07<00:00, 1032.62it/s] 91%|█████████ | 7739/8550 [00:07<00:00, 1084.90it/s] 92%|█████████▏| 7848/8550 [00:07<00:00, 1001.92it/s] 93%|█████████▎| 7950/8550 [00:07<00:00, 961.51it/s]  94%|█████████▍| 8054/8550 [00:07<00:00, 982.67it/s] 95%|█████████▌| 8154/8550 [00:07<00:00, 982.18it/s] 97%|█████████▋| 8253/8550 [00:08<00:00, 917.74it/s] 98%|█████████▊| 8351/8550 [00:08<00:00, 934.30it/s] 99%|█████████▉| 8453/8550 [00:08<00:00, 952.90it/s]100%|██████████| 8550/8550 [00:08<00:00, 1016.73it/s]
Shape of temporal_X: (8550, 2, 1000)
/home/kka151/venvs/python_11_5/lib/python3.11/site-packages/timm/models/layers/__init__.py:48: FutureWarning: Importing from timm.models.layers is deprecated, please import via timm.layers
  warnings.warn(f"Importing from {__name__} is deprecated, please import via timm.layers", FutureWarning)
./checkpoints/Tik_Tok_30/RF/temporal.pth has been generated.
/home/kka151/venvs/python_11_5/lib/python3.11/site-packages/timm/models/layers/__init__.py:48: FutureWarning: Importing from timm.models.layers is deprecated, please import via timm.layers
  warnings.warn(f"Importing from {__name__} is deprecated, please import via timm.layers", FutureWarning)
./checkpoints/Tik_Tok_30/RF/attr_DeepLiftShap.npz has been generated.
starting data augmentation script for train
  0%|          | 0/76950 [00:00<?, ?it/s]  1%|          | 744/76950 [00:00<00:10, 7436.71it/s]  2%|▏         | 1506/76950 [00:00<00:10, 7543.89it/s]  3%|▎         | 2284/76950 [00:00<00:09, 7647.89it/s]  4%|▍         | 3060/76950 [00:00<00:09, 7690.21it/s]  5%|▍         | 3837/76950 [00:00<00:09, 7718.75it/s]  6%|▌         | 4613/76950 [00:00<00:09, 7730.33it/s]  7%|▋         | 5394/76950 [00:00<00:09, 7756.00it/s]  8%|▊         | 6177/76950 [00:00<00:09, 7777.50it/s]  9%|▉         | 6962/76950 [00:00<00:08, 7799.74it/s] 10%|█         | 7744/76950 [00:01<00:08, 7805.39it/s] 11%|█         | 8529/76950 [00:01<00:08, 7817.42it/s] 12%|█▏        | 9313/76950 [00:01<00:08, 7821.94it/s] 13%|█▎        | 10096/76950 [00:01<00:08, 7822.79it/s] 14%|█▍        | 10879/76950 [00:01<00:08, 7821.46it/s] 15%|█▌        | 11665/76950 [00:01<00:08, 7831.49it/s] 16%|█▌        | 12449/76950 [00:01<00:08, 7832.33it/s] 17%|█▋        | 13238/76950 [00:01<00:08, 7849.00it/s] 18%|█▊        | 14025/76950 [00:01<00:08, 7853.99it/s] 19%|█▉        | 14811/76950 [00:01<00:07, 7849.23it/s] 20%|██        | 15596/76950 [00:02<00:07, 7750.46it/s] 21%|██▏       | 16381/76950 [00:02<00:07, 7777.62it/s] 22%|██▏       | 17169/76950 [00:02<00:07, 7806.48it/s] 23%|██▎       | 17950/76950 [00:02<00:07, 7739.15it/s] 24%|██▍       | 18737/76950 [00:02<00:07, 7775.93it/s] 25%|██▌       | 19524/76950 [00:02<00:07, 7802.89it/s] 26%|██▋       | 20305/76950 [00:02<00:07, 7749.29it/s] 27%|██▋       | 21092/76950 [00:02<00:07, 7783.81it/s] 28%|██▊       | 21871/76950 [00:02<00:07, 7743.42it/s] 29%|██▉       | 22660/76950 [00:02<00:06, 7786.23it/s] 30%|███       | 23451/76950 [00:03<00:06, 7821.64it/s] 31%|███▏      | 24234/76950 [00:03<00:06, 7769.62it/s] 33%|███▎      | 25025/76950 [00:03<00:06, 7810.66it/s] 34%|███▎      | 25816/76950 [00:03<00:06, 7838.25it/s] 35%|███▍      | 26600/76950 [00:03<00:06, 7781.48it/s] 36%|███▌      | 27389/76950 [00:03<00:06, 7813.37it/s] 37%|███▋      | 28171/76950 [00:03<00:06, 7773.01it/s] 38%|███▊      | 28962/76950 [00:03<00:06, 7813.62it/s] 39%|███▊      | 29752/76950 [00:03<00:06, 7836.66it/s] 40%|███▉      | 30536/76950 [00:03<00:05, 7790.03it/s] 41%|████      | 31329/76950 [00:04<00:05, 7829.64it/s] 42%|████▏     | 32113/76950 [00:04<00:05, 7791.39it/s] 43%|████▎     | 32905/76950 [00:04<00:05, 7826.75it/s] 44%|████▍     | 33688/76950 [00:04<00:05, 7788.01it/s] 45%|████▍     | 34479/76950 [00:04<00:05, 7823.33it/s] 46%|████▌     | 35262/76950 [00:04<00:05, 7776.75it/s] 47%|████▋     | 36056/76950 [00:04<00:05, 7824.47it/s] 48%|████▊     | 36851/76950 [00:04<00:05, 7861.02it/s] 49%|████▉     | 37638/76950 [00:04<00:05, 7813.77it/s] 50%|████▉     | 38431/76950 [00:04<00:04, 7846.21it/s] 51%|█████     | 39216/76950 [00:05<00:04, 7810.11it/s] 52%|█████▏    | 40008/76950 [00:05<00:04, 7840.23it/s] 53%|█████▎    | 40793/76950 [00:05<00:04, 7812.26it/s] 54%|█████▍    | 41587/76950 [00:05<00:04, 7847.46it/s] 55%|█████▌    | 42379/76950 [00:05<00:04, 7868.07it/s] 56%|█████▌    | 43166/76950 [00:05<00:04, 7821.49it/s] 57%|█████▋    | 43961/76950 [00:05<00:04, 7857.65it/s] 58%|█████▊    | 44747/76950 [00:05<00:04, 7818.30it/s] 59%|█████▉    | 45540/76950 [00:05<00:04, 7849.39it/s] 60%|██████    | 46326/76950 [00:05<00:03, 7802.58it/s] 61%|██████    | 47120/76950 [00:06<00:03, 7841.16it/s] 62%|██████▏   | 47911/76950 [00:06<00:03, 7860.87it/s] 63%|██████▎   | 48698/76950 [00:06<00:03, 7824.40it/s] 64%|██████▍   | 49493/76950 [00:06<00:03, 7860.11it/s] 65%|██████▌   | 50280/76950 [00:06<00:03, 7815.28it/s] 66%|██████▋   | 51072/76950 [00:06<00:03, 7845.53it/s] 67%|██████▋   | 51857/76950 [00:06<00:03, 7809.15it/s] 68%|██████▊   | 52650/76950 [00:06<00:03, 7843.72it/s] 69%|██████▉   | 53445/76950 [00:06<00:02, 7873.01it/s] 70%|███████   | 54233/76950 [00:06<00:02, 7818.91it/s] 72%|███████▏  | 55026/76950 [00:07<00:02, 7851.34it/s] 73%|███████▎  | 55812/76950 [00:07<00:02, 7811.19it/s] 74%|███████▎  | 56608/76950 [00:07<00:02, 7852.96it/s] 75%|███████▍  | 57394/76950 [00:07<00:02, 7813.22it/s] 76%|███████▌  | 58188/76950 [00:07<00:02, 7850.50it/s] 77%|███████▋  | 58974/76950 [00:07<00:02, 7808.28it/s] 78%|███████▊  | 59769/76950 [00:07<00:02, 7848.55it/s] 79%|███████▊  | 60561/76950 [00:07<00:02, 7869.79it/s] 80%|███████▉  | 61349/76950 [00:07<00:01, 7830.27it/s] 81%|████████  | 62139/76950 [00:07<00:01, 7850.43it/s] 82%|████████▏ | 62925/76950 [00:08<00:01, 7801.35it/s] 83%|████████▎ | 63718/76950 [00:08<00:01, 7839.40it/s] 84%|████████▍ | 64503/76950 [00:08<00:01, 7793.14it/s] 85%|████████▍ | 65293/76950 [00:08<00:01, 7823.75it/s] 86%|████████▌ | 66087/76950 [00:08<00:01, 7855.45it/s] 87%|████████▋ | 66873/76950 [00:08<00:01, 7814.61it/s] 88%|████████▊ | 67665/76950 [00:08<00:01, 7844.55it/s] 89%|████████▉ | 68450/76950 [00:08<00:01, 7792.54it/s] 90%|████████▉ | 69243/76950 [00:08<00:00, 7830.59it/s] 91%|█████████ | 70027/76950 [00:08<00:00, 7793.54it/s] 92%|█████████▏| 70816/76950 [00:09<00:00, 7821.30it/s] 93%|█████████▎| 71611/76950 [00:09<00:00, 7857.02it/s] 94%|█████████▍| 72397/76950 [00:09<00:00, 7813.13it/s] 95%|█████████▌| 73189/76950 [00:09<00:00, 7843.38it/s] 96%|█████████▌| 73974/76950 [00:09<00:00, 7797.70it/s] 97%|█████████▋| 74767/76950 [00:09<00:00, 7834.15it/s] 98%|█████████▊| 75551/76950 [00:09<00:00, 7806.87it/s] 99%|█████████▉| 76341/76950 [00:09<00:00, 7834.36it/s]100%|██████████| 76950/76950 [00:09<00:00, 7813.27it/s]

Size Analysis:
--------------
Total raw size: 17.20 GB
Estimated compressed size: 8.60 GB
Overhead: 1.50 KB

Size per array:
X: 17.20 GB
y: 1.76 MB
Generate /home/kka151/scratch/holmes/datasets/Tik_Tok_30/aug_train.npz done.
finished data augmentation script for train
starting data augmentation script for valid
  0%|          | 0/8550 [00:00<?, ?it/s]  9%|▉         | 750/8550 [00:00<00:01, 7491.18it/s] 18%|█▊        | 1515/8550 [00:00<00:00, 7583.13it/s] 27%|██▋       | 2282/8550 [00:00<00:00, 7618.17it/s] 36%|███▌      | 3060/8550 [00:00<00:00, 7680.56it/s] 45%|████▍     | 3841/8550 [00:00<00:00, 7723.97it/s] 54%|█████▍    | 4623/8550 [00:00<00:00, 7754.32it/s] 63%|██████▎   | 5406/8550 [00:00<00:00, 7777.34it/s] 72%|███████▏  | 6187/8550 [00:00<00:00, 7785.05it/s] 82%|████████▏ | 6973/8550 [00:00<00:00, 7807.42it/s] 91%|█████████ | 7760/8550 [00:01<00:00, 7825.91it/s]100%|█████████▉| 8545/8550 [00:01<00:00, 7831.15it/s]100%|██████████| 8550/8550 [00:01<00:00, 7759.93it/s]

Size Analysis:
--------------
Total raw size: 1.91 GB
Estimated compressed size: 978.57 MB
Overhead: 1.50 KB

Size per array:
X: 1.91 GB
y: 200.39 KB
Generate /home/kka151/scratch/holmes/datasets/Tik_Tok_30/aug_valid.npz done.
finished data augmentation script for valid
starting gen taf script for aug_train
  0%|          | 0/230850 [00:00<?, ?it/s]  0%|          | 0/230850 [00:00<?, ?it/s]
concurrent.futures.process._RemoteTraceback: 
"""
Traceback (most recent call last):
  File "/cvmfs/soft.computecanada.ca/easybuild/software/2023/x86-64-v3/Compiler/gcccore/python/3.11.5/lib/python3.11/concurrent/futures/process.py", line 256, in _process_worker
    r = call_item.fn(*call_item.args, **call_item.kwargs)
        ^^^^^^^^^^^^^^^^^^^^^^^^^^^^^^^^^^^^^^^^^^^^^^^^^
  File "/lustre06/project/6058534/kka151/Website-Fingerprinting-Library/WFlib/tools/data_processor.py", line 168, in process_TAF
    if len(packets) == 0:
           ^^^^^^^
UnboundLocalError: cannot access local variable 'packets' where it is not associated with a value
"""

The above exception was the direct cause of the following exception:

Traceback (most recent call last):
  File "<frozen runpy>", line 198, in _run_module_as_main
  File "<frozen runpy>", line 88, in _run_code
  File "/lustre06/project/6058534/kka151/Website-Fingerprinting-Library/exp/dataset_process/gen_taf.py", line 55, in <module>
    X_taf = data_processor.extract_TAF(X_taf)
            ^^^^^^^^^^^^^^^^^^^^^^^^^^^^^^^^^
  File "/lustre06/project/6058534/kka151/Website-Fingerprinting-Library/WFlib/tools/data_processor.py", line 211, in extract_TAF
    index, result = future.result()
                    ^^^^^^^^^^^^^^^
  File "/cvmfs/soft.computecanada.ca/easybuild/software/2023/x86-64-v3/Compiler/gcccore/python/3.11.5/lib/python3.11/concurrent/futures/_base.py", line 449, in result
    return self.__get_result()
           ^^^^^^^^^^^^^^^^^^^
  File "/cvmfs/soft.computecanada.ca/easybuild/software/2023/x86-64-v3/Compiler/gcccore/python/3.11.5/lib/python3.11/concurrent/futures/_base.py", line 401, in __get_result
    raise self._exception
UnboundLocalError: cannot access local variable 'packets' where it is not associated with a value
starting gen taf script for aug_valid
  0%|          | 0/25650 [00:00<?, ?it/s]  0%|          | 0/25650 [00:00<?, ?it/s]
concurrent.futures.process._RemoteTraceback: 
"""
Traceback (most recent call last):
  File "/cvmfs/soft.computecanada.ca/easybuild/software/2023/x86-64-v3/Compiler/gcccore/python/3.11.5/lib/python3.11/concurrent/futures/process.py", line 256, in _process_worker
    r = call_item.fn(*call_item.args, **call_item.kwargs)
        ^^^^^^^^^^^^^^^^^^^^^^^^^^^^^^^^^^^^^^^^^^^^^^^^^
  File "/lustre06/project/6058534/kka151/Website-Fingerprinting-Library/WFlib/tools/data_processor.py", line 168, in process_TAF
    if len(packets) == 0:
           ^^^^^^^
UnboundLocalError: cannot access local variable 'packets' where it is not associated with a value
"""

The above exception was the direct cause of the following exception:

Traceback (most recent call last):
  File "<frozen runpy>", line 198, in _run_module_as_main
  File "<frozen runpy>", line 88, in _run_code
  File "/lustre06/project/6058534/kka151/Website-Fingerprinting-Library/exp/dataset_process/gen_taf.py", line 55, in <module>
    X_taf = data_processor.extract_TAF(X_taf)
            ^^^^^^^^^^^^^^^^^^^^^^^^^^^^^^^^^
  File "/lustre06/project/6058534/kka151/Website-Fingerprinting-Library/WFlib/tools/data_processor.py", line 211, in extract_TAF
    index, result = future.result()
                    ^^^^^^^^^^^^^^^
  File "/cvmfs/soft.computecanada.ca/easybuild/software/2023/x86-64-v3/Compiler/gcccore/python/3.11.5/lib/python3.11/concurrent/futures/_base.py", line 449, in result
    return self.__get_result()
           ^^^^^^^^^^^^^^^^^^^
  File "/cvmfs/soft.computecanada.ca/easybuild/software/2023/x86-64-v3/Compiler/gcccore/python/3.11.5/lib/python3.11/concurrent/futures/_base.py", line 401, in __get_result
    raise self._exception
UnboundLocalError: cannot access local variable 'packets' where it is not associated with a value
starting gen taf script for test
  0%|          | 0/9500 [00:00<?, ?it/s]  0%|          | 0/9500 [00:00<?, ?it/s]
concurrent.futures.process._RemoteTraceback: 
"""
Traceback (most recent call last):
  File "/cvmfs/soft.computecanada.ca/easybuild/software/2023/x86-64-v3/Compiler/gcccore/python/3.11.5/lib/python3.11/concurrent/futures/process.py", line 256, in _process_worker
    r = call_item.fn(*call_item.args, **call_item.kwargs)
        ^^^^^^^^^^^^^^^^^^^^^^^^^^^^^^^^^^^^^^^^^^^^^^^^^
  File "/lustre06/project/6058534/kka151/Website-Fingerprinting-Library/WFlib/tools/data_processor.py", line 168, in process_TAF
    if len(packets) == 0:
           ^^^^^^^
UnboundLocalError: cannot access local variable 'packets' where it is not associated with a value
"""

The above exception was the direct cause of the following exception:

Traceback (most recent call last):
  File "<frozen runpy>", line 198, in _run_module_as_main
  File "<frozen runpy>", line 88, in _run_code
  File "/lustre06/project/6058534/kka151/Website-Fingerprinting-Library/exp/dataset_process/gen_taf.py", line 55, in <module>
    X_taf = data_processor.extract_TAF(X_taf)
            ^^^^^^^^^^^^^^^^^^^^^^^^^^^^^^^^^
  File "/lustre06/project/6058534/kka151/Website-Fingerprinting-Library/WFlib/tools/data_processor.py", line 211, in extract_TAF
    index, result = future.result()
                    ^^^^^^^^^^^^^^^
  File "/cvmfs/soft.computecanada.ca/easybuild/software/2023/x86-64-v3/Compiler/gcccore/python/3.11.5/lib/python3.11/concurrent/futures/_base.py", line 449, in result
    return self.__get_result()
           ^^^^^^^^^^^^^^^^^^^
  File "/cvmfs/soft.computecanada.ca/easybuild/software/2023/x86-64-v3/Compiler/gcccore/python/3.11.5/lib/python3.11/concurrent/futures/_base.py", line 401, in __get_result
    raise self._exception
UnboundLocalError: cannot access local variable 'packets' where it is not associated with a value
/home/kka151/venvs/python_11_5/lib/python3.11/site-packages/timm/models/layers/__init__.py:48: FutureWarning: Importing from timm.models.layers is deprecated, please import via timm.layers
  warnings.warn(f"Importing from {__name__} is deprecated, please import via timm.layers", FutureWarning)
Traceback (most recent call last):
  File "<frozen runpy>", line 198, in _run_module_as_main
  File "<frozen runpy>", line 88, in _run_code
  File "/lustre06/project/6058534/kka151/Website-Fingerprinting-Library/exp/train.py", line 77, in <module>
    train_X, train_y = data_processor.load_data(os.path.join(in_path, f"{args.train_file}.npz"), args.feature, args.seq_len, args.num_tabs)
                       ^^^^^^^^^^^^^^^^^^^^^^^^^^^^^^^^^^^^^^^^^^^^^^^^^^^^^^^^^^^^^^^^^^^^^^^^^^^^^^^^^^^^^^^^^^^^^^^^^^^^^^^^^^^^^^^^^^^^
  File "/lustre06/project/6058534/kka151/Website-Fingerprinting-Library/WFlib/tools/data_processor.py", line 37, in load_data
    data = np.load(data_path)
           ^^^^^^^^^^^^^^^^^^
  File "/cvmfs/soft.computecanada.ca/easybuild/software/2023/x86-64-v3/Compiler/gcccore/scipy-stack/2024a/lib/python3.11/site-packages/numpy/lib/npyio.py", line 427, in load
    fid = stack.enter_context(open(os_fspath(file), "rb"))
                              ^^^^^^^^^^^^^^^^^^^^^^^^^^^
FileNotFoundError: [Errno 2] No such file or directory: '/home/kka151/scratch/holmes/datasets/Tik_Tok_30/taf_aug_train.npz'
/home/kka151/venvs/python_11_5/lib/python3.11/site-packages/timm/models/layers/__init__.py:48: FutureWarning: Importing from timm.models.layers is deprecated, please import via timm.layers
  warnings.warn(f"Importing from {__name__} is deprecated, please import via timm.layers", FutureWarning)
Traceback (most recent call last):
  File "<frozen runpy>", line 198, in _run_module_as_main
  File "<frozen runpy>", line 88, in _run_code
  File "/lustre06/project/6058534/kka151/Website-Fingerprinting-Library/exp/data_analysis/spatial_analysis.py", line 65, in <module>
    valid_X, valid_y = data_processor.load_data(os.path.join(in_path, f"{args.valid_file}.npz"), args.feature, args.seq_len)
                       ^^^^^^^^^^^^^^^^^^^^^^^^^^^^^^^^^^^^^^^^^^^^^^^^^^^^^^^^^^^^^^^^^^^^^^^^^^^^^^^^^^^^^^^^^^^^^^^^^^^^^
  File "/lustre06/project/6058534/kka151/Website-Fingerprinting-Library/WFlib/tools/data_processor.py", line 37, in load_data
    data = np.load(data_path)
           ^^^^^^^^^^^^^^^^^^
  File "/cvmfs/soft.computecanada.ca/easybuild/software/2023/x86-64-v3/Compiler/gcccore/scipy-stack/2024a/lib/python3.11/site-packages/numpy/lib/npyio.py", line 427, in load
    fid = stack.enter_context(open(os_fspath(file), "rb"))
                              ^^^^^^^^^^^^^^^^^^^^^^^^^^^
FileNotFoundError: [Errno 2] No such file or directory: '/home/kka151/scratch/holmes/datasets/Tik_Tok_30/taf_aug_valid.npz'
Traceback (most recent call last):
  File "<frozen runpy>", line 198, in _run_module_as_main
  File "<frozen runpy>", line 88, in _run_code
  File "/lustre06/project/6058534/kka151/Website-Fingerprinting-Library/exp/dataset_process/gen_taf.py", line 46, in <module>
    data = np.load(os.path.join(in_path, f"{args.in_file}.npz"))
           ^^^^^^^^^^^^^^^^^^^^^^^^^^^^^^^^^^^^^^^^^^^^^^^^^^^^^
  File "/cvmfs/soft.computecanada.ca/easybuild/software/2023/x86-64-v3/Compiler/gcccore/scipy-stack/2024a/lib/python3.11/site-packages/numpy/lib/npyio.py", line 427, in load
    fid = stack.enter_context(open(os_fspath(file), "rb"))
                              ^^^^^^^^^^^^^^^^^^^^^^^^^^^
FileNotFoundError: [Errno 2] No such file or directory: '/home/kka151/scratch/holmes/datasets/Tik_Tok_30/test_p20.npz'
starting gen taf script for test_p20
/home/kka151/venvs/python_11_5/lib/python3.11/site-packages/timm/models/layers/__init__.py:48: FutureWarning: Importing from timm.models.layers is deprecated, please import via timm.layers
  warnings.warn(f"Importing from {__name__} is deprecated, please import via timm.layers", FutureWarning)
Traceback (most recent call last):
  File "<frozen runpy>", line 198, in _run_module_as_main
  File "<frozen runpy>", line 88, in _run_code
  File "/lustre06/project/6058534/kka151/Website-Fingerprinting-Library/exp/test.py", line 75, in <module>
    valid_X, valid_y = data_processor.load_data(os.path.join(in_path, f"{args.valid_file}.npz"), args.feature, args.seq_len, args.num_tabs)
                       ^^^^^^^^^^^^^^^^^^^^^^^^^^^^^^^^^^^^^^^^^^^^^^^^^^^^^^^^^^^^^^^^^^^^^^^^^^^^^^^^^^^^^^^^^^^^^^^^^^^^^^^^^^^^^^^^^^^^
  File "/lustre06/project/6058534/kka151/Website-Fingerprinting-Library/WFlib/tools/data_processor.py", line 37, in load_data
    data = np.load(data_path)
           ^^^^^^^^^^^^^^^^^^
  File "/cvmfs/soft.computecanada.ca/easybuild/software/2023/x86-64-v3/Compiler/gcccore/scipy-stack/2024a/lib/python3.11/site-packages/numpy/lib/npyio.py", line 427, in load
    fid = stack.enter_context(open(os_fspath(file), "rb"))
                              ^^^^^^^^^^^^^^^^^^^^^^^^^^^
FileNotFoundError: [Errno 2] No such file or directory: '/home/kka151/scratch/holmes/datasets/Tik_Tok_30/taf_aug_valid.npz'
loading test file:  /home/kka151/scratch/holmes/datasets/Tik_Tok_30/taf_test_p20.npz
Traceback (most recent call last):
  File "<frozen runpy>", line 198, in _run_module_as_main
  File "<frozen runpy>", line 88, in _run_code
  File "/lustre06/project/6058534/kka151/Website-Fingerprinting-Library/exp/dataset_process/gen_taf.py", line 46, in <module>
    data = np.load(os.path.join(in_path, f"{args.in_file}.npz"))
           ^^^^^^^^^^^^^^^^^^^^^^^^^^^^^^^^^^^^^^^^^^^^^^^^^^^^^
  File "/cvmfs/soft.computecanada.ca/easybuild/software/2023/x86-64-v3/Compiler/gcccore/scipy-stack/2024a/lib/python3.11/site-packages/numpy/lib/npyio.py", line 427, in load
    fid = stack.enter_context(open(os_fspath(file), "rb"))
                              ^^^^^^^^^^^^^^^^^^^^^^^^^^^
FileNotFoundError: [Errno 2] No such file or directory: '/home/kka151/scratch/holmes/datasets/Tik_Tok_30/test_p30.npz'
starting gen taf script for test_p30
/home/kka151/venvs/python_11_5/lib/python3.11/site-packages/timm/models/layers/__init__.py:48: FutureWarning: Importing from timm.models.layers is deprecated, please import via timm.layers
  warnings.warn(f"Importing from {__name__} is deprecated, please import via timm.layers", FutureWarning)
Traceback (most recent call last):
  File "<frozen runpy>", line 198, in _run_module_as_main
  File "<frozen runpy>", line 88, in _run_code
  File "/lustre06/project/6058534/kka151/Website-Fingerprinting-Library/exp/test.py", line 75, in <module>
    valid_X, valid_y = data_processor.load_data(os.path.join(in_path, f"{args.valid_file}.npz"), args.feature, args.seq_len, args.num_tabs)
                       ^^^^^^^^^^^^^^^^^^^^^^^^^^^^^^^^^^^^^^^^^^^^^^^^^^^^^^^^^^^^^^^^^^^^^^^^^^^^^^^^^^^^^^^^^^^^^^^^^^^^^^^^^^^^^^^^^^^^
  File "/lustre06/project/6058534/kka151/Website-Fingerprinting-Library/WFlib/tools/data_processor.py", line 37, in load_data
    data = np.load(data_path)
           ^^^^^^^^^^^^^^^^^^
  File "/cvmfs/soft.computecanada.ca/easybuild/software/2023/x86-64-v3/Compiler/gcccore/scipy-stack/2024a/lib/python3.11/site-packages/numpy/lib/npyio.py", line 427, in load
    fid = stack.enter_context(open(os_fspath(file), "rb"))
                              ^^^^^^^^^^^^^^^^^^^^^^^^^^^
FileNotFoundError: [Errno 2] No such file or directory: '/home/kka151/scratch/holmes/datasets/Tik_Tok_30/taf_aug_valid.npz'
loading test file:  /home/kka151/scratch/holmes/datasets/Tik_Tok_30/taf_test_p30.npz
Traceback (most recent call last):
  File "<frozen runpy>", line 198, in _run_module_as_main
  File "<frozen runpy>", line 88, in _run_code
  File "/lustre06/project/6058534/kka151/Website-Fingerprinting-Library/exp/dataset_process/gen_taf.py", line 46, in <module>
    data = np.load(os.path.join(in_path, f"{args.in_file}.npz"))
           ^^^^^^^^^^^^^^^^^^^^^^^^^^^^^^^^^^^^^^^^^^^^^^^^^^^^^
  File "/cvmfs/soft.computecanada.ca/easybuild/software/2023/x86-64-v3/Compiler/gcccore/scipy-stack/2024a/lib/python3.11/site-packages/numpy/lib/npyio.py", line 427, in load
    fid = stack.enter_context(open(os_fspath(file), "rb"))
                              ^^^^^^^^^^^^^^^^^^^^^^^^^^^
FileNotFoundError: [Errno 2] No such file or directory: '/home/kka151/scratch/holmes/datasets/Tik_Tok_30/test_p40.npz'
starting gen taf script for test_p40
/home/kka151/venvs/python_11_5/lib/python3.11/site-packages/timm/models/layers/__init__.py:48: FutureWarning: Importing from timm.models.layers is deprecated, please import via timm.layers
  warnings.warn(f"Importing from {__name__} is deprecated, please import via timm.layers", FutureWarning)
Traceback (most recent call last):
  File "<frozen runpy>", line 198, in _run_module_as_main
  File "<frozen runpy>", line 88, in _run_code
  File "/lustre06/project/6058534/kka151/Website-Fingerprinting-Library/exp/test.py", line 75, in <module>
    valid_X, valid_y = data_processor.load_data(os.path.join(in_path, f"{args.valid_file}.npz"), args.feature, args.seq_len, args.num_tabs)
                       ^^^^^^^^^^^^^^^^^^^^^^^^^^^^^^^^^^^^^^^^^^^^^^^^^^^^^^^^^^^^^^^^^^^^^^^^^^^^^^^^^^^^^^^^^^^^^^^^^^^^^^^^^^^^^^^^^^^^
  File "/lustre06/project/6058534/kka151/Website-Fingerprinting-Library/WFlib/tools/data_processor.py", line 37, in load_data
    data = np.load(data_path)
           ^^^^^^^^^^^^^^^^^^
  File "/cvmfs/soft.computecanada.ca/easybuild/software/2023/x86-64-v3/Compiler/gcccore/scipy-stack/2024a/lib/python3.11/site-packages/numpy/lib/npyio.py", line 427, in load
    fid = stack.enter_context(open(os_fspath(file), "rb"))
                              ^^^^^^^^^^^^^^^^^^^^^^^^^^^
FileNotFoundError: [Errno 2] No such file or directory: '/home/kka151/scratch/holmes/datasets/Tik_Tok_30/taf_aug_valid.npz'
loading test file:  /home/kka151/scratch/holmes/datasets/Tik_Tok_30/taf_test_p40.npz
Traceback (most recent call last):
  File "<frozen runpy>", line 198, in _run_module_as_main
  File "<frozen runpy>", line 88, in _run_code
  File "/lustre06/project/6058534/kka151/Website-Fingerprinting-Library/exp/dataset_process/gen_taf.py", line 46, in <module>
    data = np.load(os.path.join(in_path, f"{args.in_file}.npz"))
           ^^^^^^^^^^^^^^^^^^^^^^^^^^^^^^^^^^^^^^^^^^^^^^^^^^^^^
  File "/cvmfs/soft.computecanada.ca/easybuild/software/2023/x86-64-v3/Compiler/gcccore/scipy-stack/2024a/lib/python3.11/site-packages/numpy/lib/npyio.py", line 427, in load
    fid = stack.enter_context(open(os_fspath(file), "rb"))
                              ^^^^^^^^^^^^^^^^^^^^^^^^^^^
FileNotFoundError: [Errno 2] No such file or directory: '/home/kka151/scratch/holmes/datasets/Tik_Tok_30/test_p50.npz'
starting gen taf script for test_p50
/home/kka151/venvs/python_11_5/lib/python3.11/site-packages/timm/models/layers/__init__.py:48: FutureWarning: Importing from timm.models.layers is deprecated, please import via timm.layers
  warnings.warn(f"Importing from {__name__} is deprecated, please import via timm.layers", FutureWarning)
Traceback (most recent call last):
  File "<frozen runpy>", line 198, in _run_module_as_main
  File "<frozen runpy>", line 88, in _run_code
  File "/lustre06/project/6058534/kka151/Website-Fingerprinting-Library/exp/test.py", line 75, in <module>
    valid_X, valid_y = data_processor.load_data(os.path.join(in_path, f"{args.valid_file}.npz"), args.feature, args.seq_len, args.num_tabs)
                       ^^^^^^^^^^^^^^^^^^^^^^^^^^^^^^^^^^^^^^^^^^^^^^^^^^^^^^^^^^^^^^^^^^^^^^^^^^^^^^^^^^^^^^^^^^^^^^^^^^^^^^^^^^^^^^^^^^^^
  File "/lustre06/project/6058534/kka151/Website-Fingerprinting-Library/WFlib/tools/data_processor.py", line 37, in load_data
    data = np.load(data_path)
           ^^^^^^^^^^^^^^^^^^
  File "/cvmfs/soft.computecanada.ca/easybuild/software/2023/x86-64-v3/Compiler/gcccore/scipy-stack/2024a/lib/python3.11/site-packages/numpy/lib/npyio.py", line 427, in load
    fid = stack.enter_context(open(os_fspath(file), "rb"))
                              ^^^^^^^^^^^^^^^^^^^^^^^^^^^
FileNotFoundError: [Errno 2] No such file or directory: '/home/kka151/scratch/holmes/datasets/Tik_Tok_30/taf_aug_valid.npz'
loading test file:  /home/kka151/scratch/holmes/datasets/Tik_Tok_30/taf_test_p50.npz
Traceback (most recent call last):
  File "<frozen runpy>", line 198, in _run_module_as_main
  File "<frozen runpy>", line 88, in _run_code
  File "/lustre06/project/6058534/kka151/Website-Fingerprinting-Library/exp/dataset_process/gen_taf.py", line 46, in <module>
    data = np.load(os.path.join(in_path, f"{args.in_file}.npz"))
           ^^^^^^^^^^^^^^^^^^^^^^^^^^^^^^^^^^^^^^^^^^^^^^^^^^^^^
  File "/cvmfs/soft.computecanada.ca/easybuild/software/2023/x86-64-v3/Compiler/gcccore/scipy-stack/2024a/lib/python3.11/site-packages/numpy/lib/npyio.py", line 427, in load
    fid = stack.enter_context(open(os_fspath(file), "rb"))
                              ^^^^^^^^^^^^^^^^^^^^^^^^^^^
FileNotFoundError: [Errno 2] No such file or directory: '/home/kka151/scratch/holmes/datasets/Tik_Tok_30/test_p60.npz'
starting gen taf script for test_p60
/home/kka151/venvs/python_11_5/lib/python3.11/site-packages/timm/models/layers/__init__.py:48: FutureWarning: Importing from timm.models.layers is deprecated, please import via timm.layers
  warnings.warn(f"Importing from {__name__} is deprecated, please import via timm.layers", FutureWarning)
Traceback (most recent call last):
  File "<frozen runpy>", line 198, in _run_module_as_main
  File "<frozen runpy>", line 88, in _run_code
  File "/lustre06/project/6058534/kka151/Website-Fingerprinting-Library/exp/test.py", line 75, in <module>
    valid_X, valid_y = data_processor.load_data(os.path.join(in_path, f"{args.valid_file}.npz"), args.feature, args.seq_len, args.num_tabs)
                       ^^^^^^^^^^^^^^^^^^^^^^^^^^^^^^^^^^^^^^^^^^^^^^^^^^^^^^^^^^^^^^^^^^^^^^^^^^^^^^^^^^^^^^^^^^^^^^^^^^^^^^^^^^^^^^^^^^^^
  File "/lustre06/project/6058534/kka151/Website-Fingerprinting-Library/WFlib/tools/data_processor.py", line 37, in load_data
    data = np.load(data_path)
           ^^^^^^^^^^^^^^^^^^
  File "/cvmfs/soft.computecanada.ca/easybuild/software/2023/x86-64-v3/Compiler/gcccore/scipy-stack/2024a/lib/python3.11/site-packages/numpy/lib/npyio.py", line 427, in load
    fid = stack.enter_context(open(os_fspath(file), "rb"))
                              ^^^^^^^^^^^^^^^^^^^^^^^^^^^
FileNotFoundError: [Errno 2] No such file or directory: '/home/kka151/scratch/holmes/datasets/Tik_Tok_30/taf_aug_valid.npz'
loading test file:  /home/kka151/scratch/holmes/datasets/Tik_Tok_30/taf_test_p60.npz
Traceback (most recent call last):
  File "<frozen runpy>", line 198, in _run_module_as_main
  File "<frozen runpy>", line 88, in _run_code
  File "/lustre06/project/6058534/kka151/Website-Fingerprinting-Library/exp/dataset_process/gen_taf.py", line 46, in <module>
    data = np.load(os.path.join(in_path, f"{args.in_file}.npz"))
           ^^^^^^^^^^^^^^^^^^^^^^^^^^^^^^^^^^^^^^^^^^^^^^^^^^^^^
  File "/cvmfs/soft.computecanada.ca/easybuild/software/2023/x86-64-v3/Compiler/gcccore/scipy-stack/2024a/lib/python3.11/site-packages/numpy/lib/npyio.py", line 427, in load
    fid = stack.enter_context(open(os_fspath(file), "rb"))
                              ^^^^^^^^^^^^^^^^^^^^^^^^^^^
FileNotFoundError: [Errno 2] No such file or directory: '/home/kka151/scratch/holmes/datasets/Tik_Tok_30/test_p70.npz'
starting gen taf script for test_p70
/home/kka151/venvs/python_11_5/lib/python3.11/site-packages/timm/models/layers/__init__.py:48: FutureWarning: Importing from timm.models.layers is deprecated, please import via timm.layers
  warnings.warn(f"Importing from {__name__} is deprecated, please import via timm.layers", FutureWarning)
Traceback (most recent call last):
  File "<frozen runpy>", line 198, in _run_module_as_main
  File "<frozen runpy>", line 88, in _run_code
  File "/lustre06/project/6058534/kka151/Website-Fingerprinting-Library/exp/test.py", line 75, in <module>
    valid_X, valid_y = data_processor.load_data(os.path.join(in_path, f"{args.valid_file}.npz"), args.feature, args.seq_len, args.num_tabs)
                       ^^^^^^^^^^^^^^^^^^^^^^^^^^^^^^^^^^^^^^^^^^^^^^^^^^^^^^^^^^^^^^^^^^^^^^^^^^^^^^^^^^^^^^^^^^^^^^^^^^^^^^^^^^^^^^^^^^^^
  File "/lustre06/project/6058534/kka151/Website-Fingerprinting-Library/WFlib/tools/data_processor.py", line 37, in load_data
    data = np.load(data_path)
           ^^^^^^^^^^^^^^^^^^
  File "/cvmfs/soft.computecanada.ca/easybuild/software/2023/x86-64-v3/Compiler/gcccore/scipy-stack/2024a/lib/python3.11/site-packages/numpy/lib/npyio.py", line 427, in load
    fid = stack.enter_context(open(os_fspath(file), "rb"))
                              ^^^^^^^^^^^^^^^^^^^^^^^^^^^
FileNotFoundError: [Errno 2] No such file or directory: '/home/kka151/scratch/holmes/datasets/Tik_Tok_30/taf_aug_valid.npz'
loading test file:  /home/kka151/scratch/holmes/datasets/Tik_Tok_30/taf_test_p70.npz
Traceback (most recent call last):
  File "<frozen runpy>", line 198, in _run_module_as_main
  File "<frozen runpy>", line 88, in _run_code
  File "/lustre06/project/6058534/kka151/Website-Fingerprinting-Library/exp/dataset_process/gen_taf.py", line 46, in <module>
    data = np.load(os.path.join(in_path, f"{args.in_file}.npz"))
           ^^^^^^^^^^^^^^^^^^^^^^^^^^^^^^^^^^^^^^^^^^^^^^^^^^^^^
  File "/cvmfs/soft.computecanada.ca/easybuild/software/2023/x86-64-v3/Compiler/gcccore/scipy-stack/2024a/lib/python3.11/site-packages/numpy/lib/npyio.py", line 427, in load
    fid = stack.enter_context(open(os_fspath(file), "rb"))
                              ^^^^^^^^^^^^^^^^^^^^^^^^^^^
FileNotFoundError: [Errno 2] No such file or directory: '/home/kka151/scratch/holmes/datasets/Tik_Tok_30/test_p80.npz'
starting gen taf script for test_p80
/home/kka151/venvs/python_11_5/lib/python3.11/site-packages/timm/models/layers/__init__.py:48: FutureWarning: Importing from timm.models.layers is deprecated, please import via timm.layers
  warnings.warn(f"Importing from {__name__} is deprecated, please import via timm.layers", FutureWarning)
Traceback (most recent call last):
  File "<frozen runpy>", line 198, in _run_module_as_main
  File "<frozen runpy>", line 88, in _run_code
  File "/lustre06/project/6058534/kka151/Website-Fingerprinting-Library/exp/test.py", line 75, in <module>
    valid_X, valid_y = data_processor.load_data(os.path.join(in_path, f"{args.valid_file}.npz"), args.feature, args.seq_len, args.num_tabs)
                       ^^^^^^^^^^^^^^^^^^^^^^^^^^^^^^^^^^^^^^^^^^^^^^^^^^^^^^^^^^^^^^^^^^^^^^^^^^^^^^^^^^^^^^^^^^^^^^^^^^^^^^^^^^^^^^^^^^^^
  File "/lustre06/project/6058534/kka151/Website-Fingerprinting-Library/WFlib/tools/data_processor.py", line 37, in load_data
    data = np.load(data_path)
           ^^^^^^^^^^^^^^^^^^
  File "/cvmfs/soft.computecanada.ca/easybuild/software/2023/x86-64-v3/Compiler/gcccore/scipy-stack/2024a/lib/python3.11/site-packages/numpy/lib/npyio.py", line 427, in load
    fid = stack.enter_context(open(os_fspath(file), "rb"))
                              ^^^^^^^^^^^^^^^^^^^^^^^^^^^
FileNotFoundError: [Errno 2] No such file or directory: '/home/kka151/scratch/holmes/datasets/Tik_Tok_30/taf_aug_valid.npz'
loading test file:  /home/kka151/scratch/holmes/datasets/Tik_Tok_30/taf_test_p80.npz
Traceback (most recent call last):
  File "<frozen runpy>", line 198, in _run_module_as_main
  File "<frozen runpy>", line 88, in _run_code
  File "/lustre06/project/6058534/kka151/Website-Fingerprinting-Library/exp/dataset_process/gen_taf.py", line 46, in <module>
    data = np.load(os.path.join(in_path, f"{args.in_file}.npz"))
           ^^^^^^^^^^^^^^^^^^^^^^^^^^^^^^^^^^^^^^^^^^^^^^^^^^^^^
  File "/cvmfs/soft.computecanada.ca/easybuild/software/2023/x86-64-v3/Compiler/gcccore/scipy-stack/2024a/lib/python3.11/site-packages/numpy/lib/npyio.py", line 427, in load
    fid = stack.enter_context(open(os_fspath(file), "rb"))
                              ^^^^^^^^^^^^^^^^^^^^^^^^^^^
FileNotFoundError: [Errno 2] No such file or directory: '/home/kka151/scratch/holmes/datasets/Tik_Tok_30/test_p90.npz'
starting gen taf script for test_p90
/home/kka151/venvs/python_11_5/lib/python3.11/site-packages/timm/models/layers/__init__.py:48: FutureWarning: Importing from timm.models.layers is deprecated, please import via timm.layers
  warnings.warn(f"Importing from {__name__} is deprecated, please import via timm.layers", FutureWarning)
Traceback (most recent call last):
  File "<frozen runpy>", line 198, in _run_module_as_main
  File "<frozen runpy>", line 88, in _run_code
  File "/lustre06/project/6058534/kka151/Website-Fingerprinting-Library/exp/test.py", line 75, in <module>
    valid_X, valid_y = data_processor.load_data(os.path.join(in_path, f"{args.valid_file}.npz"), args.feature, args.seq_len, args.num_tabs)
                       ^^^^^^^^^^^^^^^^^^^^^^^^^^^^^^^^^^^^^^^^^^^^^^^^^^^^^^^^^^^^^^^^^^^^^^^^^^^^^^^^^^^^^^^^^^^^^^^^^^^^^^^^^^^^^^^^^^^^
  File "/lustre06/project/6058534/kka151/Website-Fingerprinting-Library/WFlib/tools/data_processor.py", line 37, in load_data
    data = np.load(data_path)
           ^^^^^^^^^^^^^^^^^^
  File "/cvmfs/soft.computecanada.ca/easybuild/software/2023/x86-64-v3/Compiler/gcccore/scipy-stack/2024a/lib/python3.11/site-packages/numpy/lib/npyio.py", line 427, in load
    fid = stack.enter_context(open(os_fspath(file), "rb"))
                              ^^^^^^^^^^^^^^^^^^^^^^^^^^^
FileNotFoundError: [Errno 2] No such file or directory: '/home/kka151/scratch/holmes/datasets/Tik_Tok_30/taf_aug_valid.npz'
loading test file:  /home/kka151/scratch/holmes/datasets/Tik_Tok_30/taf_test_p90.npz
Traceback (most recent call last):
  File "<frozen runpy>", line 198, in _run_module_as_main
  File "<frozen runpy>", line 88, in _run_code
  File "/lustre06/project/6058534/kka151/Website-Fingerprinting-Library/exp/dataset_process/gen_taf.py", line 46, in <module>
    data = np.load(os.path.join(in_path, f"{args.in_file}.npz"))
           ^^^^^^^^^^^^^^^^^^^^^^^^^^^^^^^^^^^^^^^^^^^^^^^^^^^^^
  File "/cvmfs/soft.computecanada.ca/easybuild/software/2023/x86-64-v3/Compiler/gcccore/scipy-stack/2024a/lib/python3.11/site-packages/numpy/lib/npyio.py", line 427, in load
    fid = stack.enter_context(open(os_fspath(file), "rb"))
                              ^^^^^^^^^^^^^^^^^^^^^^^^^^^
FileNotFoundError: [Errno 2] No such file or directory: '/home/kka151/scratch/holmes/datasets/Tik_Tok_30/test_p100.npz'
starting gen taf script for test_p100
/home/kka151/venvs/python_11_5/lib/python3.11/site-packages/timm/models/layers/__init__.py:48: FutureWarning: Importing from timm.models.layers is deprecated, please import via timm.layers
  warnings.warn(f"Importing from {__name__} is deprecated, please import via timm.layers", FutureWarning)
Traceback (most recent call last):
  File "<frozen runpy>", line 198, in _run_module_as_main
  File "<frozen runpy>", line 88, in _run_code
  File "/lustre06/project/6058534/kka151/Website-Fingerprinting-Library/exp/test.py", line 75, in <module>
    valid_X, valid_y = data_processor.load_data(os.path.join(in_path, f"{args.valid_file}.npz"), args.feature, args.seq_len, args.num_tabs)
                       ^^^^^^^^^^^^^^^^^^^^^^^^^^^^^^^^^^^^^^^^^^^^^^^^^^^^^^^^^^^^^^^^^^^^^^^^^^^^^^^^^^^^^^^^^^^^^^^^^^^^^^^^^^^^^^^^^^^^
  File "/lustre06/project/6058534/kka151/Website-Fingerprinting-Library/WFlib/tools/data_processor.py", line 37, in load_data
    data = np.load(data_path)
           ^^^^^^^^^^^^^^^^^^
  File "/cvmfs/soft.computecanada.ca/easybuild/software/2023/x86-64-v3/Compiler/gcccore/scipy-stack/2024a/lib/python3.11/site-packages/numpy/lib/npyio.py", line 427, in load
    fid = stack.enter_context(open(os_fspath(file), "rb"))
                              ^^^^^^^^^^^^^^^^^^^^^^^^^^^
FileNotFoundError: [Errno 2] No such file or directory: '/home/kka151/scratch/holmes/datasets/Tik_Tok_30/taf_aug_valid.npz'
loading test file:  /home/kka151/scratch/holmes/datasets/Tik_Tok_30/taf_test_p100.npz
